2002.07.10 13:22 B I:\sindre\stryn\thumbnails\asmund.jpg --> ftp.powertech.no /home/s/si/sindreob/public_html/pics/stryn/thumbnails asmund.jpg
2002.07.10 13:23 B I:\sindre\stryn\thumbnails\asmund_pub.jpg --> ftp.powertech.no /home/s/si/sindreob/public_html/pics/stryn/thumbnails asmund_pub.jpg
2002.07.10 13:23 B I:\sindre\stryn\thumbnails\asmund_slov.jpg --> ftp.powertech.no /home/s/si/sindreob/public_html/pics/stryn/thumbnails asmund_slov.jpg
2002.07.10 13:23 B I:\sindre\stryn\thumbnails\bil.jpg --> ftp.powertech.no /home/s/si/sindreob/public_html/pics/stryn/thumbnails bil.jpg
2002.07.10 13:23 B I:\sindre\stryn\thumbnails\duster_vann.jpg --> ftp.powertech.no /home/s/si/sindreob/public_html/pics/stryn/thumbnails duster_vann.jpg
2002.07.10 13:23 B I:\sindre\stryn\thumbnails\felix_lars_hilde.jpg --> ftp.powertech.no /home/s/si/sindreob/public_html/pics/stryn/thumbnails felix_lars_hilde.jpg
2002.07.10 13:23 B I:\sindre\stryn\thumbnails\grill1.jpg --> ftp.powertech.no /home/s/si/sindreob/public_html/pics/stryn/thumbnails grill1.jpg
2002.07.10 13:23 B I:\sindre\stryn\thumbnails\grill2.jpg --> ftp.powertech.no /home/s/si/sindreob/public_html/pics/stryn/thumbnails grill2.jpg
2002.07.10 13:23 B I:\sindre\stryn\thumbnails\grill3.jpg --> ftp.powertech.no /home/s/si/sindreob/public_html/pics/stryn/thumbnails grill3.jpg
2002.07.10 13:23 B I:\sindre\stryn\thumbnails\grill4.jpg --> ftp.powertech.no /home/s/si/sindreob/public_html/pics/stryn/thumbnails grill4.jpg
2002.07.10 13:23 B I:\sindre\stryn\thumbnails\guri.jpg --> ftp.powertech.no /home/s/si/sindreob/public_html/pics/stryn/thumbnails guri.jpg
2002.07.10 13:23 B I:\sindre\stryn\thumbnails\ja_alko2.jpg --> ftp.powertech.no /home/s/si/sindreob/public_html/pics/stryn/thumbnails ja_alko2.jpg
2002.07.10 13:23 B I:\sindre\stryn\thumbnails\jw_4pils.jpg --> ftp.powertech.no /home/s/si/sindreob/public_html/pics/stryn/thumbnails jw_4pils.jpg
2002.07.10 13:23 B I:\sindre\stryn\thumbnails\jw_alko.jpg --> ftp.powertech.no /home/s/si/sindreob/public_html/pics/stryn/thumbnails jw_alko.jpg
2002.07.10 13:23 B I:\sindre\stryn\thumbnails\jw_stener_topp.jpg --> ftp.powertech.no /home/s/si/sindreob/public_html/pics/stryn/thumbnails jw_stener_topp.jpg
2002.07.10 13:23 B I:\sindre\stryn\thumbnails\jw_stener_yoh1.jpg --> ftp.powertech.no /home/s/si/sindreob/public_html/pics/stryn/thumbnails jw_stener_yoh1.jpg
2002.07.10 13:23 B I:\sindre\stryn\thumbnails\jw_stener_yoh2.jpg --> ftp.powertech.no /home/s/si/sindreob/public_html/pics/stryn/thumbnails jw_stener_yoh2.jpg
2002.07.10 13:23 B I:\sindre\stryn\thumbnails\jw_topp.jpg --> ftp.powertech.no /home/s/si/sindreob/public_html/pics/stryn/thumbnails jw_topp.jpg
2002.07.10 13:23 B I:\sindre\stryn\thumbnails\kake1.jpg --> ftp.powertech.no /home/s/si/sindreob/public_html/pics/stryn/thumbnails kake1.jpg
2002.07.10 13:23 B I:\sindre\stryn\thumbnails\kake2.jpg --> ftp.powertech.no /home/s/si/sindreob/public_html/pics/stryn/thumbnails kake2.jpg
2002.07.10 13:23 B I:\sindre\stryn\thumbnails\ladies_oppdal.jpg --> ftp.powertech.no /home/s/si/sindreob/public_html/pics/stryn/thumbnails ladies_oppdal.jpg
2002.07.10 13:23 B I:\sindre\stryn\thumbnails\ladies_oslo.jpg --> ftp.powertech.no /home/s/si/sindreob/public_html/pics/stryn/thumbnails ladies_oslo.jpg
2002.07.10 13:24 B I:\sindre\stryn\thumbnails\lars_telt.jpg --> ftp.powertech.no /home/s/si/sindreob/public_html/pics/stryn/thumbnails lars_telt.jpg
2002.07.10 13:24 B I:\sindre\stryn\thumbnails\pakk.jpg --> ftp.powertech.no /home/s/si/sindreob/public_html/pics/stryn/thumbnails pakk.jpg
2002.07.10 13:24 B I:\sindre\stryn\thumbnails\pub1.jpg --> ftp.powertech.no /home/s/si/sindreob/public_html/pics/stryn/thumbnails pub1.jpg
2002.07.10 13:24 B I:\sindre\stryn\thumbnails\pub2.jpg --> ftp.powertech.no /home/s/si/sindreob/public_html/pics/stryn/thumbnails pub2.jpg
2002.07.10 13:24 B I:\sindre\stryn\thumbnails\pub_folk.jpg --> ftp.powertech.no /home/s/si/sindreob/public_html/pics/stryn/thumbnails pub_folk.jpg
2002.07.10 13:24 B I:\sindre\stryn\thumbnails\stener_alko.jpg --> ftp.powertech.no /home/s/si/sindreob/public_html/pics/stryn/thumbnails stener_alko.jpg
2002.07.10 13:24 B I:\sindre\stryn\thumbnails\stener_topp1.jpg --> ftp.powertech.no /home/s/si/sindreob/public_html/pics/stryn/thumbnails stener_topp1.jpg
2002.07.10 13:24 B I:\sindre\stryn\thumbnails\stener_topp2.jpg --> ftp.powertech.no /home/s/si/sindreob/public_html/pics/stryn/thumbnails stener_topp2.jpg
2002.07.10 13:24 B I:\sindre\stryn\thumbnails\utdrikk_vann.jpg --> ftp.powertech.no /home/s/si/sindreob/public_html/pics/stryn/thumbnails utdrikk_vann.jpg
2002.07.10 13:24 B I:\sindre\stryn\thumbnails\utdrikk_vann2.jpg --> ftp.powertech.no /home/s/si/sindreob/public_html/pics/stryn/thumbnails utdrikk_vann2.jpg
2002.07.10 14:24 B I:\sindre\stryn\thumbnails\asmund.jpg --> ftp.stud.ntnu.no /usr/local/www.studorg/telemark/bilder/stryn/thumbnails asmund.jpg
2002.07.10 14:24 B I:\sindre\stryn\thumbnails\asmund_pub.jpg --> ftp.stud.ntnu.no /usr/local/www.studorg/telemark/bilder/stryn/thumbnails asmund_pub.jpg
2002.07.10 14:24 B I:\sindre\stryn\thumbnails\asmund_slov.jpg --> ftp.stud.ntnu.no /usr/local/www.studorg/telemark/bilder/stryn/thumbnails asmund_slov.jpg
2002.07.10 14:24 B I:\sindre\stryn\thumbnails\bil.jpg --> ftp.stud.ntnu.no /usr/local/www.studorg/telemark/bilder/stryn/thumbnails bil.jpg
2002.07.10 14:24 B I:\sindre\stryn\thumbnails\duster_vann.jpg --> ftp.stud.ntnu.no /usr/local/www.studorg/telemark/bilder/stryn/thumbnails duster_vann.jpg
2002.07.10 14:24 B I:\sindre\stryn\thumbnails\felix_lars_hilde.jpg --> ftp.stud.ntnu.no /usr/local/www.studorg/telemark/bilder/stryn/thumbnails felix_lars_hilde.jpg
2002.07.10 14:24 B I:\sindre\stryn\thumbnails\grill1.jpg --> ftp.stud.ntnu.no /usr/local/www.studorg/telemark/bilder/stryn/thumbnails grill1.jpg
2002.07.10 14:24 B I:\sindre\stryn\thumbnails\grill2.jpg --> ftp.stud.ntnu.no /usr/local/www.studorg/telemark/bilder/stryn/thumbnails grill2.jpg
2002.07.10 14:24 B I:\sindre\stryn\thumbnails\grill3.jpg --> ftp.stud.ntnu.no /usr/local/www.studorg/telemark/bilder/stryn/thumbnails grill3.jpg
2002.07.10 14:24 B I:\sindre\stryn\thumbnails\grill4.jpg --> ftp.stud.ntnu.no /usr/local/www.studorg/telemark/bilder/stryn/thumbnails grill4.jpg
2002.07.10 14:25 B I:\sindre\stryn\thumbnails\guri.jpg --> ftp.stud.ntnu.no /usr/local/www.studorg/telemark/bilder/stryn/thumbnails guri.jpg
2002.07.10 14:25 B I:\sindre\stryn\thumbnails\ja_alko2.jpg --> ftp.stud.ntnu.no /usr/local/www.studorg/telemark/bilder/stryn/thumbnails ja_alko2.jpg
2002.07.10 14:25 B I:\sindre\stryn\thumbnails\jw_4pils.jpg --> ftp.stud.ntnu.no /usr/local/www.studorg/telemark/bilder/stryn/thumbnails jw_4pils.jpg
2002.07.10 14:25 B I:\sindre\stryn\thumbnails\jw_alko.jpg --> ftp.stud.ntnu.no /usr/local/www.studorg/telemark/bilder/stryn/thumbnails jw_alko.jpg
2002.07.10 14:25 B I:\sindre\stryn\thumbnails\jw_stener_topp.jpg --> ftp.stud.ntnu.no /usr/local/www.studorg/telemark/bilder/stryn/thumbnails jw_stener_topp.jpg
2002.07.10 14:25 B I:\sindre\stryn\thumbnails\jw_stener_yoh1.jpg --> ftp.stud.ntnu.no /usr/local/www.studorg/telemark/bilder/stryn/thumbnails jw_stener_yoh1.jpg
2002.07.10 14:25 B I:\sindre\stryn\thumbnails\jw_stener_yoh2.jpg --> ftp.stud.ntnu.no /usr/local/www.studorg/telemark/bilder/stryn/thumbnails jw_stener_yoh2.jpg
2002.07.10 14:25 B I:\sindre\stryn\thumbnails\jw_topp.jpg --> ftp.stud.ntnu.no /usr/local/www.studorg/telemark/bilder/stryn/thumbnails jw_topp.jpg
2002.07.10 14:25 B I:\sindre\stryn\thumbnails\kake1.jpg --> ftp.stud.ntnu.no /usr/local/www.studorg/telemark/bilder/stryn/thumbnails kake1.jpg
2002.07.10 14:25 B I:\sindre\stryn\thumbnails\kake2.jpg --> ftp.stud.ntnu.no /usr/local/www.studorg/telemark/bilder/stryn/thumbnails kake2.jpg
2002.07.10 14:25 B I:\sindre\stryn\thumbnails\ladies_oppdal.jpg --> ftp.stud.ntnu.no /usr/local/www.studorg/telemark/bilder/stryn/thumbnails ladies_oppdal.jpg
2002.07.10 14:25 B I:\sindre\stryn\thumbnails\ladies_oslo.jpg --> ftp.stud.ntnu.no /usr/local/www.studorg/telemark/bilder/stryn/thumbnails ladies_oslo.jpg
2002.07.10 14:25 B I:\sindre\stryn\thumbnails\lars_telt.jpg --> ftp.stud.ntnu.no /usr/local/www.studorg/telemark/bilder/stryn/thumbnails lars_telt.jpg
2002.07.10 14:25 B I:\sindre\stryn\thumbnails\pakk.jpg --> ftp.stud.ntnu.no /usr/local/www.studorg/telemark/bilder/stryn/thumbnails pakk.jpg
2002.07.10 14:25 B I:\sindre\stryn\thumbnails\pub1.jpg --> ftp.stud.ntnu.no /usr/local/www.studorg/telemark/bilder/stryn/thumbnails pub1.jpg
2002.07.10 14:25 B I:\sindre\stryn\thumbnails\pub2.jpg --> ftp.stud.ntnu.no /usr/local/www.studorg/telemark/bilder/stryn/thumbnails pub2.jpg
2002.07.10 14:25 B I:\sindre\stryn\thumbnails\pub_folk.jpg --> ftp.stud.ntnu.no /usr/local/www.studorg/telemark/bilder/stryn/thumbnails pub_folk.jpg
2002.07.10 14:25 B I:\sindre\stryn\thumbnails\stener_alko.jpg --> ftp.stud.ntnu.no /usr/local/www.studorg/telemark/bilder/stryn/thumbnails stener_alko.jpg
2002.07.10 14:25 B I:\sindre\stryn\thumbnails\stener_topp1.jpg --> ftp.stud.ntnu.no /usr/local/www.studorg/telemark/bilder/stryn/thumbnails stener_topp1.jpg
2002.07.10 14:25 B I:\sindre\stryn\thumbnails\stener_topp2.jpg --> ftp.stud.ntnu.no /usr/local/www.studorg/telemark/bilder/stryn/thumbnails stener_topp2.jpg
2002.07.10 14:25 B I:\sindre\stryn\thumbnails\utdrikk_vann.jpg --> ftp.stud.ntnu.no /usr/local/www.studorg/telemark/bilder/stryn/thumbnails utdrikk_vann.jpg
2002.07.10 14:25 B I:\sindre\stryn\thumbnails\utdrikk_vann2.jpg --> ftp.stud.ntnu.no /usr/local/www.studorg/telemark/bilder/stryn/thumbnails utdrikk_vann2.jpg
