2002.07.10 13:31 B I:\sindre\sunAlps\pages\a_start.htm --> ftp.powertech.no /home/s/si/sindreob/public_html/pics/sunAlps/pages a_start.htm
2002.07.10 13:31 B I:\sindre\sunAlps\pages\b_simon_goingup.htm --> ftp.powertech.no /home/s/si/sindreob/public_html/pics/sunAlps/pages b_simon_goingup.htm
2002.07.10 13:31 B I:\sindre\sunAlps\pages\c_jw_goingup.htm --> ftp.powertech.no /home/s/si/sindreob/public_html/pics/sunAlps/pages c_jw_goingup.htm
2002.07.10 13:32 B I:\sindre\sunAlps\pages\d_crack_simon.htm --> ftp.powertech.no /home/s/si/sindreob/public_html/pics/sunAlps/pages d_crack_simon.htm
2002.07.10 13:32 B I:\sindre\sunAlps\pages\e_brekketind.htm --> ftp.powertech.no /home/s/si/sindreob/public_html/pics/sunAlps/pages e_brekketind.htm
2002.07.10 13:32 B I:\sindre\sunAlps\pages\f_jw_brekketind.htm --> ftp.powertech.no /home/s/si/sindreob/public_html/pics/sunAlps/pages f_jw_brekketind.htm
2002.07.10 13:32 B I:\sindre\sunAlps\pages\g_jw_stener_brekketind.htm --> ftp.powertech.no /home/s/si/sindreob/public_html/pics/sunAlps/pages g_jw_stener_brekketind.htm
2002.07.10 13:32 B I:\sindre\sunAlps\pages\h_eggen_brekketind.htm --> ftp.powertech.no /home/s/si/sindreob/public_html/pics/sunAlps/pages h_eggen_brekketind.htm
2002.07.10 13:32 B I:\sindre\sunAlps\pages\i_mot_toppen_brekketind.htm --> ftp.powertech.no /home/s/si/sindreob/public_html/pics/sunAlps/pages i_mot_toppen_brekketind.htm
2002.07.10 13:32 B I:\sindre\sunAlps\pages\j_brekketind2.htm --> ftp.powertech.no /home/s/si/sindreob/public_html/pics/sunAlps/pages j_brekketind2.htm
2002.07.10 13:32 B I:\sindre\sunAlps\pages\k_alle_mot_brekketind.htm --> ftp.powertech.no /home/s/si/sindreob/public_html/pics/sunAlps/pages k_alle_mot_brekketind.htm
2002.07.10 13:32 B I:\sindre\sunAlps\pages\l_paa_vei.htm --> ftp.powertech.no /home/s/si/sindreob/public_html/pics/sunAlps/pages l_paa_vei.htm
2002.07.10 13:32 B I:\sindre\sunAlps\pages\m_mot_toppen_taake.htm --> ftp.powertech.no /home/s/si/sindreob/public_html/pics/sunAlps/pages m_mot_toppen_taake.htm
2002.07.10 13:32 B I:\sindre\sunAlps\pages\n_simon1.htm --> ftp.powertech.no /home/s/si/sindreob/public_html/pics/sunAlps/pages n_simon1.htm
2002.07.10 13:32 B I:\sindre\sunAlps\pages\o_alle_topp.htm --> ftp.powertech.no /home/s/si/sindreob/public_html/pics/sunAlps/pages o_alle_topp.htm
2002.07.10 13:32 B I:\sindre\sunAlps\pages\p_simon2.htm --> ftp.powertech.no /home/s/si/sindreob/public_html/pics/sunAlps/pages p_simon2.htm
2002.07.10 13:32 B I:\sindre\sunAlps\pages\q_toppen.htm --> ftp.powertech.no /home/s/si/sindreob/public_html/pics/sunAlps/pages q_toppen.htm
2002.07.10 13:32 B I:\sindre\sunAlps\pages\r_alle_slogen.htm --> ftp.powertech.no /home/s/si/sindreob/public_html/pics/sunAlps/pages r_alle_slogen.htm
2002.07.10 13:32 B I:\sindre\sunAlps\pages\s_meg_topp.htm --> ftp.powertech.no /home/s/si/sindreob/public_html/pics/sunAlps/pages s_meg_topp.htm
2002.07.10 13:32 B I:\sindre\sunAlps\pages\t_simon_booting.htm --> ftp.powertech.no /home/s/si/sindreob/public_html/pics/sunAlps/pages t_simon_booting.htm
2002.07.10 13:32 B I:\sindre\sunAlps\pages\t_slogen2.htm --> ftp.powertech.no /home/s/si/sindreob/public_html/pics/sunAlps/pages t_slogen2.htm
2002.07.10 13:32 B I:\sindre\sunAlps\pages\u_slogen.htm --> ftp.powertech.no /home/s/si/sindreob/public_html/pics/sunAlps/pages u_slogen.htm
2002.07.10 13:32 B I:\sindre\sunAlps\pages\v_jakta.htm --> ftp.powertech.no /home/s/si/sindreob/public_html/pics/sunAlps/pages v_jakta.htm
2002.07.10 13:32 B I:\sindre\sunAlps\pages\z_finito.htm --> ftp.powertech.no /home/s/si/sindreob/public_html/pics/sunAlps/pages z_finito.htm
2002.07.10 13:32 B I:\sindre\sunAlps\pages\z_hytta1.htm --> ftp.powertech.no /home/s/si/sindreob/public_html/pics/sunAlps/pages z_hytta1.htm
2002.07.10 13:32 B I:\sindre\sunAlps\pages\z_hytta2.htm --> ftp.powertech.no /home/s/si/sindreob/public_html/pics/sunAlps/pages z_hytta2.htm
2002.07.10 13:32 B I:\sindre\sunAlps\pages\z_hytta3.htm --> ftp.powertech.no /home/s/si/sindreob/public_html/pics/sunAlps/pages z_hytta3.htm
2002.07.10 13:32 B I:\sindre\sunAlps\pages\z_hytta_alle_brekketind.htm --> ftp.powertech.no /home/s/si/sindreob/public_html/pics/sunAlps/pages z_hytta_alle_brekketind.htm
2002.07.10 13:32 B I:\sindre\sunAlps\pages\z_hytta_alle_slogen.htm --> ftp.powertech.no /home/s/si/sindreob/public_html/pics/sunAlps/pages z_hytta_alle_slogen.htm
2002.07.10 13:32 B I:\sindre\sunAlps\pages\z_kinky.htm --> ftp.powertech.no /home/s/si/sindreob/public_html/pics/sunAlps/pages z_kinky.htm
2002.07.10 13:32 B I:\sindre\sunAlps\pages\z_rainbow.htm --> ftp.powertech.no /home/s/si/sindreob/public_html/pics/sunAlps/pages z_rainbow.htm
2002.07.10 13:32 B I:\sindre\sunAlps\pages\z_simon_rainbow.htm --> ftp.powertech.no /home/s/si/sindreob/public_html/pics/sunAlps/pages z_simon_rainbow.htm
2002.07.10 13:32 B I:\sindre\sunAlps\pages\z_slogen_oye.htm --> ftp.powertech.no /home/s/si/sindreob/public_html/pics/sunAlps/pages z_slogen_oye.htm
2002.07.10 13:32 B I:\sindre\sunAlps\pages\z_stener_buttertop.htm --> ftp.powertech.no /home/s/si/sindreob/public_html/pics/sunAlps/pages z_stener_buttertop.htm
2002.07.10 13:32 B I:\sindre\sunAlps\pages\z_waffleman.htm --> ftp.powertech.no /home/s/si/sindreob/public_html/pics/sunAlps/pages z_waffleman.htm
2002.07.10 13:32 B I:\sindre\sunAlps\pages\z_waffleman2.htm --> ftp.powertech.no /home/s/si/sindreob/public_html/pics/sunAlps/pages z_waffleman2.htm
2002.07.10 14:33 B I:\sindre\sunAlps\pages\a_start.htm --> ftp.stud.ntnu.no /usr/local/www.studorg/telemark/bilder/sunAlps/pages a_start.htm
2002.07.10 14:33 B I:\sindre\sunAlps\pages\b_simon_goingup.htm --> ftp.stud.ntnu.no /usr/local/www.studorg/telemark/bilder/sunAlps/pages b_simon_goingup.htm
2002.07.10 14:33 B I:\sindre\sunAlps\pages\c_jw_goingup.htm --> ftp.stud.ntnu.no /usr/local/www.studorg/telemark/bilder/sunAlps/pages c_jw_goingup.htm
2002.07.10 14:33 B I:\sindre\sunAlps\pages\d_crack_simon.htm --> ftp.stud.ntnu.no /usr/local/www.studorg/telemark/bilder/sunAlps/pages d_crack_simon.htm
2002.07.10 14:33 B I:\sindre\sunAlps\pages\e_brekketind.htm --> ftp.stud.ntnu.no /usr/local/www.studorg/telemark/bilder/sunAlps/pages e_brekketind.htm
2002.07.10 14:33 B I:\sindre\sunAlps\pages\f_jw_brekketind.htm --> ftp.stud.ntnu.no /usr/local/www.studorg/telemark/bilder/sunAlps/pages f_jw_brekketind.htm
2002.07.10 14:33 B I:\sindre\sunAlps\pages\g_jw_stener_brekketind.htm --> ftp.stud.ntnu.no /usr/local/www.studorg/telemark/bilder/sunAlps/pages g_jw_stener_brekketind.htm
2002.07.10 14:34 B I:\sindre\sunAlps\pages\h_eggen_brekketind.htm --> ftp.stud.ntnu.no /usr/local/www.studorg/telemark/bilder/sunAlps/pages h_eggen_brekketind.htm
2002.07.10 14:34 B I:\sindre\sunAlps\pages\i_mot_toppen_brekketind.htm --> ftp.stud.ntnu.no /usr/local/www.studorg/telemark/bilder/sunAlps/pages i_mot_toppen_brekketind.htm
2002.07.10 14:34 B I:\sindre\sunAlps\pages\j_brekketind2.htm --> ftp.stud.ntnu.no /usr/local/www.studorg/telemark/bilder/sunAlps/pages j_brekketind2.htm
2002.07.10 14:34 B I:\sindre\sunAlps\pages\k_alle_mot_brekketind.htm --> ftp.stud.ntnu.no /usr/local/www.studorg/telemark/bilder/sunAlps/pages k_alle_mot_brekketind.htm
2002.07.10 14:34 B I:\sindre\sunAlps\pages\l_paa_vei.htm --> ftp.stud.ntnu.no /usr/local/www.studorg/telemark/bilder/sunAlps/pages l_paa_vei.htm
2002.07.10 14:34 B I:\sindre\sunAlps\pages\m_mot_toppen_taake.htm --> ftp.stud.ntnu.no /usr/local/www.studorg/telemark/bilder/sunAlps/pages m_mot_toppen_taake.htm
2002.07.10 14:34 B I:\sindre\sunAlps\pages\n_simon1.htm --> ftp.stud.ntnu.no /usr/local/www.studorg/telemark/bilder/sunAlps/pages n_simon1.htm
2002.07.10 14:34 B I:\sindre\sunAlps\pages\o_alle_topp.htm --> ftp.stud.ntnu.no /usr/local/www.studorg/telemark/bilder/sunAlps/pages o_alle_topp.htm
2002.07.10 14:34 B I:\sindre\sunAlps\pages\p_simon2.htm --> ftp.stud.ntnu.no /usr/local/www.studorg/telemark/bilder/sunAlps/pages p_simon2.htm
2002.07.10 14:34 B I:\sindre\sunAlps\pages\q_toppen.htm --> ftp.stud.ntnu.no /usr/local/www.studorg/telemark/bilder/sunAlps/pages q_toppen.htm
2002.07.10 14:34 B I:\sindre\sunAlps\pages\r_alle_slogen.htm --> ftp.stud.ntnu.no /usr/local/www.studorg/telemark/bilder/sunAlps/pages r_alle_slogen.htm
2002.07.10 14:34 B I:\sindre\sunAlps\pages\s_meg_topp.htm --> ftp.stud.ntnu.no /usr/local/www.studorg/telemark/bilder/sunAlps/pages s_meg_topp.htm
2002.07.10 14:34 B I:\sindre\sunAlps\pages\t_simon_booting.htm --> ftp.stud.ntnu.no /usr/local/www.studorg/telemark/bilder/sunAlps/pages t_simon_booting.htm
2002.07.10 14:34 B I:\sindre\sunAlps\pages\t_slogen2.htm --> ftp.stud.ntnu.no /usr/local/www.studorg/telemark/bilder/sunAlps/pages t_slogen2.htm
2002.07.10 14:34 B I:\sindre\sunAlps\pages\u_slogen.htm --> ftp.stud.ntnu.no /usr/local/www.studorg/telemark/bilder/sunAlps/pages u_slogen.htm
2002.07.10 14:34 B I:\sindre\sunAlps\pages\v_jakta.htm --> ftp.stud.ntnu.no /usr/local/www.studorg/telemark/bilder/sunAlps/pages v_jakta.htm
