2002.07.10 13:22 B I:\sindre\stryn\thumbnails\_vti_cnf\asmund.jpg --> ftp.powertech.no /home/s/si/sindreob/public_html/pics/stryn/thumbnails/_vti_cnf asmund.jpg
2002.07.10 13:22 B I:\sindre\stryn\thumbnails\_vti_cnf\asmund_pub.jpg --> ftp.powertech.no /home/s/si/sindreob/public_html/pics/stryn/thumbnails/_vti_cnf asmund_pub.jpg
2002.07.10 13:22 B I:\sindre\stryn\thumbnails\_vti_cnf\asmund_slov.jpg --> ftp.powertech.no /home/s/si/sindreob/public_html/pics/stryn/thumbnails/_vti_cnf asmund_slov.jpg
2002.07.10 13:22 B I:\sindre\stryn\thumbnails\_vti_cnf\bil.jpg --> ftp.powertech.no /home/s/si/sindreob/public_html/pics/stryn/thumbnails/_vti_cnf bil.jpg
2002.07.10 13:22 B I:\sindre\stryn\thumbnails\_vti_cnf\duster_vann.jpg --> ftp.powertech.no /home/s/si/sindreob/public_html/pics/stryn/thumbnails/_vti_cnf duster_vann.jpg
2002.07.10 13:22 B I:\sindre\stryn\thumbnails\_vti_cnf\felix_lars_hilde.jpg --> ftp.powertech.no /home/s/si/sindreob/public_html/pics/stryn/thumbnails/_vti_cnf felix_lars_hilde.jpg
2002.07.10 13:22 B I:\sindre\stryn\thumbnails\_vti_cnf\grill1.jpg --> ftp.powertech.no /home/s/si/sindreob/public_html/pics/stryn/thumbnails/_vti_cnf grill1.jpg
2002.07.10 13:22 B I:\sindre\stryn\thumbnails\_vti_cnf\grill2.jpg --> ftp.powertech.no /home/s/si/sindreob/public_html/pics/stryn/thumbnails/_vti_cnf grill2.jpg
2002.07.10 13:22 B I:\sindre\stryn\thumbnails\_vti_cnf\grill3.jpg --> ftp.powertech.no /home/s/si/sindreob/public_html/pics/stryn/thumbnails/_vti_cnf grill3.jpg
2002.07.10 13:22 B I:\sindre\stryn\thumbnails\_vti_cnf\grill4.jpg --> ftp.powertech.no /home/s/si/sindreob/public_html/pics/stryn/thumbnails/_vti_cnf grill4.jpg
2002.07.10 13:22 B I:\sindre\stryn\thumbnails\_vti_cnf\guri.jpg --> ftp.powertech.no /home/s/si/sindreob/public_html/pics/stryn/thumbnails/_vti_cnf guri.jpg
2002.07.10 13:22 B I:\sindre\stryn\thumbnails\_vti_cnf\ja_alko2.jpg --> ftp.powertech.no /home/s/si/sindreob/public_html/pics/stryn/thumbnails/_vti_cnf ja_alko2.jpg
2002.07.10 13:22 B I:\sindre\stryn\thumbnails\_vti_cnf\jw_4pils.jpg --> ftp.powertech.no /home/s/si/sindreob/public_html/pics/stryn/thumbnails/_vti_cnf jw_4pils.jpg
2002.07.10 13:22 B I:\sindre\stryn\thumbnails\_vti_cnf\jw_alko.jpg --> ftp.powertech.no /home/s/si/sindreob/public_html/pics/stryn/thumbnails/_vti_cnf jw_alko.jpg
2002.07.10 13:22 B I:\sindre\stryn\thumbnails\_vti_cnf\jw_stener_topp.jpg --> ftp.powertech.no /home/s/si/sindreob/public_html/pics/stryn/thumbnails/_vti_cnf jw_stener_topp.jpg
2002.07.10 13:22 B I:\sindre\stryn\thumbnails\_vti_cnf\jw_stener_yoh1.jpg --> ftp.powertech.no /home/s/si/sindreob/public_html/pics/stryn/thumbnails/_vti_cnf jw_stener_yoh1.jpg
2002.07.10 13:22 B I:\sindre\stryn\thumbnails\_vti_cnf\jw_stener_yoh2.jpg --> ftp.powertech.no /home/s/si/sindreob/public_html/pics/stryn/thumbnails/_vti_cnf jw_stener_yoh2.jpg
2002.07.10 13:22 B I:\sindre\stryn\thumbnails\_vti_cnf\jw_topp.jpg --> ftp.powertech.no /home/s/si/sindreob/public_html/pics/stryn/thumbnails/_vti_cnf jw_topp.jpg
2002.07.10 13:22 B I:\sindre\stryn\thumbnails\_vti_cnf\kake1.jpg --> ftp.powertech.no /home/s/si/sindreob/public_html/pics/stryn/thumbnails/_vti_cnf kake1.jpg
2002.07.10 13:22 B I:\sindre\stryn\thumbnails\_vti_cnf\kake2.jpg --> ftp.powertech.no /home/s/si/sindreob/public_html/pics/stryn/thumbnails/_vti_cnf kake2.jpg
2002.07.10 13:22 B I:\sindre\stryn\thumbnails\_vti_cnf\ladies_oppdal.jpg --> ftp.powertech.no /home/s/si/sindreob/public_html/pics/stryn/thumbnails/_vti_cnf ladies_oppdal.jpg
2002.07.10 13:22 B I:\sindre\stryn\thumbnails\_vti_cnf\ladies_oslo.jpg --> ftp.powertech.no /home/s/si/sindreob/public_html/pics/stryn/thumbnails/_vti_cnf ladies_oslo.jpg
2002.07.10 13:22 B I:\sindre\stryn\thumbnails\_vti_cnf\lars_telt.jpg --> ftp.powertech.no /home/s/si/sindreob/public_html/pics/stryn/thumbnails/_vti_cnf lars_telt.jpg
2002.07.10 13:22 B I:\sindre\stryn\thumbnails\_vti_cnf\pakk.jpg --> ftp.powertech.no /home/s/si/sindreob/public_html/pics/stryn/thumbnails/_vti_cnf pakk.jpg
2002.07.10 13:22 B I:\sindre\stryn\thumbnails\_vti_cnf\pub1.jpg --> ftp.powertech.no /home/s/si/sindreob/public_html/pics/stryn/thumbnails/_vti_cnf pub1.jpg
2002.07.10 13:22 B I:\sindre\stryn\thumbnails\_vti_cnf\pub2.jpg --> ftp.powertech.no /home/s/si/sindreob/public_html/pics/stryn/thumbnails/_vti_cnf pub2.jpg
2002.07.10 13:22 B I:\sindre\stryn\thumbnails\_vti_cnf\pub_folk.jpg --> ftp.powertech.no /home/s/si/sindreob/public_html/pics/stryn/thumbnails/_vti_cnf pub_folk.jpg
2002.07.10 13:22 B I:\sindre\stryn\thumbnails\_vti_cnf\stener_alko.jpg --> ftp.powertech.no /home/s/si/sindreob/public_html/pics/stryn/thumbnails/_vti_cnf stener_alko.jpg
2002.07.10 13:22 B I:\sindre\stryn\thumbnails\_vti_cnf\stener_topp1.jpg --> ftp.powertech.no /home/s/si/sindreob/public_html/pics/stryn/thumbnails/_vti_cnf stener_topp1.jpg
2002.07.10 13:22 B I:\sindre\stryn\thumbnails\_vti_cnf\stener_topp2.jpg --> ftp.powertech.no /home/s/si/sindreob/public_html/pics/stryn/thumbnails/_vti_cnf stener_topp2.jpg
2002.07.10 13:22 B I:\sindre\stryn\thumbnails\_vti_cnf\utdrikk_vann.jpg --> ftp.powertech.no /home/s/si/sindreob/public_html/pics/stryn/thumbnails/_vti_cnf utdrikk_vann.jpg
2002.07.10 13:22 B I:\sindre\stryn\thumbnails\_vti_cnf\utdrikk_vann2.jpg --> ftp.powertech.no /home/s/si/sindreob/public_html/pics/stryn/thumbnails/_vti_cnf utdrikk_vann2.jpg
2002.07.10 14:23 B I:\sindre\stryn\thumbnails\_vti_cnf\asmund.jpg --> ftp.stud.ntnu.no /usr/local/www.studorg/telemark/bilder/stryn/thumbnails/_vti_cnf asmund.jpg
2002.07.10 14:23 B I:\sindre\stryn\thumbnails\_vti_cnf\asmund_pub.jpg --> ftp.stud.ntnu.no /usr/local/www.studorg/telemark/bilder/stryn/thumbnails/_vti_cnf asmund_pub.jpg
2002.07.10 14:23 B I:\sindre\stryn\thumbnails\_vti_cnf\asmund_slov.jpg --> ftp.stud.ntnu.no /usr/local/www.studorg/telemark/bilder/stryn/thumbnails/_vti_cnf asmund_slov.jpg
2002.07.10 14:23 B I:\sindre\stryn\thumbnails\_vti_cnf\bil.jpg --> ftp.stud.ntnu.no /usr/local/www.studorg/telemark/bilder/stryn/thumbnails/_vti_cnf bil.jpg
2002.07.10 14:23 B I:\sindre\stryn\thumbnails\_vti_cnf\duster_vann.jpg --> ftp.stud.ntnu.no /usr/local/www.studorg/telemark/bilder/stryn/thumbnails/_vti_cnf duster_vann.jpg
2002.07.10 14:23 B I:\sindre\stryn\thumbnails\_vti_cnf\felix_lars_hilde.jpg --> ftp.stud.ntnu.no /usr/local/www.studorg/telemark/bilder/stryn/thumbnails/_vti_cnf felix_lars_hilde.jpg
2002.07.10 14:23 B I:\sindre\stryn\thumbnails\_vti_cnf\grill1.jpg --> ftp.stud.ntnu.no /usr/local/www.studorg/telemark/bilder/stryn/thumbnails/_vti_cnf grill1.jpg
2002.07.10 14:23 B I:\sindre\stryn\thumbnails\_vti_cnf\grill2.jpg --> ftp.stud.ntnu.no /usr/local/www.studorg/telemark/bilder/stryn/thumbnails/_vti_cnf grill2.jpg
2002.07.10 14:23 B I:\sindre\stryn\thumbnails\_vti_cnf\grill3.jpg --> ftp.stud.ntnu.no /usr/local/www.studorg/telemark/bilder/stryn/thumbnails/_vti_cnf grill3.jpg
2002.07.10 14:23 B I:\sindre\stryn\thumbnails\_vti_cnf\grill4.jpg --> ftp.stud.ntnu.no /usr/local/www.studorg/telemark/bilder/stryn/thumbnails/_vti_cnf grill4.jpg
2002.07.10 14:23 B I:\sindre\stryn\thumbnails\_vti_cnf\guri.jpg --> ftp.stud.ntnu.no /usr/local/www.studorg/telemark/bilder/stryn/thumbnails/_vti_cnf guri.jpg
2002.07.10 14:23 B I:\sindre\stryn\thumbnails\_vti_cnf\ja_alko2.jpg --> ftp.stud.ntnu.no /usr/local/www.studorg/telemark/bilder/stryn/thumbnails/_vti_cnf ja_alko2.jpg
2002.07.10 14:23 B I:\sindre\stryn\thumbnails\_vti_cnf\jw_4pils.jpg --> ftp.stud.ntnu.no /usr/local/www.studorg/telemark/bilder/stryn/thumbnails/_vti_cnf jw_4pils.jpg
2002.07.10 14:24 B I:\sindre\stryn\thumbnails\_vti_cnf\jw_alko.jpg --> ftp.stud.ntnu.no /usr/local/www.studorg/telemark/bilder/stryn/thumbnails/_vti_cnf jw_alko.jpg
2002.07.10 14:24 B I:\sindre\stryn\thumbnails\_vti_cnf\jw_stener_topp.jpg --> ftp.stud.ntnu.no /usr/local/www.studorg/telemark/bilder/stryn/thumbnails/_vti_cnf jw_stener_topp.jpg
2002.07.10 14:24 B I:\sindre\stryn\thumbnails\_vti_cnf\jw_stener_yoh1.jpg --> ftp.stud.ntnu.no /usr/local/www.studorg/telemark/bilder/stryn/thumbnails/_vti_cnf jw_stener_yoh1.jpg
2002.07.10 14:24 B I:\sindre\stryn\thumbnails\_vti_cnf\jw_stener_yoh2.jpg --> ftp.stud.ntnu.no /usr/local/www.studorg/telemark/bilder/stryn/thumbnails/_vti_cnf jw_stener_yoh2.jpg
2002.07.10 14:24 B I:\sindre\stryn\thumbnails\_vti_cnf\jw_topp.jpg --> ftp.stud.ntnu.no /usr/local/www.studorg/telemark/bilder/stryn/thumbnails/_vti_cnf jw_topp.jpg
2002.07.10 14:24 B I:\sindre\stryn\thumbnails\_vti_cnf\kake1.jpg --> ftp.stud.ntnu.no /usr/local/www.studorg/telemark/bilder/stryn/thumbnails/_vti_cnf kake1.jpg
2002.07.10 14:24 B I:\sindre\stryn\thumbnails\_vti_cnf\kake2.jpg --> ftp.stud.ntnu.no /usr/local/www.studorg/telemark/bilder/stryn/thumbnails/_vti_cnf kake2.jpg
2002.07.10 14:24 B I:\sindre\stryn\thumbnails\_vti_cnf\ladies_oppdal.jpg --> ftp.stud.ntnu.no /usr/local/www.studorg/telemark/bilder/stryn/thumbnails/_vti_cnf ladies_oppdal.jpg
2002.07.10 14:24 B I:\sindre\stryn\thumbnails\_vti_cnf\ladies_oslo.jpg --> ftp.stud.ntnu.no /usr/local/www.studorg/telemark/bilder/stryn/thumbnails/_vti_cnf ladies_oslo.jpg
2002.07.10 14:24 B I:\sindre\stryn\thumbnails\_vti_cnf\lars_telt.jpg --> ftp.stud.ntnu.no /usr/local/www.studorg/telemark/bilder/stryn/thumbnails/_vti_cnf lars_telt.jpg
2002.07.10 14:24 B I:\sindre\stryn\thumbnails\_vti_cnf\pakk.jpg --> ftp.stud.ntnu.no /usr/local/www.studorg/telemark/bilder/stryn/thumbnails/_vti_cnf pakk.jpg
2002.07.10 14:24 B I:\sindre\stryn\thumbnails\_vti_cnf\pub1.jpg --> ftp.stud.ntnu.no /usr/local/www.studorg/telemark/bilder/stryn/thumbnails/_vti_cnf pub1.jpg
2002.07.10 14:24 B I:\sindre\stryn\thumbnails\_vti_cnf\pub2.jpg --> ftp.stud.ntnu.no /usr/local/www.studorg/telemark/bilder/stryn/thumbnails/_vti_cnf pub2.jpg
2002.07.10 14:24 B I:\sindre\stryn\thumbnails\_vti_cnf\pub_folk.jpg --> ftp.stud.ntnu.no /usr/local/www.studorg/telemark/bilder/stryn/thumbnails/_vti_cnf pub_folk.jpg
2002.07.10 14:24 B I:\sindre\stryn\thumbnails\_vti_cnf\stener_alko.jpg --> ftp.stud.ntnu.no /usr/local/www.studorg/telemark/bilder/stryn/thumbnails/_vti_cnf stener_alko.jpg
2002.07.10 14:24 B I:\sindre\stryn\thumbnails\_vti_cnf\stener_topp1.jpg --> ftp.stud.ntnu.no /usr/local/www.studorg/telemark/bilder/stryn/thumbnails/_vti_cnf stener_topp1.jpg
2002.07.10 14:24 B I:\sindre\stryn\thumbnails\_vti_cnf\stener_topp2.jpg --> ftp.stud.ntnu.no /usr/local/www.studorg/telemark/bilder/stryn/thumbnails/_vti_cnf stener_topp2.jpg
2002.07.10 14:24 B I:\sindre\stryn\thumbnails\_vti_cnf\utdrikk_vann.jpg --> ftp.stud.ntnu.no /usr/local/www.studorg/telemark/bilder/stryn/thumbnails/_vti_cnf utdrikk_vann.jpg
2002.07.10 14:24 B I:\sindre\stryn\thumbnails\_vti_cnf\utdrikk_vann2.jpg --> ftp.stud.ntnu.no /usr/local/www.studorg/telemark/bilder/stryn/thumbnails/_vti_cnf utdrikk_vann2.jpg
