2002.01.10 13:55 B A:\NTNUI_TELEMARK\_vti_cnf\bilder.htm --> ftp.stud.ntnu.no /usr/local/www.studorg/telemark/_vti_cnf bilder.htm
2002.01.10 13:55 B A:\NTNUI_TELEMARK\_vti_cnf\blimedlem.htm --> ftp.stud.ntnu.no /usr/local/www.studorg/telemark/_vti_cnf blimedlem.htm
2002.01.10 13:55 B A:\NTNUI_TELEMARK\_vti_cnf\bottom.htm --> ftp.stud.ntnu.no /usr/local/www.studorg/telemark/_vti_cnf bottom.htm
2002.01.10 13:55 B A:\NTNUI_TELEMARK\_vti_cnf\bottom.jpg --> ftp.stud.ntnu.no /usr/local/www.studorg/telemark/_vti_cnf bottom.jpg
2002.01.10 13:55 B A:\NTNUI_TELEMARK\_vti_cnf\header.jpg --> ftp.stud.ntnu.no /usr/local/www.studorg/telemark/_vti_cnf header.jpg
2002.01.10 13:55 B A:\NTNUI_TELEMARK\_vti_cnf\historie.htm --> ftp.stud.ntnu.no /usr/local/www.studorg/telemark/_vti_cnf historie.htm
2002.01.10 13:55 B A:\NTNUI_TELEMARK\_vti_cnf\hoved.htm --> ftp.stud.ntnu.no /usr/local/www.studorg/telemark/_vti_cnf hoved.htm
2002.01.10 13:55 B A:\NTNUI_TELEMARK\_vti_cnf\hvemervi.htm --> ftp.stud.ntnu.no /usr/local/www.studorg/telemark/_vti_cnf hvemervi.htm
2002.01.10 13:55 B A:\NTNUI_TELEMARK\_vti_cnf\index.htm --> ftp.stud.ntnu.no /usr/local/www.studorg/telemark/_vti_cnf index.htm
2002.01.10 13:55 B A:\NTNUI_TELEMARK\_vti_cnf\left.htm --> ftp.stud.ntnu.no /usr/local/www.studorg/telemark/_vti_cnf left.htm
2002.01.10 13:55 B A:\NTNUI_TELEMARK\_vti_cnf\linker.htm --> ftp.stud.ntnu.no /usr/local/www.studorg/telemark/_vti_cnf linker.htm
2002.01.10 13:55 B A:\NTNUI_TELEMARK\_vti_cnf\logo.jpg --> ftp.stud.ntnu.no /usr/local/www.studorg/telemark/_vti_cnf logo.jpg
2002.01.10 13:55 B A:\NTNUI_TELEMARK\_vti_cnf\lurken.htm --> ftp.stud.ntnu.no /usr/local/www.studorg/telemark/_vti_cnf lurken.htm
2002.01.10 13:55 B A:\NTNUI_TELEMARK\_vti_cnf\main.htm --> ftp.stud.ntnu.no /usr/local/www.studorg/telemark/_vti_cnf main.htm
2002.01.10 13:55 B A:\NTNUI_TELEMARK\_vti_cnf\meny.htm --> ftp.stud.ntnu.no /usr/local/www.studorg/telemark/_vti_cnf meny.htm
2002.01.10 13:55 B A:\NTNUI_TELEMARK\_vti_cnf\omgruppa.htm --> ftp.stud.ntnu.no /usr/local/www.studorg/telemark/_vti_cnf omgruppa.htm
2002.01.10 13:55 B A:\NTNUI_TELEMARK\_vti_cnf\right.htm --> ftp.stud.ntnu.no /usr/local/www.studorg/telemark/_vti_cnf right.htm
2002.01.10 13:55 B A:\NTNUI_TELEMARK\_vti_cnf\sistenytt.htm --> ftp.stud.ntnu.no /usr/local/www.studorg/telemark/_vti_cnf sistenytt.htm
2002.01.10 13:55 B A:\NTNUI_TELEMARK\_vti_cnf\skifestivalen.htm --> ftp.stud.ntnu.no /usr/local/www.studorg/telemark/_vti_cnf skifestivalen.htm
2002.01.10 13:55 B A:\NTNUI_TELEMARK\_vti_cnf\sladrespalte.htm --> ftp.stud.ntnu.no /usr/local/www.studorg/telemark/_vti_cnf sladrespalte.htm
2002.01.10 13:55 B A:\NTNUI_TELEMARK\_vti_cnf\style.css --> ftp.stud.ntnu.no /usr/local/www.studorg/telemark/_vti_cnf style.css
2002.01.10 13:55 B A:\NTNUI_TELEMARK\_vti_cnf\style2.css --> ftp.stud.ntnu.no /usr/local/www.studorg/telemark/_vti_cnf style2.css
2002.01.10 13:55 B A:\NTNUI_TELEMARK\_vti_cnf\styretverv.htm --> ftp.stud.ntnu.no /usr/local/www.studorg/telemark/_vti_cnf styretverv.htm
2002.01.10 13:55 B A:\NTNUI_TELEMARK\_vti_cnf\terminliste.htm --> ftp.stud.ntnu.no /usr/local/www.studorg/telemark/_vti_cnf terminliste.htm
2002.01.10 13:55 B A:\NTNUI_TELEMARK\_vti_cnf\test.htm --> ftp.stud.ntnu.no /usr/local/www.studorg/telemark/_vti_cnf test.htm
2002.01.10 13:55 B A:\NTNUI_TELEMARK\_vti_cnf\topp.htm --> ftp.stud.ntnu.no /usr/local/www.studorg/telemark/_vti_cnf topp.htm
2002.01.10 13:55 B A:\NTNUI_TELEMARK\_vti_cnf\topp2.htm --> ftp.stud.ntnu.no /usr/local/www.studorg/telemark/_vti_cnf topp2.htm
2002.01.10 13:55 B A:\NTNUI_TELEMARK\_vti_cnf\treninger.htm --> ftp.stud.ntnu.no /usr/local/www.studorg/telemark/_vti_cnf treninger.htm
