2002.01.04 19:34 B A:\telemark\bilder.htm --> ftp.powertech.no /home/s/si/sindreob/public_html/telemark bilder.htm
2002.01.04 19:34 B A:\telemark\blimedlem.htm --> ftp.powertech.no /home/s/si/sindreob/public_html/telemark blimedlem.htm
2002.01.04 19:34 B A:\telemark\blimedlem2.htm --> ftp.powertech.no /home/s/si/sindreob/public_html/telemark blimedlem2.htm
2002.01.04 19:34 B A:\telemark\blimedlem3.htm --> ftp.powertech.no /home/s/si/sindreob/public_html/telemark blimedlem3.htm
2002.01.04 19:34 B A:\telemark\bottom.htm --> ftp.powertech.no /home/s/si/sindreob/public_html/telemark bottom.htm
2002.01.04 19:34 B A:\telemark\bottom.jpg --> ftp.powertech.no /home/s/si/sindreob/public_html/telemark bottom.jpg
2002.01.04 19:34 B A:\telemark\header.jpg --> ftp.powertech.no /home/s/si/sindreob/public_html/telemark header.jpg
2002.01.04 19:34 B A:\telemark\index.htm --> ftp.powertech.no /home/s/si/sindreob/public_html/telemark index.htm
2002.01.04 19:34 B A:\telemark\left.htm --> ftp.powertech.no /home/s/si/sindreob/public_html/telemark left.htm
2002.01.04 19:34 B A:\telemark\linker.htm --> ftp.powertech.no /home/s/si/sindreob/public_html/telemark linker.htm
2002.01.04 19:34 B A:\telemark\logo.jpg --> ftp.powertech.no /home/s/si/sindreob/public_html/telemark logo.jpg
2002.01.04 19:34 B A:\telemark\lurken.htm --> ftp.powertech.no /home/s/si/sindreob/public_html/telemark lurken.htm
2002.01.04 19:34 B A:\telemark\main.htm --> ftp.powertech.no /home/s/si/sindreob/public_html/telemark main.htm
2002.01.04 19:34 B A:\telemark\main.jpg --> ftp.powertech.no /home/s/si/sindreob/public_html/telemark main.jpg
2002.01.04 19:34 B A:\telemark\meny_0001.gif --> ftp.powertech.no /home/s/si/sindreob/public_html/telemark meny_0001.gif
2002.01.04 19:34 B A:\telemark\nede3.jpg --> ftp.powertech.no /home/s/si/sindreob/public_html/telemark nede3.jpg
2002.01.04 19:34 B A:\telemark\omgruppa.htm --> ftp.powertech.no /home/s/si/sindreob/public_html/telemark omgruppa.htm
2002.01.04 19:34 B A:\telemark\right.htm --> ftp.powertech.no /home/s/si/sindreob/public_html/telemark right.htm
2002.01.04 19:34 B A:\telemark\sistenytt.htm --> ftp.powertech.no /home/s/si/sindreob/public_html/telemark sistenytt.htm
2002.01.04 19:34 B A:\telemark\sladder.htm --> ftp.powertech.no /home/s/si/sindreob/public_html/telemark sladder.htm
2002.01.04 19:34 B A:\telemark\sladrespalte.htm --> ftp.powertech.no /home/s/si/sindreob/public_html/telemark sladrespalte.htm
2002.01.04 19:34 B A:\telemark\sladrespalte2.htm --> ftp.powertech.no /home/s/si/sindreob/public_html/telemark sladrespalte2.htm
2002.01.04 19:34 B A:\telemark\Style.css --> ftp.powertech.no /home/s/si/sindreob/public_html/telemark Style.css
2002.01.04 19:34 B A:\telemark\Style2.css --> ftp.powertech.no /home/s/si/sindreob/public_html/telemark Style2.css
2002.01.04 19:34 B A:\telemark\styretverv.htm --> ftp.powertech.no /home/s/si/sindreob/public_html/telemark styretverv.htm
2002.01.04 19:34 B A:\telemark\terminliste.htm --> ftp.powertech.no /home/s/si/sindreob/public_html/telemark terminliste.htm
2002.01.04 19:34 B A:\telemark\test.htm --> ftp.powertech.no /home/s/si/sindreob/public_html/telemark test.htm
2002.01.04 19:34 B A:\telemark\topp.htm --> ftp.powertech.no /home/s/si/sindreob/public_html/telemark topp.htm
2002.01.04 19:34 B A:\telemark\treninger.htm --> ftp.powertech.no /home/s/si/sindreob/public_html/telemark treninger.htm
2002.01.04 19:34 B A:\telemark\WWgjestebok.htm --> ftp.powertech.no /home/s/si/sindreob/public_html/telemark WWgjestebok.htm
2002.01.10 13:55 B A:\NTNUI_TELEMARK\alpetur.htm --> ftp.stud.ntnu.no /usr/local/www.studorg/telemark alpetur.htm
2002.01.10 13:55 B A:\NTNUI_TELEMARK\bilder.htm --> ftp.stud.ntnu.no /usr/local/www.studorg/telemark bilder.htm
2002.01.10 13:55 B A:\NTNUI_TELEMARK\blimedlem.htm --> ftp.stud.ntnu.no /usr/local/www.studorg/telemark blimedlem.htm
2002.01.10 13:55 B A:\NTNUI_TELEMARK\blimedlem2.htm --> ftp.stud.ntnu.no /usr/local/www.studorg/telemark blimedlem2.htm
2002.01.10 13:55 B A:\NTNUI_TELEMARK\bottom.htm --> ftp.stud.ntnu.no /usr/local/www.studorg/telemark bottom.htm
2002.01.10 13:55 B A:\NTNUI_TELEMARK\bottom.jpg --> ftp.stud.ntnu.no /usr/local/www.studorg/telemark bottom.jpg
2002.01.10 13:55 B A:\NTNUI_TELEMARK\header.jpg --> ftp.stud.ntnu.no /usr/local/www.studorg/telemark header.jpg
2002.01.10 13:55 B A:\NTNUI_TELEMARK\historie.htm --> ftp.stud.ntnu.no /usr/local/www.studorg/telemark historie.htm
2002.01.10 13:55 B A:\NTNUI_TELEMARK\index.htm --> ftp.stud.ntnu.no /usr/local/www.studorg/telemark index.htm
2002.01.10 13:55 B A:\NTNUI_TELEMARK\left.htm --> ftp.stud.ntnu.no /usr/local/www.studorg/telemark left.htm
2002.01.10 13:55 B A:\NTNUI_TELEMARK\linker.htm --> ftp.stud.ntnu.no /usr/local/www.studorg/telemark linker.htm
2002.01.10 13:56 B A:\NTNUI_TELEMARK\logo.jpg --> ftp.stud.ntnu.no /usr/local/www.studorg/telemark logo.jpg
2002.01.10 13:56 B A:\NTNUI_TELEMARK\lurken.htm --> ftp.stud.ntnu.no /usr/local/www.studorg/telemark lurken.htm
2002.01.10 13:56 B A:\NTNUI_TELEMARK\main.htm --> ftp.stud.ntnu.no /usr/local/www.studorg/telemark main.htm
2002.01.10 13:56 B A:\NTNUI_TELEMARK\main.jpg --> ftp.stud.ntnu.no /usr/local/www.studorg/telemark main.jpg
2002.01.10 13:56 B A:\NTNUI_TELEMARK\meny_0001.gif --> ftp.stud.ntnu.no /usr/local/www.studorg/telemark meny_0001.gif
2002.01.10 13:56 B A:\NTNUI_TELEMARK\nede3.jpg --> ftp.stud.ntnu.no /usr/local/www.studorg/telemark nede3.jpg
2002.01.10 13:56 B A:\NTNUI_TELEMARK\omgruppa.htm --> ftp.stud.ntnu.no /usr/local/www.studorg/telemark omgruppa.htm
2002.01.10 13:56 B A:\NTNUI_TELEMARK\right.htm --> ftp.stud.ntnu.no /usr/local/www.studorg/telemark right.htm
2002.01.10 13:56 B A:\NTNUI_TELEMARK\sistenytt.htm --> ftp.stud.ntnu.no /usr/local/www.studorg/telemark sistenytt.htm
2002.01.10 13:56 B A:\NTNUI_TELEMARK\sladrespalte.htm --> ftp.stud.ntnu.no /usr/local/www.studorg/telemark sladrespalte.htm
2002.01.10 13:56 B A:\NTNUI_TELEMARK\Style.css --> ftp.stud.ntnu.no /usr/local/www.studorg/telemark Style.css
2002.01.10 13:56 B A:\NTNUI_TELEMARK\Style2.css --> ftp.stud.ntnu.no /usr/local/www.studorg/telemark Style2.css
2002.01.10 13:56 B A:\NTNUI_TELEMARK\styretverv.htm --> ftp.stud.ntnu.no /usr/local/www.studorg/telemark styretverv.htm
2002.01.10 13:56 B A:\NTNUI_TELEMARK\terminliste.htm --> ftp.stud.ntnu.no /usr/local/www.studorg/telemark terminliste.htm
2002.01.10 13:56 B A:\NTNUI_TELEMARK\test.htm --> ftp.stud.ntnu.no /usr/local/www.studorg/telemark test.htm
2002.01.10 13:56 B A:\NTNUI_TELEMARK\topp.htm --> ftp.stud.ntnu.no /usr/local/www.studorg/telemark topp.htm
2002.01.10 13:56 B A:\NTNUI_TELEMARK\treninger.htm --> ftp.stud.ntnu.no /usr/local/www.studorg/telemark treninger.htm
