2002.07.10 13:21 B I:\sindre\stryn\pages\asmund.htm --> ftp.powertech.no /home/s/si/sindreob/public_html/pics/stryn/pages asmund.htm
2002.07.10 13:21 B I:\sindre\stryn\pages\asmund_pub.htm --> ftp.powertech.no /home/s/si/sindreob/public_html/pics/stryn/pages asmund_pub.htm
2002.07.10 13:21 B I:\sindre\stryn\pages\asmund_slov.htm --> ftp.powertech.no /home/s/si/sindreob/public_html/pics/stryn/pages asmund_slov.htm
2002.07.10 13:21 B I:\sindre\stryn\pages\bil.htm --> ftp.powertech.no /home/s/si/sindreob/public_html/pics/stryn/pages bil.htm
2002.07.10 13:21 B I:\sindre\stryn\pages\duster_vann.htm --> ftp.powertech.no /home/s/si/sindreob/public_html/pics/stryn/pages duster_vann.htm
2002.07.10 13:21 B I:\sindre\stryn\pages\felix_lars_hilde.htm --> ftp.powertech.no /home/s/si/sindreob/public_html/pics/stryn/pages felix_lars_hilde.htm
2002.07.10 13:21 B I:\sindre\stryn\pages\grill1.htm --> ftp.powertech.no /home/s/si/sindreob/public_html/pics/stryn/pages grill1.htm
2002.07.10 13:21 B I:\sindre\stryn\pages\grill2.htm --> ftp.powertech.no /home/s/si/sindreob/public_html/pics/stryn/pages grill2.htm
2002.07.10 13:21 B I:\sindre\stryn\pages\grill3.htm --> ftp.powertech.no /home/s/si/sindreob/public_html/pics/stryn/pages grill3.htm
2002.07.10 13:21 B I:\sindre\stryn\pages\grill4.htm --> ftp.powertech.no /home/s/si/sindreob/public_html/pics/stryn/pages grill4.htm
2002.07.10 13:21 B I:\sindre\stryn\pages\guri.htm --> ftp.powertech.no /home/s/si/sindreob/public_html/pics/stryn/pages guri.htm
2002.07.10 13:21 B I:\sindre\stryn\pages\ja_alko2.htm --> ftp.powertech.no /home/s/si/sindreob/public_html/pics/stryn/pages ja_alko2.htm
2002.07.10 13:21 B I:\sindre\stryn\pages\jw_4pils.htm --> ftp.powertech.no /home/s/si/sindreob/public_html/pics/stryn/pages jw_4pils.htm
2002.07.10 13:21 B I:\sindre\stryn\pages\jw_alko.htm --> ftp.powertech.no /home/s/si/sindreob/public_html/pics/stryn/pages jw_alko.htm
2002.07.10 13:21 B I:\sindre\stryn\pages\jw_stener_topp.htm --> ftp.powertech.no /home/s/si/sindreob/public_html/pics/stryn/pages jw_stener_topp.htm
2002.07.10 13:22 B I:\sindre\stryn\pages\jw_stener_yoh1.htm --> ftp.powertech.no /home/s/si/sindreob/public_html/pics/stryn/pages jw_stener_yoh1.htm
2002.07.10 13:22 B I:\sindre\stryn\pages\jw_stener_yoh2.htm --> ftp.powertech.no /home/s/si/sindreob/public_html/pics/stryn/pages jw_stener_yoh2.htm
2002.07.10 13:22 B I:\sindre\stryn\pages\jw_topp.htm --> ftp.powertech.no /home/s/si/sindreob/public_html/pics/stryn/pages jw_topp.htm
2002.07.10 13:22 B I:\sindre\stryn\pages\kake1.htm --> ftp.powertech.no /home/s/si/sindreob/public_html/pics/stryn/pages kake1.htm
2002.07.10 13:22 B I:\sindre\stryn\pages\kake2.htm --> ftp.powertech.no /home/s/si/sindreob/public_html/pics/stryn/pages kake2.htm
2002.07.10 13:22 B I:\sindre\stryn\pages\ladies_oppdal.htm --> ftp.powertech.no /home/s/si/sindreob/public_html/pics/stryn/pages ladies_oppdal.htm
2002.07.10 13:22 B I:\sindre\stryn\pages\ladies_oslo.htm --> ftp.powertech.no /home/s/si/sindreob/public_html/pics/stryn/pages ladies_oslo.htm
2002.07.10 13:22 B I:\sindre\stryn\pages\lars_telt.htm --> ftp.powertech.no /home/s/si/sindreob/public_html/pics/stryn/pages lars_telt.htm
2002.07.10 13:22 B I:\sindre\stryn\pages\pakk.htm --> ftp.powertech.no /home/s/si/sindreob/public_html/pics/stryn/pages pakk.htm
2002.07.10 13:22 B I:\sindre\stryn\pages\pub1.htm --> ftp.powertech.no /home/s/si/sindreob/public_html/pics/stryn/pages pub1.htm
2002.07.10 13:22 B I:\sindre\stryn\pages\pub2.htm --> ftp.powertech.no /home/s/si/sindreob/public_html/pics/stryn/pages pub2.htm
2002.07.10 13:22 B I:\sindre\stryn\pages\pub_folk.htm --> ftp.powertech.no /home/s/si/sindreob/public_html/pics/stryn/pages pub_folk.htm
2002.07.10 13:22 B I:\sindre\stryn\pages\stener_alko.htm --> ftp.powertech.no /home/s/si/sindreob/public_html/pics/stryn/pages stener_alko.htm
2002.07.10 13:22 B I:\sindre\stryn\pages\stener_topp1.htm --> ftp.powertech.no /home/s/si/sindreob/public_html/pics/stryn/pages stener_topp1.htm
2002.07.10 13:22 B I:\sindre\stryn\pages\stener_topp2.htm --> ftp.powertech.no /home/s/si/sindreob/public_html/pics/stryn/pages stener_topp2.htm
2002.07.10 13:22 B I:\sindre\stryn\pages\utdrikk_vann.htm --> ftp.powertech.no /home/s/si/sindreob/public_html/pics/stryn/pages utdrikk_vann.htm
2002.07.10 13:22 B I:\sindre\stryn\pages\utdrikk_vann2.htm --> ftp.powertech.no /home/s/si/sindreob/public_html/pics/stryn/pages utdrikk_vann2.htm
2002.07.10 14:23 B I:\sindre\stryn\pages\asmund.htm --> ftp.stud.ntnu.no /usr/local/www.studorg/telemark/bilder/stryn/pages asmund.htm
2002.07.10 14:23 B I:\sindre\stryn\pages\asmund_pub.htm --> ftp.stud.ntnu.no /usr/local/www.studorg/telemark/bilder/stryn/pages asmund_pub.htm
2002.07.10 14:23 B I:\sindre\stryn\pages\asmund_slov.htm --> ftp.stud.ntnu.no /usr/local/www.studorg/telemark/bilder/stryn/pages asmund_slov.htm
2002.07.10 14:23 B I:\sindre\stryn\pages\bil.htm --> ftp.stud.ntnu.no /usr/local/www.studorg/telemark/bilder/stryn/pages bil.htm
2002.07.10 14:23 B I:\sindre\stryn\pages\duster_vann.htm --> ftp.stud.ntnu.no /usr/local/www.studorg/telemark/bilder/stryn/pages duster_vann.htm
2002.07.10 14:23 B I:\sindre\stryn\pages\felix_lars_hilde.htm --> ftp.stud.ntnu.no /usr/local/www.studorg/telemark/bilder/stryn/pages felix_lars_hilde.htm
2002.07.10 14:23 B I:\sindre\stryn\pages\grill1.htm --> ftp.stud.ntnu.no /usr/local/www.studorg/telemark/bilder/stryn/pages grill1.htm
2002.07.10 14:23 B I:\sindre\stryn\pages\grill2.htm --> ftp.stud.ntnu.no /usr/local/www.studorg/telemark/bilder/stryn/pages grill2.htm
2002.07.10 14:23 B I:\sindre\stryn\pages\grill3.htm --> ftp.stud.ntnu.no /usr/local/www.studorg/telemark/bilder/stryn/pages grill3.htm
2002.07.10 14:23 B I:\sindre\stryn\pages\grill4.htm --> ftp.stud.ntnu.no /usr/local/www.studorg/telemark/bilder/stryn/pages grill4.htm
2002.07.10 14:23 B I:\sindre\stryn\pages\guri.htm --> ftp.stud.ntnu.no /usr/local/www.studorg/telemark/bilder/stryn/pages guri.htm
2002.07.10 14:23 B I:\sindre\stryn\pages\ja_alko2.htm --> ftp.stud.ntnu.no /usr/local/www.studorg/telemark/bilder/stryn/pages ja_alko2.htm
2002.07.10 14:23 B I:\sindre\stryn\pages\jw_4pils.htm --> ftp.stud.ntnu.no /usr/local/www.studorg/telemark/bilder/stryn/pages jw_4pils.htm
2002.07.10 14:23 B I:\sindre\stryn\pages\jw_alko.htm --> ftp.stud.ntnu.no /usr/local/www.studorg/telemark/bilder/stryn/pages jw_alko.htm
2002.07.10 14:23 B I:\sindre\stryn\pages\jw_stener_topp.htm --> ftp.stud.ntnu.no /usr/local/www.studorg/telemark/bilder/stryn/pages jw_stener_topp.htm
2002.07.10 14:23 B I:\sindre\stryn\pages\jw_stener_yoh1.htm --> ftp.stud.ntnu.no /usr/local/www.studorg/telemark/bilder/stryn/pages jw_stener_yoh1.htm
2002.07.10 14:23 B I:\sindre\stryn\pages\jw_stener_yoh2.htm --> ftp.stud.ntnu.no /usr/local/www.studorg/telemark/bilder/stryn/pages jw_stener_yoh2.htm
2002.07.10 14:23 B I:\sindre\stryn\pages\jw_topp.htm --> ftp.stud.ntnu.no /usr/local/www.studorg/telemark/bilder/stryn/pages jw_topp.htm
2002.07.10 14:23 B I:\sindre\stryn\pages\kake1.htm --> ftp.stud.ntnu.no /usr/local/www.studorg/telemark/bilder/stryn/pages kake1.htm
2002.07.10 14:23 B I:\sindre\stryn\pages\kake2.htm --> ftp.stud.ntnu.no /usr/local/www.studorg/telemark/bilder/stryn/pages kake2.htm
2002.07.10 14:23 B I:\sindre\stryn\pages\ladies_oppdal.htm --> ftp.stud.ntnu.no /usr/local/www.studorg/telemark/bilder/stryn/pages ladies_oppdal.htm
2002.07.10 14:23 B I:\sindre\stryn\pages\ladies_oslo.htm --> ftp.stud.ntnu.no /usr/local/www.studorg/telemark/bilder/stryn/pages ladies_oslo.htm
2002.07.10 14:23 B I:\sindre\stryn\pages\lars_telt.htm --> ftp.stud.ntnu.no /usr/local/www.studorg/telemark/bilder/stryn/pages lars_telt.htm
2002.07.10 14:23 B I:\sindre\stryn\pages\pakk.htm --> ftp.stud.ntnu.no /usr/local/www.studorg/telemark/bilder/stryn/pages pakk.htm
2002.07.10 14:23 B I:\sindre\stryn\pages\pub1.htm --> ftp.stud.ntnu.no /usr/local/www.studorg/telemark/bilder/stryn/pages pub1.htm
2002.07.10 14:23 B I:\sindre\stryn\pages\pub2.htm --> ftp.stud.ntnu.no /usr/local/www.studorg/telemark/bilder/stryn/pages pub2.htm
2002.07.10 14:23 B I:\sindre\stryn\pages\pub_folk.htm --> ftp.stud.ntnu.no /usr/local/www.studorg/telemark/bilder/stryn/pages pub_folk.htm
2002.07.10 14:23 B I:\sindre\stryn\pages\stener_alko.htm --> ftp.stud.ntnu.no /usr/local/www.studorg/telemark/bilder/stryn/pages stener_alko.htm
2002.07.10 14:23 B I:\sindre\stryn\pages\stener_topp1.htm --> ftp.stud.ntnu.no /usr/local/www.studorg/telemark/bilder/stryn/pages stener_topp1.htm
2002.07.10 14:23 B I:\sindre\stryn\pages\stener_topp2.htm --> ftp.stud.ntnu.no /usr/local/www.studorg/telemark/bilder/stryn/pages stener_topp2.htm
2002.07.10 14:23 B I:\sindre\stryn\pages\utdrikk_vann.htm --> ftp.stud.ntnu.no /usr/local/www.studorg/telemark/bilder/stryn/pages utdrikk_vann.htm
2002.07.10 14:23 B I:\sindre\stryn\pages\utdrikk_vann2.htm --> ftp.stud.ntnu.no /usr/local/www.studorg/telemark/bilder/stryn/pages utdrikk_vann2.htm
