2002.07.10 13:31 B I:\sindre\sunAlps\pages\_vti_cnf\a_start.htm --> ftp.powertech.no /home/s/si/sindreob/public_html/pics/sunAlps/pages/_vti_cnf a_start.htm
2002.07.10 13:31 B I:\sindre\sunAlps\pages\_vti_cnf\b_simon_goingup.htm --> ftp.powertech.no /home/s/si/sindreob/public_html/pics/sunAlps/pages/_vti_cnf b_simon_goingup.htm
2002.07.10 13:31 B I:\sindre\sunAlps\pages\_vti_cnf\c_jw_goingup.htm --> ftp.powertech.no /home/s/si/sindreob/public_html/pics/sunAlps/pages/_vti_cnf c_jw_goingup.htm
2002.07.10 13:31 B I:\sindre\sunAlps\pages\_vti_cnf\d_crack_simon.htm --> ftp.powertech.no /home/s/si/sindreob/public_html/pics/sunAlps/pages/_vti_cnf d_crack_simon.htm
2002.07.10 13:31 B I:\sindre\sunAlps\pages\_vti_cnf\e_brekketind.htm --> ftp.powertech.no /home/s/si/sindreob/public_html/pics/sunAlps/pages/_vti_cnf e_brekketind.htm
2002.07.10 13:31 B I:\sindre\sunAlps\pages\_vti_cnf\f_jw_brekketind.htm --> ftp.powertech.no /home/s/si/sindreob/public_html/pics/sunAlps/pages/_vti_cnf f_jw_brekketind.htm
2002.07.10 13:31 B I:\sindre\sunAlps\pages\_vti_cnf\g_jw_stener_brekketind.htm --> ftp.powertech.no /home/s/si/sindreob/public_html/pics/sunAlps/pages/_vti_cnf g_jw_stener_brekketind.htm
2002.07.10 13:31 B I:\sindre\sunAlps\pages\_vti_cnf\h_eggen_brekketind.htm --> ftp.powertech.no /home/s/si/sindreob/public_html/pics/sunAlps/pages/_vti_cnf h_eggen_brekketind.htm
2002.07.10 13:31 B I:\sindre\sunAlps\pages\_vti_cnf\i_mot_toppen_brekketind.htm --> ftp.powertech.no /home/s/si/sindreob/public_html/pics/sunAlps/pages/_vti_cnf i_mot_toppen_brekketind.htm
2002.07.10 13:31 B I:\sindre\sunAlps\pages\_vti_cnf\j_brekketind2.htm --> ftp.powertech.no /home/s/si/sindreob/public_html/pics/sunAlps/pages/_vti_cnf j_brekketind2.htm
2002.07.10 13:31 B I:\sindre\sunAlps\pages\_vti_cnf\k_alle_mot_brekketind.htm --> ftp.powertech.no /home/s/si/sindreob/public_html/pics/sunAlps/pages/_vti_cnf k_alle_mot_brekketind.htm
2002.07.10 13:31 B I:\sindre\sunAlps\pages\_vti_cnf\l_paa_vei.htm --> ftp.powertech.no /home/s/si/sindreob/public_html/pics/sunAlps/pages/_vti_cnf l_paa_vei.htm
2002.07.10 13:31 B I:\sindre\sunAlps\pages\_vti_cnf\m_mot_toppen_taake.htm --> ftp.powertech.no /home/s/si/sindreob/public_html/pics/sunAlps/pages/_vti_cnf m_mot_toppen_taake.htm
2002.07.10 13:31 B I:\sindre\sunAlps\pages\_vti_cnf\n_simon1.htm --> ftp.powertech.no /home/s/si/sindreob/public_html/pics/sunAlps/pages/_vti_cnf n_simon1.htm
2002.07.10 13:31 B I:\sindre\sunAlps\pages\_vti_cnf\o_alle_topp.htm --> ftp.powertech.no /home/s/si/sindreob/public_html/pics/sunAlps/pages/_vti_cnf o_alle_topp.htm
2002.07.10 13:31 B I:\sindre\sunAlps\pages\_vti_cnf\p_simon2.htm --> ftp.powertech.no /home/s/si/sindreob/public_html/pics/sunAlps/pages/_vti_cnf p_simon2.htm
2002.07.10 13:31 B I:\sindre\sunAlps\pages\_vti_cnf\q_toppen.htm --> ftp.powertech.no /home/s/si/sindreob/public_html/pics/sunAlps/pages/_vti_cnf q_toppen.htm
2002.07.10 13:31 B I:\sindre\sunAlps\pages\_vti_cnf\r_alle_slogen.htm --> ftp.powertech.no /home/s/si/sindreob/public_html/pics/sunAlps/pages/_vti_cnf r_alle_slogen.htm
2002.07.10 13:31 B I:\sindre\sunAlps\pages\_vti_cnf\s_meg_topp.htm --> ftp.powertech.no /home/s/si/sindreob/public_html/pics/sunAlps/pages/_vti_cnf s_meg_topp.htm
2002.07.10 13:31 B I:\sindre\sunAlps\pages\_vti_cnf\t_simon_booting.htm --> ftp.powertech.no /home/s/si/sindreob/public_html/pics/sunAlps/pages/_vti_cnf t_simon_booting.htm
2002.07.10 13:31 B I:\sindre\sunAlps\pages\_vti_cnf\t_slogen2.htm --> ftp.powertech.no /home/s/si/sindreob/public_html/pics/sunAlps/pages/_vti_cnf t_slogen2.htm
2002.07.10 13:31 B I:\sindre\sunAlps\pages\_vti_cnf\u_slogen.htm --> ftp.powertech.no /home/s/si/sindreob/public_html/pics/sunAlps/pages/_vti_cnf u_slogen.htm
2002.07.10 13:31 B I:\sindre\sunAlps\pages\_vti_cnf\v_jakta.htm --> ftp.powertech.no /home/s/si/sindreob/public_html/pics/sunAlps/pages/_vti_cnf v_jakta.htm
2002.07.10 13:31 B I:\sindre\sunAlps\pages\_vti_cnf\z_finito.htm --> ftp.powertech.no /home/s/si/sindreob/public_html/pics/sunAlps/pages/_vti_cnf z_finito.htm
2002.07.10 13:31 B I:\sindre\sunAlps\pages\_vti_cnf\z_hytta1.htm --> ftp.powertech.no /home/s/si/sindreob/public_html/pics/sunAlps/pages/_vti_cnf z_hytta1.htm
2002.07.10 13:31 B I:\sindre\sunAlps\pages\_vti_cnf\z_hytta2.htm --> ftp.powertech.no /home/s/si/sindreob/public_html/pics/sunAlps/pages/_vti_cnf z_hytta2.htm
2002.07.10 13:31 B I:\sindre\sunAlps\pages\_vti_cnf\z_hytta3.htm --> ftp.powertech.no /home/s/si/sindreob/public_html/pics/sunAlps/pages/_vti_cnf z_hytta3.htm
2002.07.10 13:31 B I:\sindre\sunAlps\pages\_vti_cnf\z_hytta_alle_brekketind.htm --> ftp.powertech.no /home/s/si/sindreob/public_html/pics/sunAlps/pages/_vti_cnf z_hytta_alle_brekketind.htm
2002.07.10 13:31 B I:\sindre\sunAlps\pages\_vti_cnf\z_hytta_alle_slogen.htm --> ftp.powertech.no /home/s/si/sindreob/public_html/pics/sunAlps/pages/_vti_cnf z_hytta_alle_slogen.htm
2002.07.10 13:31 B I:\sindre\sunAlps\pages\_vti_cnf\z_kinky.htm --> ftp.powertech.no /home/s/si/sindreob/public_html/pics/sunAlps/pages/_vti_cnf z_kinky.htm
2002.07.10 13:31 B I:\sindre\sunAlps\pages\_vti_cnf\z_rainbow.htm --> ftp.powertech.no /home/s/si/sindreob/public_html/pics/sunAlps/pages/_vti_cnf z_rainbow.htm
2002.07.10 13:31 B I:\sindre\sunAlps\pages\_vti_cnf\z_simon_rainbow.htm --> ftp.powertech.no /home/s/si/sindreob/public_html/pics/sunAlps/pages/_vti_cnf z_simon_rainbow.htm
2002.07.10 13:31 B I:\sindre\sunAlps\pages\_vti_cnf\z_slogen_oye.htm --> ftp.powertech.no /home/s/si/sindreob/public_html/pics/sunAlps/pages/_vti_cnf z_slogen_oye.htm
2002.07.10 13:31 B I:\sindre\sunAlps\pages\_vti_cnf\z_stener_buttertop.htm --> ftp.powertech.no /home/s/si/sindreob/public_html/pics/sunAlps/pages/_vti_cnf z_stener_buttertop.htm
2002.07.10 13:31 B I:\sindre\sunAlps\pages\_vti_cnf\z_waffleman.htm --> ftp.powertech.no /home/s/si/sindreob/public_html/pics/sunAlps/pages/_vti_cnf z_waffleman.htm
2002.07.10 13:31 B I:\sindre\sunAlps\pages\_vti_cnf\z_waffleman2.htm --> ftp.powertech.no /home/s/si/sindreob/public_html/pics/sunAlps/pages/_vti_cnf z_waffleman2.htm
2002.07.10 14:33 B I:\sindre\sunAlps\pages\_vti_cnf\a_start.htm --> ftp.stud.ntnu.no /usr/local/www.studorg/telemark/bilder/sunAlps/pages/_vti_cnf a_start.htm
2002.07.10 14:33 B I:\sindre\sunAlps\pages\_vti_cnf\b_simon_goingup.htm --> ftp.stud.ntnu.no /usr/local/www.studorg/telemark/bilder/sunAlps/pages/_vti_cnf b_simon_goingup.htm
2002.07.10 14:33 B I:\sindre\sunAlps\pages\_vti_cnf\c_jw_goingup.htm --> ftp.stud.ntnu.no /usr/local/www.studorg/telemark/bilder/sunAlps/pages/_vti_cnf c_jw_goingup.htm
2002.07.10 14:33 B I:\sindre\sunAlps\pages\_vti_cnf\d_crack_simon.htm --> ftp.stud.ntnu.no /usr/local/www.studorg/telemark/bilder/sunAlps/pages/_vti_cnf d_crack_simon.htm
2002.07.10 14:33 B I:\sindre\sunAlps\pages\_vti_cnf\e_brekketind.htm --> ftp.stud.ntnu.no /usr/local/www.studorg/telemark/bilder/sunAlps/pages/_vti_cnf e_brekketind.htm
2002.07.10 14:33 B I:\sindre\sunAlps\pages\_vti_cnf\f_jw_brekketind.htm --> ftp.stud.ntnu.no /usr/local/www.studorg/telemark/bilder/sunAlps/pages/_vti_cnf f_jw_brekketind.htm
2002.07.10 14:33 B I:\sindre\sunAlps\pages\_vti_cnf\g_jw_stener_brekketind.htm --> ftp.stud.ntnu.no /usr/local/www.studorg/telemark/bilder/sunAlps/pages/_vti_cnf g_jw_stener_brekketind.htm
2002.07.10 14:33 B I:\sindre\sunAlps\pages\_vti_cnf\h_eggen_brekketind.htm --> ftp.stud.ntnu.no /usr/local/www.studorg/telemark/bilder/sunAlps/pages/_vti_cnf h_eggen_brekketind.htm
2002.07.10 14:33 B I:\sindre\sunAlps\pages\_vti_cnf\i_mot_toppen_brekketind.htm --> ftp.stud.ntnu.no /usr/local/www.studorg/telemark/bilder/sunAlps/pages/_vti_cnf i_mot_toppen_brekketind.htm
2002.07.10 14:33 B I:\sindre\sunAlps\pages\_vti_cnf\j_brekketind2.htm --> ftp.stud.ntnu.no /usr/local/www.studorg/telemark/bilder/sunAlps/pages/_vti_cnf j_brekketind2.htm
2002.07.10 14:33 B I:\sindre\sunAlps\pages\_vti_cnf\k_alle_mot_brekketind.htm --> ftp.stud.ntnu.no /usr/local/www.studorg/telemark/bilder/sunAlps/pages/_vti_cnf k_alle_mot_brekketind.htm
2002.07.10 14:33 B I:\sindre\sunAlps\pages\_vti_cnf\l_paa_vei.htm --> ftp.stud.ntnu.no /usr/local/www.studorg/telemark/bilder/sunAlps/pages/_vti_cnf l_paa_vei.htm
2002.07.10 14:33 B I:\sindre\sunAlps\pages\_vti_cnf\m_mot_toppen_taake.htm --> ftp.stud.ntnu.no /usr/local/www.studorg/telemark/bilder/sunAlps/pages/_vti_cnf m_mot_toppen_taake.htm
2002.07.10 14:33 B I:\sindre\sunAlps\pages\_vti_cnf\n_simon1.htm --> ftp.stud.ntnu.no /usr/local/www.studorg/telemark/bilder/sunAlps/pages/_vti_cnf n_simon1.htm
2002.07.10 14:33 B I:\sindre\sunAlps\pages\_vti_cnf\o_alle_topp.htm --> ftp.stud.ntnu.no /usr/local/www.studorg/telemark/bilder/sunAlps/pages/_vti_cnf o_alle_topp.htm
2002.07.10 14:33 B I:\sindre\sunAlps\pages\_vti_cnf\p_simon2.htm --> ftp.stud.ntnu.no /usr/local/www.studorg/telemark/bilder/sunAlps/pages/_vti_cnf p_simon2.htm
2002.07.10 14:33 B I:\sindre\sunAlps\pages\_vti_cnf\q_toppen.htm --> ftp.stud.ntnu.no /usr/local/www.studorg/telemark/bilder/sunAlps/pages/_vti_cnf q_toppen.htm
2002.07.10 14:33 B I:\sindre\sunAlps\pages\_vti_cnf\r_alle_slogen.htm --> ftp.stud.ntnu.no /usr/local/www.studorg/telemark/bilder/sunAlps/pages/_vti_cnf r_alle_slogen.htm
2002.07.10 14:33 B I:\sindre\sunAlps\pages\_vti_cnf\s_meg_topp.htm --> ftp.stud.ntnu.no /usr/local/www.studorg/telemark/bilder/sunAlps/pages/_vti_cnf s_meg_topp.htm
2002.07.10 14:33 B I:\sindre\sunAlps\pages\_vti_cnf\t_simon_booting.htm --> ftp.stud.ntnu.no /usr/local/www.studorg/telemark/bilder/sunAlps/pages/_vti_cnf t_simon_booting.htm
2002.07.10 14:33 B I:\sindre\sunAlps\pages\_vti_cnf\t_slogen2.htm --> ftp.stud.ntnu.no /usr/local/www.studorg/telemark/bilder/sunAlps/pages/_vti_cnf t_slogen2.htm
2002.07.10 14:33 B I:\sindre\sunAlps\pages\_vti_cnf\u_slogen.htm --> ftp.stud.ntnu.no /usr/local/www.studorg/telemark/bilder/sunAlps/pages/_vti_cnf u_slogen.htm
2002.07.10 14:33 B I:\sindre\sunAlps\pages\_vti_cnf\v_jakta.htm --> ftp.stud.ntnu.no /usr/local/www.studorg/telemark/bilder/sunAlps/pages/_vti_cnf v_jakta.htm
