2002.07.10 13:09 B I:\sindre\hurrungane\images\_vti_cnf\01.jpg --> ftp.powertech.no /home/s/si/sindreob/public_html/pics/hurrungane/images/_vti_cnf 01.jpg
2002.07.10 13:09 B I:\sindre\hurrungane\images\_vti_cnf\02.jpg --> ftp.powertech.no /home/s/si/sindreob/public_html/pics/hurrungane/images/_vti_cnf 02.jpg
2002.07.10 13:09 B I:\sindre\hurrungane\images\_vti_cnf\03.jpg --> ftp.powertech.no /home/s/si/sindreob/public_html/pics/hurrungane/images/_vti_cnf 03.jpg
2002.07.10 13:09 B I:\sindre\hurrungane\images\_vti_cnf\04.jpg --> ftp.powertech.no /home/s/si/sindreob/public_html/pics/hurrungane/images/_vti_cnf 04.jpg
2002.07.10 13:09 B I:\sindre\hurrungane\images\_vti_cnf\05.jpg --> ftp.powertech.no /home/s/si/sindreob/public_html/pics/hurrungane/images/_vti_cnf 05.jpg
2002.07.10 13:09 B I:\sindre\hurrungane\images\_vti_cnf\06.jpg --> ftp.powertech.no /home/s/si/sindreob/public_html/pics/hurrungane/images/_vti_cnf 06.jpg
2002.07.10 13:09 B I:\sindre\hurrungane\images\_vti_cnf\07.jpg --> ftp.powertech.no /home/s/si/sindreob/public_html/pics/hurrungane/images/_vti_cnf 07.jpg
2002.07.10 13:09 B I:\sindre\hurrungane\images\_vti_cnf\08.jpg --> ftp.powertech.no /home/s/si/sindreob/public_html/pics/hurrungane/images/_vti_cnf 08.jpg
2002.07.10 13:09 B I:\sindre\hurrungane\images\_vti_cnf\09.jpg --> ftp.powertech.no /home/s/si/sindreob/public_html/pics/hurrungane/images/_vti_cnf 09.jpg
2002.07.10 13:09 B I:\sindre\hurrungane\images\_vti_cnf\10.jpg --> ftp.powertech.no /home/s/si/sindreob/public_html/pics/hurrungane/images/_vti_cnf 10.jpg
2002.07.10 13:09 B I:\sindre\hurrungane\images\_vti_cnf\11.jpg --> ftp.powertech.no /home/s/si/sindreob/public_html/pics/hurrungane/images/_vti_cnf 11.jpg
2002.07.10 13:10 B I:\sindre\hurrungane\images\_vti_cnf\12.jpg --> ftp.powertech.no /home/s/si/sindreob/public_html/pics/hurrungane/images/_vti_cnf 12.jpg
2002.07.10 13:10 B I:\sindre\hurrungane\images\_vti_cnf\13.jpg --> ftp.powertech.no /home/s/si/sindreob/public_html/pics/hurrungane/images/_vti_cnf 13.jpg
2002.07.10 13:10 B I:\sindre\hurrungane\images\_vti_cnf\14.jpg --> ftp.powertech.no /home/s/si/sindreob/public_html/pics/hurrungane/images/_vti_cnf 14.jpg
2002.07.10 13:10 B I:\sindre\hurrungane\images\_vti_cnf\15.jpg --> ftp.powertech.no /home/s/si/sindreob/public_html/pics/hurrungane/images/_vti_cnf 15.jpg
2002.07.10 13:10 B I:\sindre\hurrungane\images\_vti_cnf\16.jpg --> ftp.powertech.no /home/s/si/sindreob/public_html/pics/hurrungane/images/_vti_cnf 16.jpg
2002.07.10 13:10 B I:\sindre\hurrungane\images\_vti_cnf\17.jpg --> ftp.powertech.no /home/s/si/sindreob/public_html/pics/hurrungane/images/_vti_cnf 17.jpg
2002.07.10 13:10 B I:\sindre\hurrungane\images\_vti_cnf\18.jpg --> ftp.powertech.no /home/s/si/sindreob/public_html/pics/hurrungane/images/_vti_cnf 18.jpg
2002.07.10 13:10 B I:\sindre\hurrungane\images\_vti_cnf\19.jpg --> ftp.powertech.no /home/s/si/sindreob/public_html/pics/hurrungane/images/_vti_cnf 19.jpg
2002.07.10 13:10 B I:\sindre\hurrungane\images\_vti_cnf\20.jpg --> ftp.powertech.no /home/s/si/sindreob/public_html/pics/hurrungane/images/_vti_cnf 20.jpg
2002.07.10 13:10 B I:\sindre\hurrungane\images\_vti_cnf\21.jpg --> ftp.powertech.no /home/s/si/sindreob/public_html/pics/hurrungane/images/_vti_cnf 21.jpg
2002.07.10 13:10 B I:\sindre\hurrungane\images\_vti_cnf\home.gif --> ftp.powertech.no /home/s/si/sindreob/public_html/pics/hurrungane/images/_vti_cnf home.gif
2002.07.10 13:10 B I:\sindre\hurrungane\images\_vti_cnf\next.gif --> ftp.powertech.no /home/s/si/sindreob/public_html/pics/hurrungane/images/_vti_cnf next.gif
2002.07.10 13:10 B I:\sindre\hurrungane\images\_vti_cnf\previous.gif --> ftp.powertech.no /home/s/si/sindreob/public_html/pics/hurrungane/images/_vti_cnf previous.gif
2002.07.10 14:09 B I:\sindre\hurrungane\images\_vti_cnf\01.jpg --> ftp.stud.ntnu.no /usr/local/www.studorg/telemark/bilder/hurrungane/images/_vti_cnf 01.jpg
2002.07.10 14:09 B I:\sindre\hurrungane\images\_vti_cnf\02.jpg --> ftp.stud.ntnu.no /usr/local/www.studorg/telemark/bilder/hurrungane/images/_vti_cnf 02.jpg
2002.07.10 14:09 B I:\sindre\hurrungane\images\_vti_cnf\03.jpg --> ftp.stud.ntnu.no /usr/local/www.studorg/telemark/bilder/hurrungane/images/_vti_cnf 03.jpg
2002.07.10 14:09 B I:\sindre\hurrungane\images\_vti_cnf\04.jpg --> ftp.stud.ntnu.no /usr/local/www.studorg/telemark/bilder/hurrungane/images/_vti_cnf 04.jpg
2002.07.10 14:09 B I:\sindre\hurrungane\images\_vti_cnf\05.jpg --> ftp.stud.ntnu.no /usr/local/www.studorg/telemark/bilder/hurrungane/images/_vti_cnf 05.jpg
2002.07.10 14:09 B I:\sindre\hurrungane\images\_vti_cnf\06.jpg --> ftp.stud.ntnu.no /usr/local/www.studorg/telemark/bilder/hurrungane/images/_vti_cnf 06.jpg
2002.07.10 14:09 B I:\sindre\hurrungane\images\_vti_cnf\07.jpg --> ftp.stud.ntnu.no /usr/local/www.studorg/telemark/bilder/hurrungane/images/_vti_cnf 07.jpg
2002.07.10 14:09 B I:\sindre\hurrungane\images\_vti_cnf\08.jpg --> ftp.stud.ntnu.no /usr/local/www.studorg/telemark/bilder/hurrungane/images/_vti_cnf 08.jpg
2002.07.10 14:09 B I:\sindre\hurrungane\images\_vti_cnf\09.jpg --> ftp.stud.ntnu.no /usr/local/www.studorg/telemark/bilder/hurrungane/images/_vti_cnf 09.jpg
2002.07.10 14:09 B I:\sindre\hurrungane\images\_vti_cnf\10.jpg --> ftp.stud.ntnu.no /usr/local/www.studorg/telemark/bilder/hurrungane/images/_vti_cnf 10.jpg
2002.07.10 14:09 B I:\sindre\hurrungane\images\_vti_cnf\11.jpg --> ftp.stud.ntnu.no /usr/local/www.studorg/telemark/bilder/hurrungane/images/_vti_cnf 11.jpg
2002.07.10 14:09 B I:\sindre\hurrungane\images\_vti_cnf\12.jpg --> ftp.stud.ntnu.no /usr/local/www.studorg/telemark/bilder/hurrungane/images/_vti_cnf 12.jpg
2002.07.10 14:09 B I:\sindre\hurrungane\images\_vti_cnf\13.jpg --> ftp.stud.ntnu.no /usr/local/www.studorg/telemark/bilder/hurrungane/images/_vti_cnf 13.jpg
2002.07.10 14:09 B I:\sindre\hurrungane\images\_vti_cnf\14.jpg --> ftp.stud.ntnu.no /usr/local/www.studorg/telemark/bilder/hurrungane/images/_vti_cnf 14.jpg
2002.07.10 14:09 B I:\sindre\hurrungane\images\_vti_cnf\15.jpg --> ftp.stud.ntnu.no /usr/local/www.studorg/telemark/bilder/hurrungane/images/_vti_cnf 15.jpg
2002.07.10 14:09 B I:\sindre\hurrungane\images\_vti_cnf\16.jpg --> ftp.stud.ntnu.no /usr/local/www.studorg/telemark/bilder/hurrungane/images/_vti_cnf 16.jpg
2002.07.10 14:09 B I:\sindre\hurrungane\images\_vti_cnf\17.jpg --> ftp.stud.ntnu.no /usr/local/www.studorg/telemark/bilder/hurrungane/images/_vti_cnf 17.jpg
2002.07.10 14:10 B I:\sindre\hurrungane\images\_vti_cnf\18.jpg --> ftp.stud.ntnu.no /usr/local/www.studorg/telemark/bilder/hurrungane/images/_vti_cnf 18.jpg
2002.07.10 14:10 B I:\sindre\hurrungane\images\_vti_cnf\19.jpg --> ftp.stud.ntnu.no /usr/local/www.studorg/telemark/bilder/hurrungane/images/_vti_cnf 19.jpg
2002.07.10 14:10 B I:\sindre\hurrungane\images\_vti_cnf\20.jpg --> ftp.stud.ntnu.no /usr/local/www.studorg/telemark/bilder/hurrungane/images/_vti_cnf 20.jpg
2002.07.10 14:10 B I:\sindre\hurrungane\images\_vti_cnf\21.jpg --> ftp.stud.ntnu.no /usr/local/www.studorg/telemark/bilder/hurrungane/images/_vti_cnf 21.jpg
2002.07.10 14:10 B I:\sindre\hurrungane\images\_vti_cnf\home.gif --> ftp.stud.ntnu.no /usr/local/www.studorg/telemark/bilder/hurrungane/images/_vti_cnf home.gif
2002.07.10 14:10 B I:\sindre\hurrungane\images\_vti_cnf\next.gif --> ftp.stud.ntnu.no /usr/local/www.studorg/telemark/bilder/hurrungane/images/_vti_cnf next.gif
2002.07.10 14:10 B I:\sindre\hurrungane\images\_vti_cnf\previous.gif --> ftp.stud.ntnu.no /usr/local/www.studorg/telemark/bilder/hurrungane/images/_vti_cnf previous.gif
