2002.07.10 13:10 B I:\sindre\hurrungane\images\01.jpg --> ftp.powertech.no /home/s/si/sindreob/public_html/pics/hurrungane/images 01.jpg
2002.07.10 13:10 B I:\sindre\hurrungane\images\02.jpg --> ftp.powertech.no /home/s/si/sindreob/public_html/pics/hurrungane/images 02.jpg
2002.07.10 13:10 B I:\sindre\hurrungane\images\03.jpg --> ftp.powertech.no /home/s/si/sindreob/public_html/pics/hurrungane/images 03.jpg
2002.07.10 13:10 B I:\sindre\hurrungane\images\04.jpg --> ftp.powertech.no /home/s/si/sindreob/public_html/pics/hurrungane/images 04.jpg
2002.07.10 13:10 B I:\sindre\hurrungane\images\05.jpg --> ftp.powertech.no /home/s/si/sindreob/public_html/pics/hurrungane/images 05.jpg
2002.07.10 13:10 B I:\sindre\hurrungane\images\06.jpg --> ftp.powertech.no /home/s/si/sindreob/public_html/pics/hurrungane/images 06.jpg
2002.07.10 13:11 B I:\sindre\hurrungane\images\07.jpg --> ftp.powertech.no /home/s/si/sindreob/public_html/pics/hurrungane/images 07.jpg
2002.07.10 13:11 B I:\sindre\hurrungane\images\08.jpg --> ftp.powertech.no /home/s/si/sindreob/public_html/pics/hurrungane/images 08.jpg
2002.07.10 13:11 B I:\sindre\hurrungane\images\09.jpg --> ftp.powertech.no /home/s/si/sindreob/public_html/pics/hurrungane/images 09.jpg
2002.07.10 13:11 B I:\sindre\hurrungane\images\10.jpg --> ftp.powertech.no /home/s/si/sindreob/public_html/pics/hurrungane/images 10.jpg
2002.07.10 13:11 B I:\sindre\hurrungane\images\11.jpg --> ftp.powertech.no /home/s/si/sindreob/public_html/pics/hurrungane/images 11.jpg
2002.07.10 13:11 B I:\sindre\hurrungane\images\12.jpg --> ftp.powertech.no /home/s/si/sindreob/public_html/pics/hurrungane/images 12.jpg
2002.07.10 13:11 B I:\sindre\hurrungane\images\13.jpg --> ftp.powertech.no /home/s/si/sindreob/public_html/pics/hurrungane/images 13.jpg
2002.07.10 13:11 B I:\sindre\hurrungane\images\14.jpg --> ftp.powertech.no /home/s/si/sindreob/public_html/pics/hurrungane/images 14.jpg
2002.07.10 13:11 B I:\sindre\hurrungane\images\15.jpg --> ftp.powertech.no /home/s/si/sindreob/public_html/pics/hurrungane/images 15.jpg
2002.07.10 13:12 B I:\sindre\hurrungane\images\16.jpg --> ftp.powertech.no /home/s/si/sindreob/public_html/pics/hurrungane/images 16.jpg
2002.07.10 13:12 B I:\sindre\hurrungane\images\17.jpg --> ftp.powertech.no /home/s/si/sindreob/public_html/pics/hurrungane/images 17.jpg
2002.07.10 13:12 B I:\sindre\hurrungane\images\18.jpg --> ftp.powertech.no /home/s/si/sindreob/public_html/pics/hurrungane/images 18.jpg
2002.07.10 13:12 B I:\sindre\hurrungane\images\19.jpg --> ftp.powertech.no /home/s/si/sindreob/public_html/pics/hurrungane/images 19.jpg
2002.07.10 13:12 B I:\sindre\hurrungane\images\20.jpg --> ftp.powertech.no /home/s/si/sindreob/public_html/pics/hurrungane/images 20.jpg
2002.07.10 13:12 B I:\sindre\hurrungane\images\21.jpg --> ftp.powertech.no /home/s/si/sindreob/public_html/pics/hurrungane/images 21.jpg
2002.07.10 13:12 B I:\sindre\hurrungane\images\home.gif --> ftp.powertech.no /home/s/si/sindreob/public_html/pics/hurrungane/images home.gif
2002.07.10 13:12 B I:\sindre\hurrungane\images\next.gif --> ftp.powertech.no /home/s/si/sindreob/public_html/pics/hurrungane/images next.gif
2002.07.10 13:12 B I:\sindre\hurrungane\images\previous.gif --> ftp.powertech.no /home/s/si/sindreob/public_html/pics/hurrungane/images previous.gif
2002.07.10 14:10 B I:\sindre\hurrungane\images\01.jpg --> ftp.stud.ntnu.no /usr/local/www.studorg/telemark/bilder/hurrungane/images 01.jpg
2002.07.10 14:10 B I:\sindre\hurrungane\images\02.jpg --> ftp.stud.ntnu.no /usr/local/www.studorg/telemark/bilder/hurrungane/images 02.jpg
2002.07.10 14:10 B I:\sindre\hurrungane\images\03.jpg --> ftp.stud.ntnu.no /usr/local/www.studorg/telemark/bilder/hurrungane/images 03.jpg
2002.07.10 14:10 B I:\sindre\hurrungane\images\04.jpg --> ftp.stud.ntnu.no /usr/local/www.studorg/telemark/bilder/hurrungane/images 04.jpg
2002.07.10 14:10 B I:\sindre\hurrungane\images\05.jpg --> ftp.stud.ntnu.no /usr/local/www.studorg/telemark/bilder/hurrungane/images 05.jpg
2002.07.10 14:11 B I:\sindre\hurrungane\images\06.jpg --> ftp.stud.ntnu.no /usr/local/www.studorg/telemark/bilder/hurrungane/images 06.jpg
2002.07.10 14:11 B I:\sindre\hurrungane\images\07.jpg --> ftp.stud.ntnu.no /usr/local/www.studorg/telemark/bilder/hurrungane/images 07.jpg
2002.07.10 14:11 B I:\sindre\hurrungane\images\08.jpg --> ftp.stud.ntnu.no /usr/local/www.studorg/telemark/bilder/hurrungane/images 08.jpg
2002.07.10 14:11 B I:\sindre\hurrungane\images\09.jpg --> ftp.stud.ntnu.no /usr/local/www.studorg/telemark/bilder/hurrungane/images 09.jpg
2002.07.10 14:11 B I:\sindre\hurrungane\images\10.jpg --> ftp.stud.ntnu.no /usr/local/www.studorg/telemark/bilder/hurrungane/images 10.jpg
2002.07.10 14:11 B I:\sindre\hurrungane\images\11.jpg --> ftp.stud.ntnu.no /usr/local/www.studorg/telemark/bilder/hurrungane/images 11.jpg
2002.07.10 14:11 B I:\sindre\hurrungane\images\12.jpg --> ftp.stud.ntnu.no /usr/local/www.studorg/telemark/bilder/hurrungane/images 12.jpg
2002.07.10 14:11 B I:\sindre\hurrungane\images\13.jpg --> ftp.stud.ntnu.no /usr/local/www.studorg/telemark/bilder/hurrungane/images 13.jpg
2002.07.10 14:11 B I:\sindre\hurrungane\images\14.jpg --> ftp.stud.ntnu.no /usr/local/www.studorg/telemark/bilder/hurrungane/images 14.jpg
2002.07.10 14:12 B I:\sindre\hurrungane\images\15.jpg --> ftp.stud.ntnu.no /usr/local/www.studorg/telemark/bilder/hurrungane/images 15.jpg
2002.07.10 14:12 B I:\sindre\hurrungane\images\16.jpg --> ftp.stud.ntnu.no /usr/local/www.studorg/telemark/bilder/hurrungane/images 16.jpg
2002.07.10 14:12 B I:\sindre\hurrungane\images\17.jpg --> ftp.stud.ntnu.no /usr/local/www.studorg/telemark/bilder/hurrungane/images 17.jpg
2002.07.10 14:12 B I:\sindre\hurrungane\images\18.jpg --> ftp.stud.ntnu.no /usr/local/www.studorg/telemark/bilder/hurrungane/images 18.jpg
2002.07.10 14:12 B I:\sindre\hurrungane\images\19.jpg --> ftp.stud.ntnu.no /usr/local/www.studorg/telemark/bilder/hurrungane/images 19.jpg
2002.07.10 14:12 B I:\sindre\hurrungane\images\20.jpg --> ftp.stud.ntnu.no /usr/local/www.studorg/telemark/bilder/hurrungane/images 20.jpg
2002.07.10 14:12 B I:\sindre\hurrungane\images\21.jpg --> ftp.stud.ntnu.no /usr/local/www.studorg/telemark/bilder/hurrungane/images 21.jpg
2002.07.10 14:12 B I:\sindre\hurrungane\images\home.gif --> ftp.stud.ntnu.no /usr/local/www.studorg/telemark/bilder/hurrungane/images home.gif
2002.07.10 14:12 B I:\sindre\hurrungane\images\next.gif --> ftp.stud.ntnu.no /usr/local/www.studorg/telemark/bilder/hurrungane/images next.gif
2002.07.10 14:12 B I:\sindre\hurrungane\images\previous.gif --> ftp.stud.ntnu.no /usr/local/www.studorg/telemark/bilder/hurrungane/images previous.gif
