2002.07.10 13:07 B I:\sindre\hoemsbu\images\_vti_cnf\01.jpg --> ftp.powertech.no /home/s/si/sindreob/public_html/pics/hoemsbu/images/_vti_cnf 01.jpg
2002.07.10 13:07 B I:\sindre\hoemsbu\images\_vti_cnf\02.jpg --> ftp.powertech.no /home/s/si/sindreob/public_html/pics/hoemsbu/images/_vti_cnf 02.jpg
2002.07.10 13:07 B I:\sindre\hoemsbu\images\_vti_cnf\03.jpg --> ftp.powertech.no /home/s/si/sindreob/public_html/pics/hoemsbu/images/_vti_cnf 03.jpg
2002.07.10 13:07 B I:\sindre\hoemsbu\images\_vti_cnf\04.jpg --> ftp.powertech.no /home/s/si/sindreob/public_html/pics/hoemsbu/images/_vti_cnf 04.jpg
2002.07.10 13:07 B I:\sindre\hoemsbu\images\_vti_cnf\05.jpg --> ftp.powertech.no /home/s/si/sindreob/public_html/pics/hoemsbu/images/_vti_cnf 05.jpg
2002.07.10 13:07 B I:\sindre\hoemsbu\images\_vti_cnf\06.jpg --> ftp.powertech.no /home/s/si/sindreob/public_html/pics/hoemsbu/images/_vti_cnf 06.jpg
2002.07.10 13:07 B I:\sindre\hoemsbu\images\_vti_cnf\07.jpg --> ftp.powertech.no /home/s/si/sindreob/public_html/pics/hoemsbu/images/_vti_cnf 07.jpg
2002.07.10 13:07 B I:\sindre\hoemsbu\images\_vti_cnf\08.jpg --> ftp.powertech.no /home/s/si/sindreob/public_html/pics/hoemsbu/images/_vti_cnf 08.jpg
2002.07.10 13:07 B I:\sindre\hoemsbu\images\_vti_cnf\home.gif --> ftp.powertech.no /home/s/si/sindreob/public_html/pics/hoemsbu/images/_vti_cnf home.gif
2002.07.10 13:07 B I:\sindre\hoemsbu\images\_vti_cnf\next.gif --> ftp.powertech.no /home/s/si/sindreob/public_html/pics/hoemsbu/images/_vti_cnf next.gif
2002.07.10 13:07 B I:\sindre\hoemsbu\images\_vti_cnf\previous.gif --> ftp.powertech.no /home/s/si/sindreob/public_html/pics/hoemsbu/images/_vti_cnf previous.gif
2002.07.10 14:06 B I:\sindre\hoemsbu\images\_vti_cnf\01.jpg --> ftp.stud.ntnu.no /usr/local/www.studorg/telemark/bilder/hoemsbu/images/_vti_cnf 01.jpg
2002.07.10 14:06 B I:\sindre\hoemsbu\images\_vti_cnf\02.jpg --> ftp.stud.ntnu.no /usr/local/www.studorg/telemark/bilder/hoemsbu/images/_vti_cnf 02.jpg
2002.07.10 14:06 B I:\sindre\hoemsbu\images\_vti_cnf\03.jpg --> ftp.stud.ntnu.no /usr/local/www.studorg/telemark/bilder/hoemsbu/images/_vti_cnf 03.jpg
2002.07.10 14:06 B I:\sindre\hoemsbu\images\_vti_cnf\04.jpg --> ftp.stud.ntnu.no /usr/local/www.studorg/telemark/bilder/hoemsbu/images/_vti_cnf 04.jpg
2002.07.10 14:06 B I:\sindre\hoemsbu\images\_vti_cnf\05.jpg --> ftp.stud.ntnu.no /usr/local/www.studorg/telemark/bilder/hoemsbu/images/_vti_cnf 05.jpg
2002.07.10 14:06 B I:\sindre\hoemsbu\images\_vti_cnf\06.jpg --> ftp.stud.ntnu.no /usr/local/www.studorg/telemark/bilder/hoemsbu/images/_vti_cnf 06.jpg
2002.07.10 14:06 B I:\sindre\hoemsbu\images\_vti_cnf\07.jpg --> ftp.stud.ntnu.no /usr/local/www.studorg/telemark/bilder/hoemsbu/images/_vti_cnf 07.jpg
2002.07.10 14:07 B I:\sindre\hoemsbu\images\_vti_cnf\08.jpg --> ftp.stud.ntnu.no /usr/local/www.studorg/telemark/bilder/hoemsbu/images/_vti_cnf 08.jpg
2002.07.10 14:07 B I:\sindre\hoemsbu\images\_vti_cnf\home.gif --> ftp.stud.ntnu.no /usr/local/www.studorg/telemark/bilder/hoemsbu/images/_vti_cnf home.gif
2002.07.10 14:07 B I:\sindre\hoemsbu\images\_vti_cnf\next.gif --> ftp.stud.ntnu.no /usr/local/www.studorg/telemark/bilder/hoemsbu/images/_vti_cnf next.gif
2002.07.10 14:07 B I:\sindre\hoemsbu\images\_vti_cnf\previous.gif --> ftp.stud.ntnu.no /usr/local/www.studorg/telemark/bilder/hoemsbu/images/_vti_cnf previous.gif
