2002.07.10 13:07 B I:\sindre\hoemsbu\images\01.jpg --> ftp.powertech.no /home/s/si/sindreob/public_html/pics/hoemsbu/images 01.jpg
2002.07.10 13:08 B I:\sindre\hoemsbu\images\02.jpg --> ftp.powertech.no /home/s/si/sindreob/public_html/pics/hoemsbu/images 02.jpg
2002.07.10 13:08 B I:\sindre\hoemsbu\images\03.jpg --> ftp.powertech.no /home/s/si/sindreob/public_html/pics/hoemsbu/images 03.jpg
2002.07.10 13:08 B I:\sindre\hoemsbu\images\04.jpg --> ftp.powertech.no /home/s/si/sindreob/public_html/pics/hoemsbu/images 04.jpg
2002.07.10 13:08 B I:\sindre\hoemsbu\images\05.jpg --> ftp.powertech.no /home/s/si/sindreob/public_html/pics/hoemsbu/images 05.jpg
2002.07.10 13:08 B I:\sindre\hoemsbu\images\06.jpg --> ftp.powertech.no /home/s/si/sindreob/public_html/pics/hoemsbu/images 06.jpg
2002.07.10 13:08 B I:\sindre\hoemsbu\images\07.jpg --> ftp.powertech.no /home/s/si/sindreob/public_html/pics/hoemsbu/images 07.jpg
2002.07.10 13:08 B I:\sindre\hoemsbu\images\08.jpg --> ftp.powertech.no /home/s/si/sindreob/public_html/pics/hoemsbu/images 08.jpg
2002.07.10 13:08 B I:\sindre\hoemsbu\images\home.gif --> ftp.powertech.no /home/s/si/sindreob/public_html/pics/hoemsbu/images home.gif
2002.07.10 13:08 B I:\sindre\hoemsbu\images\next.gif --> ftp.powertech.no /home/s/si/sindreob/public_html/pics/hoemsbu/images next.gif
2002.07.10 13:08 B I:\sindre\hoemsbu\images\previous.gif --> ftp.powertech.no /home/s/si/sindreob/public_html/pics/hoemsbu/images previous.gif
2002.07.10 14:07 B I:\sindre\hoemsbu\images\01.jpg --> ftp.stud.ntnu.no /usr/local/www.studorg/telemark/bilder/hoemsbu/images 01.jpg
2002.07.10 14:07 B I:\sindre\hoemsbu\images\02.jpg --> ftp.stud.ntnu.no /usr/local/www.studorg/telemark/bilder/hoemsbu/images 02.jpg
2002.07.10 14:07 B I:\sindre\hoemsbu\images\03.jpg --> ftp.stud.ntnu.no /usr/local/www.studorg/telemark/bilder/hoemsbu/images 03.jpg
2002.07.10 14:07 B I:\sindre\hoemsbu\images\04.jpg --> ftp.stud.ntnu.no /usr/local/www.studorg/telemark/bilder/hoemsbu/images 04.jpg
2002.07.10 14:07 B I:\sindre\hoemsbu\images\05.jpg --> ftp.stud.ntnu.no /usr/local/www.studorg/telemark/bilder/hoemsbu/images 05.jpg
2002.07.10 14:07 B I:\sindre\hoemsbu\images\06.jpg --> ftp.stud.ntnu.no /usr/local/www.studorg/telemark/bilder/hoemsbu/images 06.jpg
2002.07.10 14:07 B I:\sindre\hoemsbu\images\07.jpg --> ftp.stud.ntnu.no /usr/local/www.studorg/telemark/bilder/hoemsbu/images 07.jpg
2002.07.10 14:08 B I:\sindre\hoemsbu\images\08.jpg --> ftp.stud.ntnu.no /usr/local/www.studorg/telemark/bilder/hoemsbu/images 08.jpg
2002.07.10 14:08 B I:\sindre\hoemsbu\images\home.gif --> ftp.stud.ntnu.no /usr/local/www.studorg/telemark/bilder/hoemsbu/images home.gif
2002.07.10 14:08 B I:\sindre\hoemsbu\images\next.gif --> ftp.stud.ntnu.no /usr/local/www.studorg/telemark/bilder/hoemsbu/images next.gif
2002.07.10 14:08 B I:\sindre\hoemsbu\images\previous.gif --> ftp.stud.ntnu.no /usr/local/www.studorg/telemark/bilder/hoemsbu/images previous.gif
