2002.07.10 13:25 B I:\sindre\sunAlps\images\a_start.jpg --> ftp.powertech.no /home/s/si/sindreob/public_html/pics/sunAlps/images a_start.jpg
2002.07.10 13:25 B I:\sindre\sunAlps\images\b_simon_goingup.jpg --> ftp.powertech.no /home/s/si/sindreob/public_html/pics/sunAlps/images b_simon_goingup.jpg
2002.07.10 13:26 B I:\sindre\sunAlps\images\c_jw_goingup.jpg --> ftp.powertech.no /home/s/si/sindreob/public_html/pics/sunAlps/images c_jw_goingup.jpg
2002.07.10 13:26 B I:\sindre\sunAlps\images\d_crack_simon.jpg --> ftp.powertech.no /home/s/si/sindreob/public_html/pics/sunAlps/images d_crack_simon.jpg
2002.07.10 13:26 B I:\sindre\sunAlps\images\e_brekketind.jpg --> ftp.powertech.no /home/s/si/sindreob/public_html/pics/sunAlps/images e_brekketind.jpg
2002.07.10 13:26 B I:\sindre\sunAlps\images\f_jw_brekketind.jpg --> ftp.powertech.no /home/s/si/sindreob/public_html/pics/sunAlps/images f_jw_brekketind.jpg
2002.07.10 13:26 B I:\sindre\sunAlps\images\g_jw_stener_brekketind.jpg --> ftp.powertech.no /home/s/si/sindreob/public_html/pics/sunAlps/images g_jw_stener_brekketind.jpg
2002.07.10 13:26 B I:\sindre\sunAlps\images\h_eggen_brekketind.jpg --> ftp.powertech.no /home/s/si/sindreob/public_html/pics/sunAlps/images h_eggen_brekketind.jpg
2002.07.10 13:26 B I:\sindre\sunAlps\images\home.gif --> ftp.powertech.no /home/s/si/sindreob/public_html/pics/sunAlps/images home.gif
2002.07.10 13:27 B I:\sindre\sunAlps\images\i_mot_toppen_brekketind.jpg --> ftp.powertech.no /home/s/si/sindreob/public_html/pics/sunAlps/images i_mot_toppen_brekketind.jpg
2002.07.10 13:27 B I:\sindre\sunAlps\images\j_brekketind2.jpg --> ftp.powertech.no /home/s/si/sindreob/public_html/pics/sunAlps/images j_brekketind2.jpg
2002.07.10 13:27 B I:\sindre\sunAlps\images\k_alle_mot_brekketind.jpg --> ftp.powertech.no /home/s/si/sindreob/public_html/pics/sunAlps/images k_alle_mot_brekketind.jpg
2002.07.10 13:27 B I:\sindre\sunAlps\images\l_paa_vei.jpg --> ftp.powertech.no /home/s/si/sindreob/public_html/pics/sunAlps/images l_paa_vei.jpg
2002.07.10 13:27 B I:\sindre\sunAlps\images\m_mot_toppen_taake.jpg --> ftp.powertech.no /home/s/si/sindreob/public_html/pics/sunAlps/images m_mot_toppen_taake.jpg
2002.07.10 13:27 B I:\sindre\sunAlps\images\n_simon1.jpg --> ftp.powertech.no /home/s/si/sindreob/public_html/pics/sunAlps/images n_simon1.jpg
2002.07.10 13:27 B I:\sindre\sunAlps\images\next.gif --> ftp.powertech.no /home/s/si/sindreob/public_html/pics/sunAlps/images next.gif
2002.07.10 13:28 B I:\sindre\sunAlps\images\o_alle_topp.jpg --> ftp.powertech.no /home/s/si/sindreob/public_html/pics/sunAlps/images o_alle_topp.jpg
2002.07.10 13:28 B I:\sindre\sunAlps\images\p_simon2.jpg --> ftp.powertech.no /home/s/si/sindreob/public_html/pics/sunAlps/images p_simon2.jpg
2002.07.10 13:28 B I:\sindre\sunAlps\images\previous.gif --> ftp.powertech.no /home/s/si/sindreob/public_html/pics/sunAlps/images previous.gif
2002.07.10 13:28 B I:\sindre\sunAlps\images\q_toppen.jpg --> ftp.powertech.no /home/s/si/sindreob/public_html/pics/sunAlps/images q_toppen.jpg
2002.07.10 13:28 B I:\sindre\sunAlps\images\r_alle_slogen.jpg --> ftp.powertech.no /home/s/si/sindreob/public_html/pics/sunAlps/images r_alle_slogen.jpg
2002.07.10 13:28 B I:\sindre\sunAlps\images\s_meg_topp.jpg --> ftp.powertech.no /home/s/si/sindreob/public_html/pics/sunAlps/images s_meg_topp.jpg
2002.07.10 13:29 B I:\sindre\sunAlps\images\t_simon_booting.jpg --> ftp.powertech.no /home/s/si/sindreob/public_html/pics/sunAlps/images t_simon_booting.jpg
2002.07.10 13:29 B I:\sindre\sunAlps\images\t_slogen2.jpg --> ftp.powertech.no /home/s/si/sindreob/public_html/pics/sunAlps/images t_slogen2.jpg
2002.07.10 13:29 B I:\sindre\sunAlps\images\u_slogen.jpg --> ftp.powertech.no /home/s/si/sindreob/public_html/pics/sunAlps/images u_slogen.jpg
2002.07.10 13:29 B I:\sindre\sunAlps\images\v_jakta.jpg --> ftp.powertech.no /home/s/si/sindreob/public_html/pics/sunAlps/images v_jakta.jpg
2002.07.10 13:29 B I:\sindre\sunAlps\images\z_finito.jpg --> ftp.powertech.no /home/s/si/sindreob/public_html/pics/sunAlps/images z_finito.jpg
2002.07.10 13:29 B I:\sindre\sunAlps\images\z_hytta1.jpg --> ftp.powertech.no /home/s/si/sindreob/public_html/pics/sunAlps/images z_hytta1.jpg
2002.07.10 13:29 B I:\sindre\sunAlps\images\z_hytta2.jpg --> ftp.powertech.no /home/s/si/sindreob/public_html/pics/sunAlps/images z_hytta2.jpg
2002.07.10 13:29 B I:\sindre\sunAlps\images\z_hytta3.jpg --> ftp.powertech.no /home/s/si/sindreob/public_html/pics/sunAlps/images z_hytta3.jpg
2002.07.10 13:30 B I:\sindre\sunAlps\images\z_hytta_alle_brekketind.jpg --> ftp.powertech.no /home/s/si/sindreob/public_html/pics/sunAlps/images z_hytta_alle_brekketind.jpg
2002.07.10 13:30 B I:\sindre\sunAlps\images\z_hytta_alle_slogen.jpg --> ftp.powertech.no /home/s/si/sindreob/public_html/pics/sunAlps/images z_hytta_alle_slogen.jpg
2002.07.10 13:30 B I:\sindre\sunAlps\images\z_kinky.jpg --> ftp.powertech.no /home/s/si/sindreob/public_html/pics/sunAlps/images z_kinky.jpg
2002.07.10 13:30 B I:\sindre\sunAlps\images\z_rainbow.jpg --> ftp.powertech.no /home/s/si/sindreob/public_html/pics/sunAlps/images z_rainbow.jpg
2002.07.10 13:30 B I:\sindre\sunAlps\images\z_simon_rainbow.jpg --> ftp.powertech.no /home/s/si/sindreob/public_html/pics/sunAlps/images z_simon_rainbow.jpg
2002.07.10 13:30 B I:\sindre\sunAlps\images\z_slogen_oye.jpg --> ftp.powertech.no /home/s/si/sindreob/public_html/pics/sunAlps/images z_slogen_oye.jpg
2002.07.10 13:31 B I:\sindre\sunAlps\images\z_stener_buttertop.jpg --> ftp.powertech.no /home/s/si/sindreob/public_html/pics/sunAlps/images z_stener_buttertop.jpg
2002.07.10 13:31 B I:\sindre\sunAlps\images\z_waffleman.jpg --> ftp.powertech.no /home/s/si/sindreob/public_html/pics/sunAlps/images z_waffleman.jpg
2002.07.10 13:31 B I:\sindre\sunAlps\images\z_waffleman2.jpg --> ftp.powertech.no /home/s/si/sindreob/public_html/pics/sunAlps/images z_waffleman2.jpg
2002.07.10 14:26 B I:\sindre\sunAlps\images\a_start.jpg --> ftp.stud.ntnu.no /usr/local/www.studorg/telemark/bilder/sunAlps/images a_start.jpg
2002.07.10 14:27 B I:\sindre\sunAlps\images\b_simon_goingup.jpg --> ftp.stud.ntnu.no /usr/local/www.studorg/telemark/bilder/sunAlps/images b_simon_goingup.jpg
2002.07.10 14:27 B I:\sindre\sunAlps\images\c_jw_goingup.jpg --> ftp.stud.ntnu.no /usr/local/www.studorg/telemark/bilder/sunAlps/images c_jw_goingup.jpg
2002.07.10 14:27 B I:\sindre\sunAlps\images\d_crack_simon.jpg --> ftp.stud.ntnu.no /usr/local/www.studorg/telemark/bilder/sunAlps/images d_crack_simon.jpg
2002.07.10 14:28 B I:\sindre\sunAlps\images\e_brekketind.jpg --> ftp.stud.ntnu.no /usr/local/www.studorg/telemark/bilder/sunAlps/images e_brekketind.jpg
2002.07.10 14:28 B I:\sindre\sunAlps\images\f_jw_brekketind.jpg --> ftp.stud.ntnu.no /usr/local/www.studorg/telemark/bilder/sunAlps/images f_jw_brekketind.jpg
2002.07.10 14:28 B I:\sindre\sunAlps\images\g_jw_stener_brekketind.jpg --> ftp.stud.ntnu.no /usr/local/www.studorg/telemark/bilder/sunAlps/images g_jw_stener_brekketind.jpg
2002.07.10 14:28 B I:\sindre\sunAlps\images\h_eggen_brekketind.jpg --> ftp.stud.ntnu.no /usr/local/www.studorg/telemark/bilder/sunAlps/images h_eggen_brekketind.jpg
2002.07.10 14:28 B I:\sindre\sunAlps\images\home.gif --> ftp.stud.ntnu.no /usr/local/www.studorg/telemark/bilder/sunAlps/images home.gif
2002.07.10 14:28 B I:\sindre\sunAlps\images\i_mot_toppen_brekketind.jpg --> ftp.stud.ntnu.no /usr/local/www.studorg/telemark/bilder/sunAlps/images i_mot_toppen_brekketind.jpg
2002.07.10 14:28 B I:\sindre\sunAlps\images\j_brekketind2.jpg --> ftp.stud.ntnu.no /usr/local/www.studorg/telemark/bilder/sunAlps/images j_brekketind2.jpg
2002.07.10 14:29 B I:\sindre\sunAlps\images\k_alle_mot_brekketind.jpg --> ftp.stud.ntnu.no /usr/local/www.studorg/telemark/bilder/sunAlps/images k_alle_mot_brekketind.jpg
2002.07.10 14:29 B I:\sindre\sunAlps\images\l_paa_vei.jpg --> ftp.stud.ntnu.no /usr/local/www.studorg/telemark/bilder/sunAlps/images l_paa_vei.jpg
2002.07.10 14:29 B I:\sindre\sunAlps\images\m_mot_toppen_taake.jpg --> ftp.stud.ntnu.no /usr/local/www.studorg/telemark/bilder/sunAlps/images m_mot_toppen_taake.jpg
2002.07.10 14:29 B I:\sindre\sunAlps\images\n_simon1.jpg --> ftp.stud.ntnu.no /usr/local/www.studorg/telemark/bilder/sunAlps/images n_simon1.jpg
2002.07.10 14:29 B I:\sindre\sunAlps\images\next.gif --> ftp.stud.ntnu.no /usr/local/www.studorg/telemark/bilder/sunAlps/images next.gif
2002.07.10 14:29 B I:\sindre\sunAlps\images\o_alle_topp.jpg --> ftp.stud.ntnu.no /usr/local/www.studorg/telemark/bilder/sunAlps/images o_alle_topp.jpg
2002.07.10 14:29 B I:\sindre\sunAlps\images\p_simon2.jpg --> ftp.stud.ntnu.no /usr/local/www.studorg/telemark/bilder/sunAlps/images p_simon2.jpg
2002.07.10 14:29 B I:\sindre\sunAlps\images\previous.gif --> ftp.stud.ntnu.no /usr/local/www.studorg/telemark/bilder/sunAlps/images previous.gif
2002.07.10 14:29 B I:\sindre\sunAlps\images\q_toppen.jpg --> ftp.stud.ntnu.no /usr/local/www.studorg/telemark/bilder/sunAlps/images q_toppen.jpg
2002.07.10 14:30 B I:\sindre\sunAlps\images\r_alle_slogen.jpg --> ftp.stud.ntnu.no /usr/local/www.studorg/telemark/bilder/sunAlps/images r_alle_slogen.jpg
2002.07.10 14:30 B I:\sindre\sunAlps\images\s_meg_topp.jpg --> ftp.stud.ntnu.no /usr/local/www.studorg/telemark/bilder/sunAlps/images s_meg_topp.jpg
2002.07.10 14:30 B I:\sindre\sunAlps\images\t_simon_booting.jpg --> ftp.stud.ntnu.no /usr/local/www.studorg/telemark/bilder/sunAlps/images t_simon_booting.jpg
2002.07.10 14:30 B I:\sindre\sunAlps\images\t_slogen2.jpg --> ftp.stud.ntnu.no /usr/local/www.studorg/telemark/bilder/sunAlps/images t_slogen2.jpg
2002.07.10 14:30 B I:\sindre\sunAlps\images\u_slogen.jpg --> ftp.stud.ntnu.no /usr/local/www.studorg/telemark/bilder/sunAlps/images u_slogen.jpg
2002.07.10 14:30 B I:\sindre\sunAlps\images\v_jakta.jpg --> ftp.stud.ntnu.no /usr/local/www.studorg/telemark/bilder/sunAlps/images v_jakta.jpg
