97.10.27 13:29 B C:\STUDENT\TEL\a.gif <-- james.stud.ntnu.no /a/home/others/dmf/sv/sveinart/telemark a.gif
97.10.27 13:29 B C:\STUDENT\TEL\arrang.htm <-- james.stud.ntnu.no /a/home/others/dmf/sv/sveinart/telemark arrang.html
97.10.27 13:29 B C:\STUDENT\TEL\bildene.htm <-- james.stud.ntnu.no /a/home/others/dmf/sv/sveinart/telemark bildene.html
97.10.27 13:29 B C:\STUDENT\TEL\chineese.htm <-- james.stud.ntnu.no /a/home/others/dmf/sv/sveinart/telemark chineese.html
97.10.27 13:29 B C:\STUDENT\TEL\e.gif <-- james.stud.ntnu.no /a/home/others/dmf/sv/sveinart/telemark e.gif
97.10.27 13:30 B C:\STUDENT\TEL\footer.htm <-- james.stud.ntnu.no /a/home/others/dmf/sv/sveinart/telemark footer.html
97.10.27 13:30 B C:\STUDENT\TEL\g.gif <-- james.stud.ntnu.no /a/home/others/dmf/sv/sveinart/telemark g.gif
97.10.27 13:30 B C:\STUDENT\TEL\gammel.htm <-- james.stud.ntnu.no /a/home/others/dmf/sv/sveinart/telemark gammel.html
97.10.27 13:30 B C:\STUDENT\TEL\h.gif <-- james.stud.ntnu.no /a/home/others/dmf/sv/sveinart/telemark h.gif
97.10.27 13:30 B C:\STUDENT\TEL\handleav.htm <-- james.stud.ntnu.no /a/home/others/dmf/sv/sveinart/telemark handleavtale.html
97.10.27 13:30 B C:\STUDENT\TEL\header.htm <-- james.stud.ntnu.no /a/home/others/dmf/sv/sveinart/telemark header.html
97.10.27 13:30 B C:\STUDENT\TEL\hoved.htm <-- james.stud.ntnu.no /a/home/others/dmf/sv/sveinart/telemark hoved.html
97.10.27 13:30 B C:\STUDENT\TEL\i.gif <-- james.stud.ntnu.no /a/home/others/dmf/sv/sveinart/telemark i.gif
97.10.27 13:30 B C:\STUDENT\TEL\index.htm <-- james.stud.ntnu.no /a/home/others/dmf/sv/sveinart/telemark index.html
97.10.27 13:30 B C:\STUDENT\TEL\index2.htm <-- james.stud.ntnu.no /a/home/others/dmf/sv/sveinart/telemark index2.html
97.10.27 13:32 B C:\STUDENT\TEL\indexsa.htm <-- james.stud.ntnu.no /a/home/others/dmf/sv/sveinart/telemark indexsa.html
97.10.27 13:32 B C:\STUDENT\TEL\innhold.htm <-- james.stud.ntnu.no /a/home/others/dmf/sv/sveinart/telemark innhold.html
97.10.27 13:32 B C:\STUDENT\TEL\internet.txt <-- james.stud.ntnu.no /a/home/others/dmf/sv/sveinart/telemark internet.txt
97.10.27 13:32 B C:\STUDENT\TEL\k.gif <-- james.stud.ntnu.no /a/home/others/dmf/sv/sveinart/telemark k.gif
97.10.27 13:32 B C:\STUDENT\TEL\l.gif <-- james.stud.ntnu.no /a/home/others/dmf/sv/sveinart/telemark l.gif
97.10.27 13:32 B C:\STUDENT\TEL\lurken-1.htm <-- james.stud.ntnu.no /a/home/others/dmf/sv/sveinart/telemark lurken-1295.html
97.10.27 13:32 B C:\STUDENT\TEL\lurken-4.htm <-- james.stud.ntnu.no /a/home/others/dmf/sv/sveinart/telemark lurken-496-balle.html
97.10.27 13:32 B C:\STUDENT\TEL\lurken-4.htm <-- james.stud.ntnu.no /a/home/others/dmf/sv/sveinart/telemark lurken-496.html
97.10.27 13:32 B C:\STUDENT\TEL\lurken.htm <-- james.stud.ntnu.no /a/home/others/dmf/sv/sveinart/telemark lurken.html
97.10.27 13:32 B C:\STUDENT\TEL\m.gif <-- james.stud.ntnu.no /a/home/others/dmf/sv/sveinart/telemark m.gif
97.10.27 13:33 B C:\STUDENT\TEL\medlklik.xls <-- james.stud.ntnu.no /a/home/others/dmf/sv/sveinart/telemark medlklik.xls
97.10.27 13:33 B C:\STUDENT\TEL\n.gif <-- james.stud.ntnu.no /a/home/others/dmf/sv/sveinart/telemark n.gif
97.10.27 13:33 B C:\STUDENT\TEL\ny_logo.cdr <-- james.stud.ntnu.no /a/home/others/dmf/sv/sveinart/telemark ny_logo.cdr
97.10.27 13:33 B C:\STUDENT\TEL\p.gif <-- james.stud.ntnu.no /a/home/others/dmf/sv/sveinart/telemark p.gif
97.10.27 13:33 B C:\STUDENT\TEL\r.gif <-- james.stud.ntnu.no /a/home/others/dmf/sv/sveinart/telemark r.gif
97.10.27 13:33 B C:\STUDENT\TEL\res-skid.htm <-- james.stud.ntnu.no /a/home/others/dmf/sv/sveinart/telemark res-skidamer.html
97.10.27 13:33 B C:\STUDENT\TEL\res-skih.htm <-- james.stud.ntnu.no /a/home/others/dmf/sv/sveinart/telemark res-skiherrer.html
97.10.27 13:33 B C:\STUDENT\TEL\res-slda.htm <-- james.stud.ntnu.no /a/home/others/dmf/sv/sveinart/telemark res-sldamer.html
97.10.27 13:33 B C:\STUDENT\TEL\res-slhe.htm <-- james.stud.ntnu.no /a/home/others/dmf/sv/sveinart/telemark res-slherrer.html
97.10.27 13:33 B C:\STUDENT\TEL\skifesti.htm <-- james.stud.ntnu.no /a/home/others/dmf/sv/sveinart/telemark skifestival-96.html
97.10.27 13:33 B C:\STUDENT\TEL\skifesti.htm <-- james.stud.ntnu.no /a/home/others/dmf/sv/sveinart/telemark skifestival.html
97.10.27 13:33 B C:\STUDENT\TEL\skil.htm <-- james.stud.ntnu.no /a/home/others/dmf/sv/sveinart/telemark skil.html
97.10.27 13:33 B C:\STUDENT\TEL\startinf.htm <-- james.stud.ntnu.no /a/home/others/dmf/sv/sveinart/telemark startinfo.html
97.10.27 13:33 B C:\STUDENT\TEL\t.gif <-- james.stud.ntnu.no /a/home/others/dmf/sv/sveinart/telemark t.gif
97.10.27 13:33 B C:\STUDENT\TEL\tavla.htm <-- james.stud.ntnu.no /a/home/others/dmf/sv/sveinart/telemark tavla.html
97.10.27 13:33 B C:\STUDENT\TEL\trenings.htm <-- james.stud.ntnu.no /a/home/others/dmf/sv/sveinart/telemark treningstider.html
97.10.27 13:33 B C:\STUDENT\TEL\u.gif <-- james.stud.ntnu.no /a/home/others/dmf/sv/sveinart/telemark u.gif
97.10.27 13:33 B C:\STUDENT\TEL\vilblime.htm <-- james.stud.ntnu.no /a/home/others/dmf/sv/sveinart/telemark vilblimedlem.html
97.10.27 13:35 B C:\STUDENT\TEL\a.gif --> stud.ntnu.no /a/local/others/www/html/studorg/telemark/nyside a.gif
97.10.27 13:35 B C:\STUDENT\TEL\arrang.htm --> stud.ntnu.no /a/local/others/www/html/studorg/telemark/nyside arrang.htm
97.10.27 13:35 B C:\STUDENT\TEL\bildene.htm --> stud.ntnu.no /a/local/others/www/html/studorg/telemark/nyside bildene.htm
97.10.27 13:35 B C:\STUDENT\TEL\chineese.htm --> stud.ntnu.no /a/local/others/www/html/studorg/telemark/nyside chineese.htm
97.10.27 13:35 B C:\STUDENT\TEL\e.gif --> stud.ntnu.no /a/local/others/www/html/studorg/telemark/nyside e.gif
97.10.27 13:35 B C:\STUDENT\TEL\footer.htm --> stud.ntnu.no /a/local/others/www/html/studorg/telemark/nyside footer.htm
97.10.27 13:35 B C:\STUDENT\TEL\g.gif --> stud.ntnu.no /a/local/others/www/html/studorg/telemark/nyside g.gif
97.10.27 13:36 B C:\STUDENT\TEL\gammel.htm --> stud.ntnu.no /a/local/others/www/html/studorg/telemark/nyside gammel.htm
97.10.27 13:36 B C:\STUDENT\TEL\h.gif --> stud.ntnu.no /a/local/others/www/html/studorg/telemark/nyside h.gif
97.10.27 13:36 B C:\STUDENT\TEL\handleav.htm --> stud.ntnu.no /a/local/others/www/html/studorg/telemark/nyside handleav.htm
97.10.27 13:36 B C:\STUDENT\TEL\header.htm --> stud.ntnu.no /a/local/others/www/html/studorg/telemark/nyside header.htm
97.10.27 13:36 B C:\STUDENT\TEL\hoved.htm --> stud.ntnu.no /a/local/others/www/html/studorg/telemark/nyside hoved.htm
97.10.27 13:36 B C:\STUDENT\TEL\i.gif --> stud.ntnu.no /a/local/others/www/html/studorg/telemark/nyside i.gif
97.10.27 13:36 B C:\STUDENT\TEL\index.htm --> stud.ntnu.no /a/local/others/www/html/studorg/telemark/nyside index.htm
97.10.27 13:36 B C:\STUDENT\TEL\index2.htm --> stud.ntnu.no /a/local/others/www/html/studorg/telemark/nyside index2.htm
97.10.27 13:36 B C:\STUDENT\TEL\indexsa.htm --> stud.ntnu.no /a/local/others/www/html/studorg/telemark/nyside indexsa.htm
97.10.27 13:36 B C:\STUDENT\TEL\innhold.htm --> stud.ntnu.no /a/local/others/www/html/studorg/telemark/nyside innhold.htm
97.10.27 13:36 B C:\STUDENT\TEL\internet.txt --> stud.ntnu.no /a/local/others/www/html/studorg/telemark/nyside internet.txt
97.10.27 13:36 B C:\STUDENT\TEL\k.gif --> stud.ntnu.no /a/local/others/www/html/studorg/telemark/nyside k.gif
97.10.27 13:36 B C:\STUDENT\TEL\l.gif --> stud.ntnu.no /a/local/others/www/html/studorg/telemark/nyside l.gif
97.10.27 13:36 B C:\STUDENT\TEL\lurken-1.htm --> stud.ntnu.no /a/local/others/www/html/studorg/telemark/nyside lurken-1.htm
97.10.27 13:36 B C:\STUDENT\TEL\lurken-4.htm --> stud.ntnu.no /a/local/others/www/html/studorg/telemark/nyside lurken-4.htm
97.10.27 13:36 B C:\STUDENT\TEL\lurken.htm --> stud.ntnu.no /a/local/others/www/html/studorg/telemark/nyside lurken.htm
97.10.27 13:36 B C:\STUDENT\TEL\m.gif --> stud.ntnu.no /a/local/others/www/html/studorg/telemark/nyside m.gif
97.10.27 13:36 B C:\STUDENT\TEL\medlklik.xls --> stud.ntnu.no /a/local/others/www/html/studorg/telemark/nyside medlklik.xls
97.10.27 13:36 B C:\STUDENT\TEL\n.gif --> stud.ntnu.no /a/local/others/www/html/studorg/telemark/nyside n.gif
97.10.27 13:36 B C:\STUDENT\TEL\ny_logo.cdr --> stud.ntnu.no /a/local/others/www/html/studorg/telemark/nyside ny_logo.cdr
97.10.27 13:36 B C:\STUDENT\TEL\p.gif --> stud.ntnu.no /a/local/others/www/html/studorg/telemark/nyside p.gif
97.10.27 13:36 B C:\STUDENT\TEL\r.gif --> stud.ntnu.no /a/local/others/www/html/studorg/telemark/nyside r.gif
97.10.27 13:36 B C:\STUDENT\TEL\res-skid.htm --> stud.ntnu.no /a/local/others/www/html/studorg/telemark/nyside res-skid.htm
97.10.27 13:36 B C:\STUDENT\TEL\res-skih.htm --> stud.ntnu.no /a/local/others/www/html/studorg/telemark/nyside res-skih.htm
97.10.27 13:36 B C:\STUDENT\TEL\res-slda.htm --> stud.ntnu.no /a/local/others/www/html/studorg/telemark/nyside res-slda.htm
97.10.27 13:36 B C:\STUDENT\TEL\res-slhe.htm --> stud.ntnu.no /a/local/others/www/html/studorg/telemark/nyside res-slhe.htm
97.10.27 13:36 B C:\STUDENT\TEL\skifesti.htm --> stud.ntnu.no /a/local/others/www/html/studorg/telemark/nyside skifesti.htm
97.10.27 13:36 B C:\STUDENT\TEL\skil.htm --> stud.ntnu.no /a/local/others/www/html/studorg/telemark/nyside skil.htm
97.10.27 13:36 B C:\STUDENT\TEL\startinf.htm --> stud.ntnu.no /a/local/others/www/html/studorg/telemark/nyside startinf.htm
97.10.27 13:36 B C:\STUDENT\TEL\t.gif --> stud.ntnu.no /a/local/others/www/html/studorg/telemark/nyside t.gif
97.10.27 13:36 B C:\STUDENT\TEL\tavla.htm --> stud.ntnu.no /a/local/others/www/html/studorg/telemark/nyside tavla.htm
97.10.27 13:37 B C:\STUDENT\TEL\trenings.htm --> stud.ntnu.no /a/local/others/www/html/studorg/telemark/nyside trenings.htm
97.10.27 13:37 B C:\STUDENT\TEL\u.gif --> stud.ntnu.no /a/local/others/www/html/studorg/telemark/nyside u.gif
97.10.27 13:37 B C:\STUDENT\TEL\vilblime.htm --> stud.ntnu.no /a/local/others/www/html/studorg/telemark/nyside vilblime.htm
