2002.07.10 13:15 B I:\sindre\stryn\images\asmund.jpg --> ftp.powertech.no /home/s/si/sindreob/public_html/pics/stryn/images asmund.jpg
2002.07.10 13:15 B I:\sindre\stryn\images\asmund_pub.jpg --> ftp.powertech.no /home/s/si/sindreob/public_html/pics/stryn/images asmund_pub.jpg
2002.07.10 13:16 B I:\sindre\stryn\images\asmund_slov.jpg --> ftp.powertech.no /home/s/si/sindreob/public_html/pics/stryn/images asmund_slov.jpg
2002.07.10 13:16 B I:\sindre\stryn\images\bil.jpg --> ftp.powertech.no /home/s/si/sindreob/public_html/pics/stryn/images bil.jpg
2002.07.10 13:16 B I:\sindre\stryn\images\duster_vann.jpg --> ftp.powertech.no /home/s/si/sindreob/public_html/pics/stryn/images duster_vann.jpg
2002.07.10 13:16 B I:\sindre\stryn\images\felix_lars_hilde.jpg --> ftp.powertech.no /home/s/si/sindreob/public_html/pics/stryn/images felix_lars_hilde.jpg
2002.07.10 13:16 B I:\sindre\stryn\images\grill1.jpg --> ftp.powertech.no /home/s/si/sindreob/public_html/pics/stryn/images grill1.jpg
2002.07.10 13:17 B I:\sindre\stryn\images\grill2.jpg --> ftp.powertech.no /home/s/si/sindreob/public_html/pics/stryn/images grill2.jpg
2002.07.10 13:17 B I:\sindre\stryn\images\grill3.jpg --> ftp.powertech.no /home/s/si/sindreob/public_html/pics/stryn/images grill3.jpg
2002.07.10 13:17 B I:\sindre\stryn\images\grill4.jpg --> ftp.powertech.no /home/s/si/sindreob/public_html/pics/stryn/images grill4.jpg
2002.07.10 13:17 B I:\sindre\stryn\images\guri.jpg --> ftp.powertech.no /home/s/si/sindreob/public_html/pics/stryn/images guri.jpg
2002.07.10 13:17 B I:\sindre\stryn\images\home.gif --> ftp.powertech.no /home/s/si/sindreob/public_html/pics/stryn/images home.gif
2002.07.10 13:17 B I:\sindre\stryn\images\ja_alko2.jpg --> ftp.powertech.no /home/s/si/sindreob/public_html/pics/stryn/images ja_alko2.jpg
2002.07.10 13:17 B I:\sindre\stryn\images\jw_4pils.jpg --> ftp.powertech.no /home/s/si/sindreob/public_html/pics/stryn/images jw_4pils.jpg
2002.07.10 13:17 B I:\sindre\stryn\images\jw_alko.jpg --> ftp.powertech.no /home/s/si/sindreob/public_html/pics/stryn/images jw_alko.jpg
2002.07.10 13:18 B I:\sindre\stryn\images\jw_stener_topp.jpg --> ftp.powertech.no /home/s/si/sindreob/public_html/pics/stryn/images jw_stener_topp.jpg
2002.07.10 13:18 B I:\sindre\stryn\images\jw_stener_yoh1.jpg --> ftp.powertech.no /home/s/si/sindreob/public_html/pics/stryn/images jw_stener_yoh1.jpg
2002.07.10 13:18 B I:\sindre\stryn\images\jw_stener_yoh2.jpg --> ftp.powertech.no /home/s/si/sindreob/public_html/pics/stryn/images jw_stener_yoh2.jpg
2002.07.10 13:18 B I:\sindre\stryn\images\jw_topp.jpg --> ftp.powertech.no /home/s/si/sindreob/public_html/pics/stryn/images jw_topp.jpg
2002.07.10 13:18 B I:\sindre\stryn\images\kake1.jpg --> ftp.powertech.no /home/s/si/sindreob/public_html/pics/stryn/images kake1.jpg
2002.07.10 13:18 B I:\sindre\stryn\images\kake2.jpg --> ftp.powertech.no /home/s/si/sindreob/public_html/pics/stryn/images kake2.jpg
2002.07.10 13:19 B I:\sindre\stryn\images\ladies_oppdal.jpg --> ftp.powertech.no /home/s/si/sindreob/public_html/pics/stryn/images ladies_oppdal.jpg
2002.07.10 13:19 B I:\sindre\stryn\images\ladies_oslo.jpg --> ftp.powertech.no /home/s/si/sindreob/public_html/pics/stryn/images ladies_oslo.jpg
2002.07.10 13:19 B I:\sindre\stryn\images\lars_telt.jpg --> ftp.powertech.no /home/s/si/sindreob/public_html/pics/stryn/images lars_telt.jpg
2002.07.10 13:19 B I:\sindre\stryn\images\next.gif --> ftp.powertech.no /home/s/si/sindreob/public_html/pics/stryn/images next.gif
2002.07.10 13:19 B I:\sindre\stryn\images\pakk.jpg --> ftp.powertech.no /home/s/si/sindreob/public_html/pics/stryn/images pakk.jpg
2002.07.10 13:19 B I:\sindre\stryn\images\previous.gif --> ftp.powertech.no /home/s/si/sindreob/public_html/pics/stryn/images previous.gif
2002.07.10 13:19 B I:\sindre\stryn\images\pub1.jpg --> ftp.powertech.no /home/s/si/sindreob/public_html/pics/stryn/images pub1.jpg
2002.07.10 13:19 B I:\sindre\stryn\images\pub2.jpg --> ftp.powertech.no /home/s/si/sindreob/public_html/pics/stryn/images pub2.jpg
2002.07.10 13:20 B I:\sindre\stryn\images\pub_folk.jpg --> ftp.powertech.no /home/s/si/sindreob/public_html/pics/stryn/images pub_folk.jpg
2002.07.10 13:20 B I:\sindre\stryn\images\stener_alko.jpg --> ftp.powertech.no /home/s/si/sindreob/public_html/pics/stryn/images stener_alko.jpg
2002.07.10 13:20 B I:\sindre\stryn\images\stener_topp1.jpg --> ftp.powertech.no /home/s/si/sindreob/public_html/pics/stryn/images stener_topp1.jpg
2002.07.10 13:20 B I:\sindre\stryn\images\stener_topp2.jpg --> ftp.powertech.no /home/s/si/sindreob/public_html/pics/stryn/images stener_topp2.jpg
2002.07.10 13:20 B I:\sindre\stryn\images\utdrikk_vann.jpg --> ftp.powertech.no /home/s/si/sindreob/public_html/pics/stryn/images utdrikk_vann.jpg
2002.07.10 13:20 B I:\sindre\stryn\images\utdrikk_vann2.jpg --> ftp.powertech.no /home/s/si/sindreob/public_html/pics/stryn/images utdrikk_vann2.jpg
2002.07.10 14:17 B I:\sindre\stryn\images\asmund.jpg --> ftp.stud.ntnu.no /usr/local/www.studorg/telemark/bilder/stryn/images asmund.jpg
2002.07.10 14:17 B I:\sindre\stryn\images\asmund_pub.jpg --> ftp.stud.ntnu.no /usr/local/www.studorg/telemark/bilder/stryn/images asmund_pub.jpg
2002.07.10 14:17 B I:\sindre\stryn\images\asmund_slov.jpg --> ftp.stud.ntnu.no /usr/local/www.studorg/telemark/bilder/stryn/images asmund_slov.jpg
2002.07.10 14:17 B I:\sindre\stryn\images\bil.jpg --> ftp.stud.ntnu.no /usr/local/www.studorg/telemark/bilder/stryn/images bil.jpg
2002.07.10 14:17 B I:\sindre\stryn\images\duster_vann.jpg --> ftp.stud.ntnu.no /usr/local/www.studorg/telemark/bilder/stryn/images duster_vann.jpg
2002.07.10 14:18 B I:\sindre\stryn\images\felix_lars_hilde.jpg --> ftp.stud.ntnu.no /usr/local/www.studorg/telemark/bilder/stryn/images felix_lars_hilde.jpg
2002.07.10 14:18 B I:\sindre\stryn\images\grill1.jpg --> ftp.stud.ntnu.no /usr/local/www.studorg/telemark/bilder/stryn/images grill1.jpg
2002.07.10 14:18 B I:\sindre\stryn\images\grill2.jpg --> ftp.stud.ntnu.no /usr/local/www.studorg/telemark/bilder/stryn/images grill2.jpg
2002.07.10 14:18 B I:\sindre\stryn\images\grill3.jpg --> ftp.stud.ntnu.no /usr/local/www.studorg/telemark/bilder/stryn/images grill3.jpg
2002.07.10 14:18 B I:\sindre\stryn\images\grill4.jpg --> ftp.stud.ntnu.no /usr/local/www.studorg/telemark/bilder/stryn/images grill4.jpg
2002.07.10 14:19 B I:\sindre\stryn\images\guri.jpg --> ftp.stud.ntnu.no /usr/local/www.studorg/telemark/bilder/stryn/images guri.jpg
2002.07.10 14:19 B I:\sindre\stryn\images\home.gif --> ftp.stud.ntnu.no /usr/local/www.studorg/telemark/bilder/stryn/images home.gif
2002.07.10 14:19 B I:\sindre\stryn\images\ja_alko2.jpg --> ftp.stud.ntnu.no /usr/local/www.studorg/telemark/bilder/stryn/images ja_alko2.jpg
2002.07.10 14:19 B I:\sindre\stryn\images\jw_4pils.jpg --> ftp.stud.ntnu.no /usr/local/www.studorg/telemark/bilder/stryn/images jw_4pils.jpg
2002.07.10 14:19 B I:\sindre\stryn\images\jw_alko.jpg --> ftp.stud.ntnu.no /usr/local/www.studorg/telemark/bilder/stryn/images jw_alko.jpg
2002.07.10 14:19 B I:\sindre\stryn\images\jw_stener_topp.jpg --> ftp.stud.ntnu.no /usr/local/www.studorg/telemark/bilder/stryn/images jw_stener_topp.jpg
2002.07.10 14:19 B I:\sindre\stryn\images\jw_stener_yoh1.jpg --> ftp.stud.ntnu.no /usr/local/www.studorg/telemark/bilder/stryn/images jw_stener_yoh1.jpg
2002.07.10 14:19 B I:\sindre\stryn\images\jw_stener_yoh2.jpg --> ftp.stud.ntnu.no /usr/local/www.studorg/telemark/bilder/stryn/images jw_stener_yoh2.jpg
2002.07.10 14:20 B I:\sindre\stryn\images\jw_topp.jpg --> ftp.stud.ntnu.no /usr/local/www.studorg/telemark/bilder/stryn/images jw_topp.jpg
2002.07.10 14:20 B I:\sindre\stryn\images\kake1.jpg --> ftp.stud.ntnu.no /usr/local/www.studorg/telemark/bilder/stryn/images kake1.jpg
2002.07.10 14:20 B I:\sindre\stryn\images\kake2.jpg --> ftp.stud.ntnu.no /usr/local/www.studorg/telemark/bilder/stryn/images kake2.jpg
2002.07.10 14:20 B I:\sindre\stryn\images\ladies_oppdal.jpg --> ftp.stud.ntnu.no /usr/local/www.studorg/telemark/bilder/stryn/images ladies_oppdal.jpg
2002.07.10 14:20 B I:\sindre\stryn\images\ladies_oslo.jpg --> ftp.stud.ntnu.no /usr/local/www.studorg/telemark/bilder/stryn/images ladies_oslo.jpg
2002.07.10 14:20 B I:\sindre\stryn\images\lars_telt.jpg --> ftp.stud.ntnu.no /usr/local/www.studorg/telemark/bilder/stryn/images lars_telt.jpg
2002.07.10 14:20 B I:\sindre\stryn\images\next.gif --> ftp.stud.ntnu.no /usr/local/www.studorg/telemark/bilder/stryn/images next.gif
2002.07.10 14:21 B I:\sindre\stryn\images\pakk.jpg --> ftp.stud.ntnu.no /usr/local/www.studorg/telemark/bilder/stryn/images pakk.jpg
2002.07.10 14:21 B I:\sindre\stryn\images\previous.gif --> ftp.stud.ntnu.no /usr/local/www.studorg/telemark/bilder/stryn/images previous.gif
2002.07.10 14:21 B I:\sindre\stryn\images\pub1.jpg --> ftp.stud.ntnu.no /usr/local/www.studorg/telemark/bilder/stryn/images pub1.jpg
2002.07.10 14:21 B I:\sindre\stryn\images\pub2.jpg --> ftp.stud.ntnu.no /usr/local/www.studorg/telemark/bilder/stryn/images pub2.jpg
2002.07.10 14:21 B I:\sindre\stryn\images\pub_folk.jpg --> ftp.stud.ntnu.no /usr/local/www.studorg/telemark/bilder/stryn/images pub_folk.jpg
2002.07.10 14:21 B I:\sindre\stryn\images\stener_alko.jpg --> ftp.stud.ntnu.no /usr/local/www.studorg/telemark/bilder/stryn/images stener_alko.jpg
2002.07.10 14:21 B I:\sindre\stryn\images\stener_topp1.jpg --> ftp.stud.ntnu.no /usr/local/www.studorg/telemark/bilder/stryn/images stener_topp1.jpg
2002.07.10 14:21 B I:\sindre\stryn\images\stener_topp2.jpg --> ftp.stud.ntnu.no /usr/local/www.studorg/telemark/bilder/stryn/images stener_topp2.jpg
2002.07.10 14:22 B I:\sindre\stryn\images\utdrikk_vann.jpg --> ftp.stud.ntnu.no /usr/local/www.studorg/telemark/bilder/stryn/images utdrikk_vann.jpg
2002.07.10 14:22 B I:\sindre\stryn\images\utdrikk_vann2.jpg --> ftp.stud.ntnu.no /usr/local/www.studorg/telemark/bilder/stryn/images utdrikk_vann2.jpg
