2002.07.10 13:24 B I:\sindre\sunAlps\images\_vti_cnf\a_start.jpg --> ftp.powertech.no /home/s/si/sindreob/public_html/pics/sunAlps/images/_vti_cnf a_start.jpg
2002.07.10 13:24 B I:\sindre\sunAlps\images\_vti_cnf\b_simon_goingup.jpg --> ftp.powertech.no /home/s/si/sindreob/public_html/pics/sunAlps/images/_vti_cnf b_simon_goingup.jpg
2002.07.10 13:24 B I:\sindre\sunAlps\images\_vti_cnf\c_jw_goingup.jpg --> ftp.powertech.no /home/s/si/sindreob/public_html/pics/sunAlps/images/_vti_cnf c_jw_goingup.jpg
2002.07.10 13:24 B I:\sindre\sunAlps\images\_vti_cnf\d_crack_simon.jpg --> ftp.powertech.no /home/s/si/sindreob/public_html/pics/sunAlps/images/_vti_cnf d_crack_simon.jpg
2002.07.10 13:24 B I:\sindre\sunAlps\images\_vti_cnf\e_brekketind.jpg --> ftp.powertech.no /home/s/si/sindreob/public_html/pics/sunAlps/images/_vti_cnf e_brekketind.jpg
2002.07.10 13:24 B I:\sindre\sunAlps\images\_vti_cnf\f_jw_brekketind.jpg --> ftp.powertech.no /home/s/si/sindreob/public_html/pics/sunAlps/images/_vti_cnf f_jw_brekketind.jpg
2002.07.10 13:24 B I:\sindre\sunAlps\images\_vti_cnf\g_jw_stener_brekketind.jpg --> ftp.powertech.no /home/s/si/sindreob/public_html/pics/sunAlps/images/_vti_cnf g_jw_stener_brekketind.jpg
2002.07.10 13:24 B I:\sindre\sunAlps\images\_vti_cnf\h_eggen_brekketind.jpg --> ftp.powertech.no /home/s/si/sindreob/public_html/pics/sunAlps/images/_vti_cnf h_eggen_brekketind.jpg
2002.07.10 13:24 B I:\sindre\sunAlps\images\_vti_cnf\home.gif --> ftp.powertech.no /home/s/si/sindreob/public_html/pics/sunAlps/images/_vti_cnf home.gif
2002.07.10 13:24 B I:\sindre\sunAlps\images\_vti_cnf\i_mot_toppen_brekketind.jpg --> ftp.powertech.no /home/s/si/sindreob/public_html/pics/sunAlps/images/_vti_cnf i_mot_toppen_brekketind.jpg
2002.07.10 13:24 B I:\sindre\sunAlps\images\_vti_cnf\j_brekketind2.jpg --> ftp.powertech.no /home/s/si/sindreob/public_html/pics/sunAlps/images/_vti_cnf j_brekketind2.jpg
2002.07.10 13:24 B I:\sindre\sunAlps\images\_vti_cnf\k_alle_mot_brekketind.jpg --> ftp.powertech.no /home/s/si/sindreob/public_html/pics/sunAlps/images/_vti_cnf k_alle_mot_brekketind.jpg
2002.07.10 13:24 B I:\sindre\sunAlps\images\_vti_cnf\l_paa_vei.jpg --> ftp.powertech.no /home/s/si/sindreob/public_html/pics/sunAlps/images/_vti_cnf l_paa_vei.jpg
2002.07.10 13:24 B I:\sindre\sunAlps\images\_vti_cnf\m_mot_toppen_taake.jpg --> ftp.powertech.no /home/s/si/sindreob/public_html/pics/sunAlps/images/_vti_cnf m_mot_toppen_taake.jpg
2002.07.10 13:24 B I:\sindre\sunAlps\images\_vti_cnf\n_simon1.jpg --> ftp.powertech.no /home/s/si/sindreob/public_html/pics/sunAlps/images/_vti_cnf n_simon1.jpg
2002.07.10 13:24 B I:\sindre\sunAlps\images\_vti_cnf\next.gif --> ftp.powertech.no /home/s/si/sindreob/public_html/pics/sunAlps/images/_vti_cnf next.gif
2002.07.10 13:24 B I:\sindre\sunAlps\images\_vti_cnf\previous.gif --> ftp.powertech.no /home/s/si/sindreob/public_html/pics/sunAlps/images/_vti_cnf previous.gif
2002.07.10 14:26 B I:\sindre\sunAlps\images\_vti_cnf\a_start.jpg --> ftp.stud.ntnu.no /usr/local/www.studorg/telemark/bilder/sunAlps/images/_vti_cnf a_start.jpg
2002.07.10 14:26 B I:\sindre\sunAlps\images\_vti_cnf\b_simon_goingup.jpg --> ftp.stud.ntnu.no /usr/local/www.studorg/telemark/bilder/sunAlps/images/_vti_cnf b_simon_goingup.jpg
2002.07.10 14:26 B I:\sindre\sunAlps\images\_vti_cnf\c_jw_goingup.jpg --> ftp.stud.ntnu.no /usr/local/www.studorg/telemark/bilder/sunAlps/images/_vti_cnf c_jw_goingup.jpg
2002.07.10 14:26 B I:\sindre\sunAlps\images\_vti_cnf\d_crack_simon.jpg --> ftp.stud.ntnu.no /usr/local/www.studorg/telemark/bilder/sunAlps/images/_vti_cnf d_crack_simon.jpg
2002.07.10 14:26 B I:\sindre\sunAlps\images\_vti_cnf\e_brekketind.jpg --> ftp.stud.ntnu.no /usr/local/www.studorg/telemark/bilder/sunAlps/images/_vti_cnf e_brekketind.jpg
2002.07.10 14:26 B I:\sindre\sunAlps\images\_vti_cnf\f_jw_brekketind.jpg --> ftp.stud.ntnu.no /usr/local/www.studorg/telemark/bilder/sunAlps/images/_vti_cnf f_jw_brekketind.jpg
2002.07.10 14:26 B I:\sindre\sunAlps\images\_vti_cnf\g_jw_stener_brekketind.jpg --> ftp.stud.ntnu.no /usr/local/www.studorg/telemark/bilder/sunAlps/images/_vti_cnf g_jw_stener_brekketind.jpg
2002.07.10 14:26 B I:\sindre\sunAlps\images\_vti_cnf\h_eggen_brekketind.jpg --> ftp.stud.ntnu.no /usr/local/www.studorg/telemark/bilder/sunAlps/images/_vti_cnf h_eggen_brekketind.jpg
2002.07.10 14:26 B I:\sindre\sunAlps\images\_vti_cnf\home.gif --> ftp.stud.ntnu.no /usr/local/www.studorg/telemark/bilder/sunAlps/images/_vti_cnf home.gif
2002.07.10 14:26 B I:\sindre\sunAlps\images\_vti_cnf\i_mot_toppen_brekketind.jpg --> ftp.stud.ntnu.no /usr/local/www.studorg/telemark/bilder/sunAlps/images/_vti_cnf i_mot_toppen_brekketind.jpg
2002.07.10 14:26 B I:\sindre\sunAlps\images\_vti_cnf\j_brekketind2.jpg --> ftp.stud.ntnu.no /usr/local/www.studorg/telemark/bilder/sunAlps/images/_vti_cnf j_brekketind2.jpg
2002.07.10 14:26 B I:\sindre\sunAlps\images\_vti_cnf\k_alle_mot_brekketind.jpg --> ftp.stud.ntnu.no /usr/local/www.studorg/telemark/bilder/sunAlps/images/_vti_cnf k_alle_mot_brekketind.jpg
2002.07.10 14:26 B I:\sindre\sunAlps\images\_vti_cnf\l_paa_vei.jpg --> ftp.stud.ntnu.no /usr/local/www.studorg/telemark/bilder/sunAlps/images/_vti_cnf l_paa_vei.jpg
2002.07.10 14:26 B I:\sindre\sunAlps\images\_vti_cnf\m_mot_toppen_taake.jpg --> ftp.stud.ntnu.no /usr/local/www.studorg/telemark/bilder/sunAlps/images/_vti_cnf m_mot_toppen_taake.jpg
2002.07.10 14:26 B I:\sindre\sunAlps\images\_vti_cnf\n_simon1.jpg --> ftp.stud.ntnu.no /usr/local/www.studorg/telemark/bilder/sunAlps/images/_vti_cnf n_simon1.jpg
2002.07.10 14:26 B I:\sindre\sunAlps\images\_vti_cnf\next.gif --> ftp.stud.ntnu.no /usr/local/www.studorg/telemark/bilder/sunAlps/images/_vti_cnf next.gif
2002.07.10 14:26 B I:\sindre\sunAlps\images\_vti_cnf\previous.gif --> ftp.stud.ntnu.no /usr/local/www.studorg/telemark/bilder/sunAlps/images/_vti_cnf previous.gif
