2002.07.10 13:32 B I:\sindre\sunAlps\thumbnails\_vti_cnf\a_start.jpg --> ftp.powertech.no /home/s/si/sindreob/public_html/pics/sunAlps/thumbnails/_vti_cnf a_start.jpg
2002.07.10 13:32 B I:\sindre\sunAlps\thumbnails\_vti_cnf\b_simon_goingup.jpg --> ftp.powertech.no /home/s/si/sindreob/public_html/pics/sunAlps/thumbnails/_vti_cnf b_simon_goingup.jpg
2002.07.10 13:32 B I:\sindre\sunAlps\thumbnails\_vti_cnf\c_jw_goingup.jpg --> ftp.powertech.no /home/s/si/sindreob/public_html/pics/sunAlps/thumbnails/_vti_cnf c_jw_goingup.jpg
2002.07.10 13:32 B I:\sindre\sunAlps\thumbnails\_vti_cnf\d_crack_simon.jpg --> ftp.powertech.no /home/s/si/sindreob/public_html/pics/sunAlps/thumbnails/_vti_cnf d_crack_simon.jpg
2002.07.10 13:32 B I:\sindre\sunAlps\thumbnails\_vti_cnf\e_brekketind.jpg --> ftp.powertech.no /home/s/si/sindreob/public_html/pics/sunAlps/thumbnails/_vti_cnf e_brekketind.jpg
2002.07.10 13:32 B I:\sindre\sunAlps\thumbnails\_vti_cnf\f_jw_brekketind.jpg --> ftp.powertech.no /home/s/si/sindreob/public_html/pics/sunAlps/thumbnails/_vti_cnf f_jw_brekketind.jpg
2002.07.10 13:32 B I:\sindre\sunAlps\thumbnails\_vti_cnf\g_jw_stener_brekketind.jpg --> ftp.powertech.no /home/s/si/sindreob/public_html/pics/sunAlps/thumbnails/_vti_cnf g_jw_stener_brekketind.jpg
2002.07.10 13:32 B I:\sindre\sunAlps\thumbnails\_vti_cnf\h_eggen_brekketind.jpg --> ftp.powertech.no /home/s/si/sindreob/public_html/pics/sunAlps/thumbnails/_vti_cnf h_eggen_brekketind.jpg
2002.07.10 13:32 B I:\sindre\sunAlps\thumbnails\_vti_cnf\i_mot_toppen_brekketind.jpg --> ftp.powertech.no /home/s/si/sindreob/public_html/pics/sunAlps/thumbnails/_vti_cnf i_mot_toppen_brekketind.jpg
2002.07.10 13:32 B I:\sindre\sunAlps\thumbnails\_vti_cnf\j_brekketind2.jpg --> ftp.powertech.no /home/s/si/sindreob/public_html/pics/sunAlps/thumbnails/_vti_cnf j_brekketind2.jpg
2002.07.10 13:32 B I:\sindre\sunAlps\thumbnails\_vti_cnf\k_alle_mot_brekketind.jpg --> ftp.powertech.no /home/s/si/sindreob/public_html/pics/sunAlps/thumbnails/_vti_cnf k_alle_mot_brekketind.jpg
2002.07.10 13:32 B I:\sindre\sunAlps\thumbnails\_vti_cnf\l_paa_vei.jpg --> ftp.powertech.no /home/s/si/sindreob/public_html/pics/sunAlps/thumbnails/_vti_cnf l_paa_vei.jpg
2002.07.10 13:32 B I:\sindre\sunAlps\thumbnails\_vti_cnf\m_mot_toppen_taake.jpg --> ftp.powertech.no /home/s/si/sindreob/public_html/pics/sunAlps/thumbnails/_vti_cnf m_mot_toppen_taake.jpg
2002.07.10 13:32 B I:\sindre\sunAlps\thumbnails\_vti_cnf\n_simon1.jpg --> ftp.powertech.no /home/s/si/sindreob/public_html/pics/sunAlps/thumbnails/_vti_cnf n_simon1.jpg
2002.07.10 13:32 B I:\sindre\sunAlps\thumbnails\_vti_cnf\o_alle_topp.jpg --> ftp.powertech.no /home/s/si/sindreob/public_html/pics/sunAlps/thumbnails/_vti_cnf o_alle_topp.jpg
2002.07.10 13:32 B I:\sindre\sunAlps\thumbnails\_vti_cnf\p_simon2.jpg --> ftp.powertech.no /home/s/si/sindreob/public_html/pics/sunAlps/thumbnails/_vti_cnf p_simon2.jpg
2002.07.10 13:32 B I:\sindre\sunAlps\thumbnails\_vti_cnf\q_toppen.jpg --> ftp.powertech.no /home/s/si/sindreob/public_html/pics/sunAlps/thumbnails/_vti_cnf q_toppen.jpg
2002.07.10 13:32 B I:\sindre\sunAlps\thumbnails\_vti_cnf\r_alle_slogen.jpg --> ftp.powertech.no /home/s/si/sindreob/public_html/pics/sunAlps/thumbnails/_vti_cnf r_alle_slogen.jpg
2002.07.10 13:32 B I:\sindre\sunAlps\thumbnails\_vti_cnf\s_meg_topp.jpg --> ftp.powertech.no /home/s/si/sindreob/public_html/pics/sunAlps/thumbnails/_vti_cnf s_meg_topp.jpg
2002.07.10 13:32 B I:\sindre\sunAlps\thumbnails\_vti_cnf\t_simon_booting.jpg --> ftp.powertech.no /home/s/si/sindreob/public_html/pics/sunAlps/thumbnails/_vti_cnf t_simon_booting.jpg
2002.07.10 13:33 B I:\sindre\sunAlps\thumbnails\_vti_cnf\t_slogen2.jpg --> ftp.powertech.no /home/s/si/sindreob/public_html/pics/sunAlps/thumbnails/_vti_cnf t_slogen2.jpg
2002.07.10 13:33 B I:\sindre\sunAlps\thumbnails\_vti_cnf\u_slogen.jpg --> ftp.powertech.no /home/s/si/sindreob/public_html/pics/sunAlps/thumbnails/_vti_cnf u_slogen.jpg
2002.07.10 13:33 B I:\sindre\sunAlps\thumbnails\_vti_cnf\v_jakta.jpg --> ftp.powertech.no /home/s/si/sindreob/public_html/pics/sunAlps/thumbnails/_vti_cnf v_jakta.jpg
2002.07.10 13:33 B I:\sindre\sunAlps\thumbnails\_vti_cnf\z_finito.jpg --> ftp.powertech.no /home/s/si/sindreob/public_html/pics/sunAlps/thumbnails/_vti_cnf z_finito.jpg
2002.07.10 13:33 B I:\sindre\sunAlps\thumbnails\_vti_cnf\z_hytta1.jpg --> ftp.powertech.no /home/s/si/sindreob/public_html/pics/sunAlps/thumbnails/_vti_cnf z_hytta1.jpg
2002.07.10 13:33 B I:\sindre\sunAlps\thumbnails\_vti_cnf\z_hytta2.jpg --> ftp.powertech.no /home/s/si/sindreob/public_html/pics/sunAlps/thumbnails/_vti_cnf z_hytta2.jpg
2002.07.10 13:33 B I:\sindre\sunAlps\thumbnails\_vti_cnf\z_hytta3.jpg --> ftp.powertech.no /home/s/si/sindreob/public_html/pics/sunAlps/thumbnails/_vti_cnf z_hytta3.jpg
2002.07.10 13:33 B I:\sindre\sunAlps\thumbnails\_vti_cnf\z_hytta_alle_brekketind.jpg --> ftp.powertech.no /home/s/si/sindreob/public_html/pics/sunAlps/thumbnails/_vti_cnf z_hytta_alle_brekketind.jpg
2002.07.10 13:33 B I:\sindre\sunAlps\thumbnails\_vti_cnf\z_hytta_alle_slogen.jpg --> ftp.powertech.no /home/s/si/sindreob/public_html/pics/sunAlps/thumbnails/_vti_cnf z_hytta_alle_slogen.jpg
2002.07.10 13:33 B I:\sindre\sunAlps\thumbnails\_vti_cnf\z_kinky.jpg --> ftp.powertech.no /home/s/si/sindreob/public_html/pics/sunAlps/thumbnails/_vti_cnf z_kinky.jpg
2002.07.10 13:33 B I:\sindre\sunAlps\thumbnails\_vti_cnf\z_rainbow.jpg --> ftp.powertech.no /home/s/si/sindreob/public_html/pics/sunAlps/thumbnails/_vti_cnf z_rainbow.jpg
2002.07.10 13:33 B I:\sindre\sunAlps\thumbnails\_vti_cnf\z_simon_rainbow.jpg --> ftp.powertech.no /home/s/si/sindreob/public_html/pics/sunAlps/thumbnails/_vti_cnf z_simon_rainbow.jpg
2002.07.10 13:33 B I:\sindre\sunAlps\thumbnails\_vti_cnf\z_slogen_oye.jpg --> ftp.powertech.no /home/s/si/sindreob/public_html/pics/sunAlps/thumbnails/_vti_cnf z_slogen_oye.jpg
2002.07.10 13:33 B I:\sindre\sunAlps\thumbnails\_vti_cnf\z_stener_buttertop.jpg --> ftp.powertech.no /home/s/si/sindreob/public_html/pics/sunAlps/thumbnails/_vti_cnf z_stener_buttertop.jpg
2002.07.10 13:33 B I:\sindre\sunAlps\thumbnails\_vti_cnf\z_waffleman.jpg --> ftp.powertech.no /home/s/si/sindreob/public_html/pics/sunAlps/thumbnails/_vti_cnf z_waffleman.jpg
2002.07.10 13:33 B I:\sindre\sunAlps\thumbnails\_vti_cnf\z_waffleman2.jpg --> ftp.powertech.no /home/s/si/sindreob/public_html/pics/sunAlps/thumbnails/_vti_cnf z_waffleman2.jpg
2002.07.10 14:34 B I:\sindre\sunAlps\thumbnails\_vti_cnf\a_start.jpg --> ftp.stud.ntnu.no /usr/local/www.studorg/telemark/bilder/sunAlps/thumbnails/_vti_cnf a_start.jpg
2002.07.10 14:34 B I:\sindre\sunAlps\thumbnails\_vti_cnf\b_simon_goingup.jpg --> ftp.stud.ntnu.no /usr/local/www.studorg/telemark/bilder/sunAlps/thumbnails/_vti_cnf b_simon_goingup.jpg
2002.07.10 14:34 B I:\sindre\sunAlps\thumbnails\_vti_cnf\c_jw_goingup.jpg --> ftp.stud.ntnu.no /usr/local/www.studorg/telemark/bilder/sunAlps/thumbnails/_vti_cnf c_jw_goingup.jpg
2002.07.10 14:34 B I:\sindre\sunAlps\thumbnails\_vti_cnf\d_crack_simon.jpg --> ftp.stud.ntnu.no /usr/local/www.studorg/telemark/bilder/sunAlps/thumbnails/_vti_cnf d_crack_simon.jpg
2002.07.10 14:34 B I:\sindre\sunAlps\thumbnails\_vti_cnf\e_brekketind.jpg --> ftp.stud.ntnu.no /usr/local/www.studorg/telemark/bilder/sunAlps/thumbnails/_vti_cnf e_brekketind.jpg
2002.07.10 14:34 B I:\sindre\sunAlps\thumbnails\_vti_cnf\f_jw_brekketind.jpg --> ftp.stud.ntnu.no /usr/local/www.studorg/telemark/bilder/sunAlps/thumbnails/_vti_cnf f_jw_brekketind.jpg
2002.07.10 14:34 B I:\sindre\sunAlps\thumbnails\_vti_cnf\g_jw_stener_brekketind.jpg --> ftp.stud.ntnu.no /usr/local/www.studorg/telemark/bilder/sunAlps/thumbnails/_vti_cnf g_jw_stener_brekketind.jpg
2002.07.10 14:34 B I:\sindre\sunAlps\thumbnails\_vti_cnf\h_eggen_brekketind.jpg --> ftp.stud.ntnu.no /usr/local/www.studorg/telemark/bilder/sunAlps/thumbnails/_vti_cnf h_eggen_brekketind.jpg
2002.07.10 14:34 B I:\sindre\sunAlps\thumbnails\_vti_cnf\i_mot_toppen_brekketind.jpg --> ftp.stud.ntnu.no /usr/local/www.studorg/telemark/bilder/sunAlps/thumbnails/_vti_cnf i_mot_toppen_brekketind.jpg
2002.07.10 14:34 B I:\sindre\sunAlps\thumbnails\_vti_cnf\j_brekketind2.jpg --> ftp.stud.ntnu.no /usr/local/www.studorg/telemark/bilder/sunAlps/thumbnails/_vti_cnf j_brekketind2.jpg
2002.07.10 14:35 B I:\sindre\sunAlps\thumbnails\_vti_cnf\k_alle_mot_brekketind.jpg --> ftp.stud.ntnu.no /usr/local/www.studorg/telemark/bilder/sunAlps/thumbnails/_vti_cnf k_alle_mot_brekketind.jpg
2002.07.10 14:35 B I:\sindre\sunAlps\thumbnails\_vti_cnf\l_paa_vei.jpg --> ftp.stud.ntnu.no /usr/local/www.studorg/telemark/bilder/sunAlps/thumbnails/_vti_cnf l_paa_vei.jpg
2002.07.10 14:35 B I:\sindre\sunAlps\thumbnails\_vti_cnf\m_mot_toppen_taake.jpg --> ftp.stud.ntnu.no /usr/local/www.studorg/telemark/bilder/sunAlps/thumbnails/_vti_cnf m_mot_toppen_taake.jpg
2002.07.10 14:35 B I:\sindre\sunAlps\thumbnails\_vti_cnf\n_simon1.jpg --> ftp.stud.ntnu.no /usr/local/www.studorg/telemark/bilder/sunAlps/thumbnails/_vti_cnf n_simon1.jpg
2002.07.10 14:35 B I:\sindre\sunAlps\thumbnails\_vti_cnf\o_alle_topp.jpg --> ftp.stud.ntnu.no /usr/local/www.studorg/telemark/bilder/sunAlps/thumbnails/_vti_cnf o_alle_topp.jpg
2002.07.10 14:35 B I:\sindre\sunAlps\thumbnails\_vti_cnf\p_simon2.jpg --> ftp.stud.ntnu.no /usr/local/www.studorg/telemark/bilder/sunAlps/thumbnails/_vti_cnf p_simon2.jpg
2002.07.10 14:35 B I:\sindre\sunAlps\thumbnails\_vti_cnf\q_toppen.jpg --> ftp.stud.ntnu.no /usr/local/www.studorg/telemark/bilder/sunAlps/thumbnails/_vti_cnf q_toppen.jpg
2002.07.10 14:35 B I:\sindre\sunAlps\thumbnails\_vti_cnf\r_alle_slogen.jpg --> ftp.stud.ntnu.no /usr/local/www.studorg/telemark/bilder/sunAlps/thumbnails/_vti_cnf r_alle_slogen.jpg
2002.07.10 14:35 B I:\sindre\sunAlps\thumbnails\_vti_cnf\s_meg_topp.jpg --> ftp.stud.ntnu.no /usr/local/www.studorg/telemark/bilder/sunAlps/thumbnails/_vti_cnf s_meg_topp.jpg
2002.07.10 14:35 B I:\sindre\sunAlps\thumbnails\_vti_cnf\t_simon_booting.jpg --> ftp.stud.ntnu.no /usr/local/www.studorg/telemark/bilder/sunAlps/thumbnails/_vti_cnf t_simon_booting.jpg
2002.07.10 14:35 B I:\sindre\sunAlps\thumbnails\_vti_cnf\t_slogen2.jpg --> ftp.stud.ntnu.no /usr/local/www.studorg/telemark/bilder/sunAlps/thumbnails/_vti_cnf t_slogen2.jpg
2002.07.10 14:35 B I:\sindre\sunAlps\thumbnails\_vti_cnf\u_slogen.jpg --> ftp.stud.ntnu.no /usr/local/www.studorg/telemark/bilder/sunAlps/thumbnails/_vti_cnf u_slogen.jpg
2002.07.10 14:35 B I:\sindre\sunAlps\thumbnails\_vti_cnf\v_jakta.jpg --> ftp.stud.ntnu.no /usr/local/www.studorg/telemark/bilder/sunAlps/thumbnails/_vti_cnf v_jakta.jpg
