2002.07.10 13:33 B I:\sindre\sunAlps\thumbnails\a_start.jpg --> ftp.powertech.no /home/s/si/sindreob/public_html/pics/sunAlps/thumbnails a_start.jpg
2002.07.10 13:33 B I:\sindre\sunAlps\thumbnails\b_simon_goingup.jpg --> ftp.powertech.no /home/s/si/sindreob/public_html/pics/sunAlps/thumbnails b_simon_goingup.jpg
2002.07.10 13:33 B I:\sindre\sunAlps\thumbnails\c_jw_goingup.jpg --> ftp.powertech.no /home/s/si/sindreob/public_html/pics/sunAlps/thumbnails c_jw_goingup.jpg
2002.07.10 13:33 B I:\sindre\sunAlps\thumbnails\d_crack_simon.jpg --> ftp.powertech.no /home/s/si/sindreob/public_html/pics/sunAlps/thumbnails d_crack_simon.jpg
2002.07.10 13:33 B I:\sindre\sunAlps\thumbnails\e_brekketind.jpg --> ftp.powertech.no /home/s/si/sindreob/public_html/pics/sunAlps/thumbnails e_brekketind.jpg
2002.07.10 13:33 B I:\sindre\sunAlps\thumbnails\f_jw_brekketind.jpg --> ftp.powertech.no /home/s/si/sindreob/public_html/pics/sunAlps/thumbnails f_jw_brekketind.jpg
2002.07.10 13:33 B I:\sindre\sunAlps\thumbnails\g_jw_stener_brekketind.jpg --> ftp.powertech.no /home/s/si/sindreob/public_html/pics/sunAlps/thumbnails g_jw_stener_brekketind.jpg
2002.07.10 13:33 B I:\sindre\sunAlps\thumbnails\h_eggen_brekketind.jpg --> ftp.powertech.no /home/s/si/sindreob/public_html/pics/sunAlps/thumbnails h_eggen_brekketind.jpg
2002.07.10 13:33 B I:\sindre\sunAlps\thumbnails\i_mot_toppen_brekketind.jpg --> ftp.powertech.no /home/s/si/sindreob/public_html/pics/sunAlps/thumbnails i_mot_toppen_brekketind.jpg
2002.07.10 13:33 B I:\sindre\sunAlps\thumbnails\j_brekketind2.jpg --> ftp.powertech.no /home/s/si/sindreob/public_html/pics/sunAlps/thumbnails j_brekketind2.jpg
2002.07.10 13:33 B I:\sindre\sunAlps\thumbnails\k_alle_mot_brekketind.jpg --> ftp.powertech.no /home/s/si/sindreob/public_html/pics/sunAlps/thumbnails k_alle_mot_brekketind.jpg
2002.07.10 13:33 B I:\sindre\sunAlps\thumbnails\l_paa_vei.jpg --> ftp.powertech.no /home/s/si/sindreob/public_html/pics/sunAlps/thumbnails l_paa_vei.jpg
2002.07.10 13:33 B I:\sindre\sunAlps\thumbnails\m_mot_toppen_taake.jpg --> ftp.powertech.no /home/s/si/sindreob/public_html/pics/sunAlps/thumbnails m_mot_toppen_taake.jpg
2002.07.10 13:33 B I:\sindre\sunAlps\thumbnails\n_simon1.jpg --> ftp.powertech.no /home/s/si/sindreob/public_html/pics/sunAlps/thumbnails n_simon1.jpg
2002.07.10 13:33 B I:\sindre\sunAlps\thumbnails\o_alle_topp.jpg --> ftp.powertech.no /home/s/si/sindreob/public_html/pics/sunAlps/thumbnails o_alle_topp.jpg
2002.07.10 13:33 B I:\sindre\sunAlps\thumbnails\p_simon2.jpg --> ftp.powertech.no /home/s/si/sindreob/public_html/pics/sunAlps/thumbnails p_simon2.jpg
2002.07.10 13:34 B I:\sindre\sunAlps\thumbnails\q_toppen.jpg --> ftp.powertech.no /home/s/si/sindreob/public_html/pics/sunAlps/thumbnails q_toppen.jpg
2002.07.10 13:34 B I:\sindre\sunAlps\thumbnails\r_alle_slogen.jpg --> ftp.powertech.no /home/s/si/sindreob/public_html/pics/sunAlps/thumbnails r_alle_slogen.jpg
2002.07.10 13:34 B I:\sindre\sunAlps\thumbnails\s_meg_topp.jpg --> ftp.powertech.no /home/s/si/sindreob/public_html/pics/sunAlps/thumbnails s_meg_topp.jpg
2002.07.10 13:34 B I:\sindre\sunAlps\thumbnails\t_simon_booting.jpg --> ftp.powertech.no /home/s/si/sindreob/public_html/pics/sunAlps/thumbnails t_simon_booting.jpg
2002.07.10 13:34 B I:\sindre\sunAlps\thumbnails\t_slogen2.jpg --> ftp.powertech.no /home/s/si/sindreob/public_html/pics/sunAlps/thumbnails t_slogen2.jpg
2002.07.10 13:34 B I:\sindre\sunAlps\thumbnails\u_slogen.jpg --> ftp.powertech.no /home/s/si/sindreob/public_html/pics/sunAlps/thumbnails u_slogen.jpg
2002.07.10 13:34 B I:\sindre\sunAlps\thumbnails\v_jakta.jpg --> ftp.powertech.no /home/s/si/sindreob/public_html/pics/sunAlps/thumbnails v_jakta.jpg
2002.07.10 13:34 B I:\sindre\sunAlps\thumbnails\z_finito.jpg --> ftp.powertech.no /home/s/si/sindreob/public_html/pics/sunAlps/thumbnails z_finito.jpg
2002.07.10 13:34 B I:\sindre\sunAlps\thumbnails\z_hytta1.jpg --> ftp.powertech.no /home/s/si/sindreob/public_html/pics/sunAlps/thumbnails z_hytta1.jpg
2002.07.10 13:34 B I:\sindre\sunAlps\thumbnails\z_hytta2.jpg --> ftp.powertech.no /home/s/si/sindreob/public_html/pics/sunAlps/thumbnails z_hytta2.jpg
2002.07.10 13:34 B I:\sindre\sunAlps\thumbnails\z_hytta3.jpg --> ftp.powertech.no /home/s/si/sindreob/public_html/pics/sunAlps/thumbnails z_hytta3.jpg
2002.07.10 13:34 B I:\sindre\sunAlps\thumbnails\z_hytta_alle_brekketind.jpg --> ftp.powertech.no /home/s/si/sindreob/public_html/pics/sunAlps/thumbnails z_hytta_alle_brekketind.jpg
2002.07.10 13:34 B I:\sindre\sunAlps\thumbnails\z_hytta_alle_slogen.jpg --> ftp.powertech.no /home/s/si/sindreob/public_html/pics/sunAlps/thumbnails z_hytta_alle_slogen.jpg
2002.07.10 13:34 B I:\sindre\sunAlps\thumbnails\z_kinky.jpg --> ftp.powertech.no /home/s/si/sindreob/public_html/pics/sunAlps/thumbnails z_kinky.jpg
2002.07.10 13:34 B I:\sindre\sunAlps\thumbnails\z_rainbow.jpg --> ftp.powertech.no /home/s/si/sindreob/public_html/pics/sunAlps/thumbnails z_rainbow.jpg
2002.07.10 13:34 B I:\sindre\sunAlps\thumbnails\z_simon_rainbow.jpg --> ftp.powertech.no /home/s/si/sindreob/public_html/pics/sunAlps/thumbnails z_simon_rainbow.jpg
2002.07.10 13:34 B I:\sindre\sunAlps\thumbnails\z_slogen_oye.jpg --> ftp.powertech.no /home/s/si/sindreob/public_html/pics/sunAlps/thumbnails z_slogen_oye.jpg
2002.07.10 13:34 B I:\sindre\sunAlps\thumbnails\z_stener_buttertop.jpg --> ftp.powertech.no /home/s/si/sindreob/public_html/pics/sunAlps/thumbnails z_stener_buttertop.jpg
2002.07.10 13:34 B I:\sindre\sunAlps\thumbnails\z_waffleman.jpg --> ftp.powertech.no /home/s/si/sindreob/public_html/pics/sunAlps/thumbnails z_waffleman.jpg
2002.07.10 13:34 B I:\sindre\sunAlps\thumbnails\z_waffleman2.jpg --> ftp.powertech.no /home/s/si/sindreob/public_html/pics/sunAlps/thumbnails z_waffleman2.jpg
2002.07.10 14:35 B I:\sindre\sunAlps\thumbnails\a_start.jpg --> ftp.stud.ntnu.no /usr/local/www.studorg/telemark/bilder/sunAlps/thumbnails a_start.jpg
2002.07.10 14:35 B I:\sindre\sunAlps\thumbnails\b_simon_goingup.jpg --> ftp.stud.ntnu.no /usr/local/www.studorg/telemark/bilder/sunAlps/thumbnails b_simon_goingup.jpg
2002.07.10 14:35 B I:\sindre\sunAlps\thumbnails\c_jw_goingup.jpg --> ftp.stud.ntnu.no /usr/local/www.studorg/telemark/bilder/sunAlps/thumbnails c_jw_goingup.jpg
2002.07.10 14:35 B I:\sindre\sunAlps\thumbnails\d_crack_simon.jpg --> ftp.stud.ntnu.no /usr/local/www.studorg/telemark/bilder/sunAlps/thumbnails d_crack_simon.jpg
2002.07.10 14:35 B I:\sindre\sunAlps\thumbnails\e_brekketind.jpg --> ftp.stud.ntnu.no /usr/local/www.studorg/telemark/bilder/sunAlps/thumbnails e_brekketind.jpg
2002.07.10 14:35 B I:\sindre\sunAlps\thumbnails\f_jw_brekketind.jpg --> ftp.stud.ntnu.no /usr/local/www.studorg/telemark/bilder/sunAlps/thumbnails f_jw_brekketind.jpg
2002.07.10 14:36 B I:\sindre\sunAlps\thumbnails\g_jw_stener_brekketind.jpg --> ftp.stud.ntnu.no /usr/local/www.studorg/telemark/bilder/sunAlps/thumbnails g_jw_stener_brekketind.jpg
2002.07.10 14:36 B I:\sindre\sunAlps\thumbnails\h_eggen_brekketind.jpg --> ftp.stud.ntnu.no /usr/local/www.studorg/telemark/bilder/sunAlps/thumbnails h_eggen_brekketind.jpg
2002.07.10 14:36 B I:\sindre\sunAlps\thumbnails\i_mot_toppen_brekketind.jpg --> ftp.stud.ntnu.no /usr/local/www.studorg/telemark/bilder/sunAlps/thumbnails i_mot_toppen_brekketind.jpg
2002.07.10 14:36 B I:\sindre\sunAlps\thumbnails\j_brekketind2.jpg --> ftp.stud.ntnu.no /usr/local/www.studorg/telemark/bilder/sunAlps/thumbnails j_brekketind2.jpg
2002.07.10 14:36 B I:\sindre\sunAlps\thumbnails\k_alle_mot_brekketind.jpg --> ftp.stud.ntnu.no /usr/local/www.studorg/telemark/bilder/sunAlps/thumbnails k_alle_mot_brekketind.jpg
2002.07.10 14:36 B I:\sindre\sunAlps\thumbnails\l_paa_vei.jpg --> ftp.stud.ntnu.no /usr/local/www.studorg/telemark/bilder/sunAlps/thumbnails l_paa_vei.jpg
2002.07.10 14:36 B I:\sindre\sunAlps\thumbnails\m_mot_toppen_taake.jpg --> ftp.stud.ntnu.no /usr/local/www.studorg/telemark/bilder/sunAlps/thumbnails m_mot_toppen_taake.jpg
2002.07.10 14:36 B I:\sindre\sunAlps\thumbnails\n_simon1.jpg --> ftp.stud.ntnu.no /usr/local/www.studorg/telemark/bilder/sunAlps/thumbnails n_simon1.jpg
2002.07.10 14:36 B I:\sindre\sunAlps\thumbnails\o_alle_topp.jpg --> ftp.stud.ntnu.no /usr/local/www.studorg/telemark/bilder/sunAlps/thumbnails o_alle_topp.jpg
2002.07.10 14:36 B I:\sindre\sunAlps\thumbnails\p_simon2.jpg --> ftp.stud.ntnu.no /usr/local/www.studorg/telemark/bilder/sunAlps/thumbnails p_simon2.jpg
2002.07.10 14:36 B I:\sindre\sunAlps\thumbnails\q_toppen.jpg --> ftp.stud.ntnu.no /usr/local/www.studorg/telemark/bilder/sunAlps/thumbnails q_toppen.jpg
2002.07.10 14:36 B I:\sindre\sunAlps\thumbnails\r_alle_slogen.jpg --> ftp.stud.ntnu.no /usr/local/www.studorg/telemark/bilder/sunAlps/thumbnails r_alle_slogen.jpg
2002.07.10 14:36 B I:\sindre\sunAlps\thumbnails\s_meg_topp.jpg --> ftp.stud.ntnu.no /usr/local/www.studorg/telemark/bilder/sunAlps/thumbnails s_meg_topp.jpg
2002.07.10 14:36 B I:\sindre\sunAlps\thumbnails\t_simon_booting.jpg --> ftp.stud.ntnu.no /usr/local/www.studorg/telemark/bilder/sunAlps/thumbnails t_simon_booting.jpg
2002.07.10 14:36 B I:\sindre\sunAlps\thumbnails\t_slogen2.jpg --> ftp.stud.ntnu.no /usr/local/www.studorg/telemark/bilder/sunAlps/thumbnails t_slogen2.jpg
2002.07.10 14:36 B I:\sindre\sunAlps\thumbnails\u_slogen.jpg --> ftp.stud.ntnu.no /usr/local/www.studorg/telemark/bilder/sunAlps/thumbnails u_slogen.jpg
2002.07.10 14:36 B I:\sindre\sunAlps\thumbnails\v_jakta.jpg --> ftp.stud.ntnu.no /usr/local/www.studorg/telemark/bilder/sunAlps/thumbnails v_jakta.jpg
