2002.07.10 13:21 B I:\sindre\stryn\pages\_vti_cnf\asmund.htm --> ftp.powertech.no /home/s/si/sindreob/public_html/pics/stryn/pages/_vti_cnf asmund.htm
2002.07.10 13:21 B I:\sindre\stryn\pages\_vti_cnf\asmund_pub.htm --> ftp.powertech.no /home/s/si/sindreob/public_html/pics/stryn/pages/_vti_cnf asmund_pub.htm
2002.07.10 13:21 B I:\sindre\stryn\pages\_vti_cnf\asmund_slov.htm --> ftp.powertech.no /home/s/si/sindreob/public_html/pics/stryn/pages/_vti_cnf asmund_slov.htm
2002.07.10 13:21 B I:\sindre\stryn\pages\_vti_cnf\bil.htm --> ftp.powertech.no /home/s/si/sindreob/public_html/pics/stryn/pages/_vti_cnf bil.htm
2002.07.10 13:21 B I:\sindre\stryn\pages\_vti_cnf\duster_vann.htm --> ftp.powertech.no /home/s/si/sindreob/public_html/pics/stryn/pages/_vti_cnf duster_vann.htm
2002.07.10 13:21 B I:\sindre\stryn\pages\_vti_cnf\felix_lars_hilde.htm --> ftp.powertech.no /home/s/si/sindreob/public_html/pics/stryn/pages/_vti_cnf felix_lars_hilde.htm
2002.07.10 13:21 B I:\sindre\stryn\pages\_vti_cnf\grill1.htm --> ftp.powertech.no /home/s/si/sindreob/public_html/pics/stryn/pages/_vti_cnf grill1.htm
2002.07.10 13:21 B I:\sindre\stryn\pages\_vti_cnf\grill2.htm --> ftp.powertech.no /home/s/si/sindreob/public_html/pics/stryn/pages/_vti_cnf grill2.htm
2002.07.10 13:21 B I:\sindre\stryn\pages\_vti_cnf\grill3.htm --> ftp.powertech.no /home/s/si/sindreob/public_html/pics/stryn/pages/_vti_cnf grill3.htm
2002.07.10 13:21 B I:\sindre\stryn\pages\_vti_cnf\grill4.htm --> ftp.powertech.no /home/s/si/sindreob/public_html/pics/stryn/pages/_vti_cnf grill4.htm
2002.07.10 13:21 B I:\sindre\stryn\pages\_vti_cnf\guri.htm --> ftp.powertech.no /home/s/si/sindreob/public_html/pics/stryn/pages/_vti_cnf guri.htm
2002.07.10 13:21 B I:\sindre\stryn\pages\_vti_cnf\ja_alko2.htm --> ftp.powertech.no /home/s/si/sindreob/public_html/pics/stryn/pages/_vti_cnf ja_alko2.htm
2002.07.10 13:21 B I:\sindre\stryn\pages\_vti_cnf\jw_4pils.htm --> ftp.powertech.no /home/s/si/sindreob/public_html/pics/stryn/pages/_vti_cnf jw_4pils.htm
2002.07.10 13:21 B I:\sindre\stryn\pages\_vti_cnf\jw_alko.htm --> ftp.powertech.no /home/s/si/sindreob/public_html/pics/stryn/pages/_vti_cnf jw_alko.htm
2002.07.10 13:21 B I:\sindre\stryn\pages\_vti_cnf\jw_stener_topp.htm --> ftp.powertech.no /home/s/si/sindreob/public_html/pics/stryn/pages/_vti_cnf jw_stener_topp.htm
2002.07.10 13:21 B I:\sindre\stryn\pages\_vti_cnf\jw_stener_yoh1.htm --> ftp.powertech.no /home/s/si/sindreob/public_html/pics/stryn/pages/_vti_cnf jw_stener_yoh1.htm
2002.07.10 13:21 B I:\sindre\stryn\pages\_vti_cnf\jw_stener_yoh2.htm --> ftp.powertech.no /home/s/si/sindreob/public_html/pics/stryn/pages/_vti_cnf jw_stener_yoh2.htm
2002.07.10 13:21 B I:\sindre\stryn\pages\_vti_cnf\jw_topp.htm --> ftp.powertech.no /home/s/si/sindreob/public_html/pics/stryn/pages/_vti_cnf jw_topp.htm
2002.07.10 13:21 B I:\sindre\stryn\pages\_vti_cnf\kake1.htm --> ftp.powertech.no /home/s/si/sindreob/public_html/pics/stryn/pages/_vti_cnf kake1.htm
2002.07.10 13:21 B I:\sindre\stryn\pages\_vti_cnf\kake2.htm --> ftp.powertech.no /home/s/si/sindreob/public_html/pics/stryn/pages/_vti_cnf kake2.htm
2002.07.10 13:21 B I:\sindre\stryn\pages\_vti_cnf\ladies_oppdal.htm --> ftp.powertech.no /home/s/si/sindreob/public_html/pics/stryn/pages/_vti_cnf ladies_oppdal.htm
2002.07.10 13:21 B I:\sindre\stryn\pages\_vti_cnf\ladies_oslo.htm --> ftp.powertech.no /home/s/si/sindreob/public_html/pics/stryn/pages/_vti_cnf ladies_oslo.htm
2002.07.10 13:21 B I:\sindre\stryn\pages\_vti_cnf\lars_telt.htm --> ftp.powertech.no /home/s/si/sindreob/public_html/pics/stryn/pages/_vti_cnf lars_telt.htm
2002.07.10 13:21 B I:\sindre\stryn\pages\_vti_cnf\pakk.htm --> ftp.powertech.no /home/s/si/sindreob/public_html/pics/stryn/pages/_vti_cnf pakk.htm
2002.07.10 13:21 B I:\sindre\stryn\pages\_vti_cnf\pub1.htm --> ftp.powertech.no /home/s/si/sindreob/public_html/pics/stryn/pages/_vti_cnf pub1.htm
2002.07.10 13:21 B I:\sindre\stryn\pages\_vti_cnf\pub2.htm --> ftp.powertech.no /home/s/si/sindreob/public_html/pics/stryn/pages/_vti_cnf pub2.htm
2002.07.10 13:21 B I:\sindre\stryn\pages\_vti_cnf\pub_folk.htm --> ftp.powertech.no /home/s/si/sindreob/public_html/pics/stryn/pages/_vti_cnf pub_folk.htm
2002.07.10 13:21 B I:\sindre\stryn\pages\_vti_cnf\stener_alko.htm --> ftp.powertech.no /home/s/si/sindreob/public_html/pics/stryn/pages/_vti_cnf stener_alko.htm
2002.07.10 13:21 B I:\sindre\stryn\pages\_vti_cnf\stener_topp1.htm --> ftp.powertech.no /home/s/si/sindreob/public_html/pics/stryn/pages/_vti_cnf stener_topp1.htm
2002.07.10 13:21 B I:\sindre\stryn\pages\_vti_cnf\stener_topp2.htm --> ftp.powertech.no /home/s/si/sindreob/public_html/pics/stryn/pages/_vti_cnf stener_topp2.htm
2002.07.10 13:21 B I:\sindre\stryn\pages\_vti_cnf\utdrikk_vann.htm --> ftp.powertech.no /home/s/si/sindreob/public_html/pics/stryn/pages/_vti_cnf utdrikk_vann.htm
2002.07.10 13:21 B I:\sindre\stryn\pages\_vti_cnf\utdrikk_vann2.htm --> ftp.powertech.no /home/s/si/sindreob/public_html/pics/stryn/pages/_vti_cnf utdrikk_vann2.htm
2002.07.10 14:22 B I:\sindre\stryn\pages\_vti_cnf\asmund.htm --> ftp.stud.ntnu.no /usr/local/www.studorg/telemark/bilder/stryn/pages/_vti_cnf asmund.htm
2002.07.10 14:22 B I:\sindre\stryn\pages\_vti_cnf\asmund_pub.htm --> ftp.stud.ntnu.no /usr/local/www.studorg/telemark/bilder/stryn/pages/_vti_cnf asmund_pub.htm
2002.07.10 14:22 B I:\sindre\stryn\pages\_vti_cnf\asmund_slov.htm --> ftp.stud.ntnu.no /usr/local/www.studorg/telemark/bilder/stryn/pages/_vti_cnf asmund_slov.htm
2002.07.10 14:22 B I:\sindre\stryn\pages\_vti_cnf\bil.htm --> ftp.stud.ntnu.no /usr/local/www.studorg/telemark/bilder/stryn/pages/_vti_cnf bil.htm
2002.07.10 14:22 B I:\sindre\stryn\pages\_vti_cnf\duster_vann.htm --> ftp.stud.ntnu.no /usr/local/www.studorg/telemark/bilder/stryn/pages/_vti_cnf duster_vann.htm
2002.07.10 14:22 B I:\sindre\stryn\pages\_vti_cnf\felix_lars_hilde.htm --> ftp.stud.ntnu.no /usr/local/www.studorg/telemark/bilder/stryn/pages/_vti_cnf felix_lars_hilde.htm
2002.07.10 14:22 B I:\sindre\stryn\pages\_vti_cnf\grill1.htm --> ftp.stud.ntnu.no /usr/local/www.studorg/telemark/bilder/stryn/pages/_vti_cnf grill1.htm
2002.07.10 14:22 B I:\sindre\stryn\pages\_vti_cnf\grill2.htm --> ftp.stud.ntnu.no /usr/local/www.studorg/telemark/bilder/stryn/pages/_vti_cnf grill2.htm
2002.07.10 14:22 B I:\sindre\stryn\pages\_vti_cnf\grill3.htm --> ftp.stud.ntnu.no /usr/local/www.studorg/telemark/bilder/stryn/pages/_vti_cnf grill3.htm
2002.07.10 14:22 B I:\sindre\stryn\pages\_vti_cnf\grill4.htm --> ftp.stud.ntnu.no /usr/local/www.studorg/telemark/bilder/stryn/pages/_vti_cnf grill4.htm
2002.07.10 14:22 B I:\sindre\stryn\pages\_vti_cnf\guri.htm --> ftp.stud.ntnu.no /usr/local/www.studorg/telemark/bilder/stryn/pages/_vti_cnf guri.htm
2002.07.10 14:22 B I:\sindre\stryn\pages\_vti_cnf\ja_alko2.htm --> ftp.stud.ntnu.no /usr/local/www.studorg/telemark/bilder/stryn/pages/_vti_cnf ja_alko2.htm
2002.07.10 14:22 B I:\sindre\stryn\pages\_vti_cnf\jw_4pils.htm --> ftp.stud.ntnu.no /usr/local/www.studorg/telemark/bilder/stryn/pages/_vti_cnf jw_4pils.htm
2002.07.10 14:22 B I:\sindre\stryn\pages\_vti_cnf\jw_alko.htm --> ftp.stud.ntnu.no /usr/local/www.studorg/telemark/bilder/stryn/pages/_vti_cnf jw_alko.htm
2002.07.10 14:22 B I:\sindre\stryn\pages\_vti_cnf\jw_stener_topp.htm --> ftp.stud.ntnu.no /usr/local/www.studorg/telemark/bilder/stryn/pages/_vti_cnf jw_stener_topp.htm
2002.07.10 14:22 B I:\sindre\stryn\pages\_vti_cnf\jw_stener_yoh1.htm --> ftp.stud.ntnu.no /usr/local/www.studorg/telemark/bilder/stryn/pages/_vti_cnf jw_stener_yoh1.htm
2002.07.10 14:22 B I:\sindre\stryn\pages\_vti_cnf\jw_stener_yoh2.htm --> ftp.stud.ntnu.no /usr/local/www.studorg/telemark/bilder/stryn/pages/_vti_cnf jw_stener_yoh2.htm
2002.07.10 14:22 B I:\sindre\stryn\pages\_vti_cnf\jw_topp.htm --> ftp.stud.ntnu.no /usr/local/www.studorg/telemark/bilder/stryn/pages/_vti_cnf jw_topp.htm
2002.07.10 14:22 B I:\sindre\stryn\pages\_vti_cnf\kake1.htm --> ftp.stud.ntnu.no /usr/local/www.studorg/telemark/bilder/stryn/pages/_vti_cnf kake1.htm
2002.07.10 14:22 B I:\sindre\stryn\pages\_vti_cnf\kake2.htm --> ftp.stud.ntnu.no /usr/local/www.studorg/telemark/bilder/stryn/pages/_vti_cnf kake2.htm
2002.07.10 14:22 B I:\sindre\stryn\pages\_vti_cnf\ladies_oppdal.htm --> ftp.stud.ntnu.no /usr/local/www.studorg/telemark/bilder/stryn/pages/_vti_cnf ladies_oppdal.htm
2002.07.10 14:22 B I:\sindre\stryn\pages\_vti_cnf\ladies_oslo.htm --> ftp.stud.ntnu.no /usr/local/www.studorg/telemark/bilder/stryn/pages/_vti_cnf ladies_oslo.htm
2002.07.10 14:22 B I:\sindre\stryn\pages\_vti_cnf\lars_telt.htm --> ftp.stud.ntnu.no /usr/local/www.studorg/telemark/bilder/stryn/pages/_vti_cnf lars_telt.htm
2002.07.10 14:22 B I:\sindre\stryn\pages\_vti_cnf\pakk.htm --> ftp.stud.ntnu.no /usr/local/www.studorg/telemark/bilder/stryn/pages/_vti_cnf pakk.htm
2002.07.10 14:22 B I:\sindre\stryn\pages\_vti_cnf\pub1.htm --> ftp.stud.ntnu.no /usr/local/www.studorg/telemark/bilder/stryn/pages/_vti_cnf pub1.htm
2002.07.10 14:22 B I:\sindre\stryn\pages\_vti_cnf\pub2.htm --> ftp.stud.ntnu.no /usr/local/www.studorg/telemark/bilder/stryn/pages/_vti_cnf pub2.htm
2002.07.10 14:22 B I:\sindre\stryn\pages\_vti_cnf\pub_folk.htm --> ftp.stud.ntnu.no /usr/local/www.studorg/telemark/bilder/stryn/pages/_vti_cnf pub_folk.htm
2002.07.10 14:22 B I:\sindre\stryn\pages\_vti_cnf\stener_alko.htm --> ftp.stud.ntnu.no /usr/local/www.studorg/telemark/bilder/stryn/pages/_vti_cnf stener_alko.htm
2002.07.10 14:22 B I:\sindre\stryn\pages\_vti_cnf\stener_topp1.htm --> ftp.stud.ntnu.no /usr/local/www.studorg/telemark/bilder/stryn/pages/_vti_cnf stener_topp1.htm
2002.07.10 14:22 B I:\sindre\stryn\pages\_vti_cnf\stener_topp2.htm --> ftp.stud.ntnu.no /usr/local/www.studorg/telemark/bilder/stryn/pages/_vti_cnf stener_topp2.htm
2002.07.10 14:23 B I:\sindre\stryn\pages\_vti_cnf\utdrikk_vann.htm --> ftp.stud.ntnu.no /usr/local/www.studorg/telemark/bilder/stryn/pages/_vti_cnf utdrikk_vann.htm
2002.07.10 14:23 B I:\sindre\stryn\pages\_vti_cnf\utdrikk_vann2.htm --> ftp.stud.ntnu.no /usr/local/www.studorg/telemark/bilder/stryn/pages/_vti_cnf utdrikk_vann2.htm
